<?xml version="1.0" encoding="UTF-8"?>
<testsuite name="org.springside.modules.utils.collection.type.primitive.LongObjectHashMap_ESTest" time="0.141" tests="332" errors="0" skipped="45" failures="0">
  <properties>
[...]
</properties>
  <testcase name="test915" classname="org.springside.modules.utils.collection.type.primitive.LongObjectHashMap_ESTest" time="0.001"/>
  <testcase name="test914" classname="org.springside.modules.utils.collection.type.primitive.LongObjectHashMap_ESTest" time="0"/>
  <testcase name="test913" classname="org.springside.modules.utils.collection.type.primitive.LongObjectHashMap_ESTest" time="0.001"/>
  <testcase name="test63" classname="org.springside.modules.utils.collection.type.primitive.LongObjectHashMap_ESTest" time="0"/>
  <testcase name="test1086" classname="org.springside.modules.utils.collection.type.primitive.LongObjectHashMap_ESTest" time="0"/>
  <testcase name="test355" classname="org.springside.modules.utils.collection.type.primitive.LongObjectHashMap_ESTest" time="0.001"/>
  <testcase name="test239" classname="org.springside.modules.utils.collection.type.primitive.LongObjectHashMap_ESTest" time="0"/>
  <testcase name="test4" classname="org.springside.modules.utils.collection.type.primitive.LongObjectHashMap_ESTest" time="0.001"/>
  <testcase name="test3" classname="org.springside.modules.utils.collection.type.primitive.LongObjectHashMap_ESTest" time="0"/>
  <testcase name="test237" classname="org.springside.modules.utils.collection.type.primitive.LongObjectHashMap_ESTest" time="0"/>
  <testcase name="test358" classname="org.springside.modules.utils.collection.type.primitive.LongObjectHashMap_ESTest" time="0.001"/>
  <testcase name="test1525" classname="org.springside.modules.utils.collection.type.primitive.LongObjectHashMap_ESTest" time="0"/>
  <testcase name="test1646" classname="org.springside.modules.utils.collection.type.primitive.LongObjectHashMap_ESTest" time="0.001"/>
  <testcase name="test1406" classname="org.springside.modules.utils.collection.type.primitive.LongObjectHashMap_ESTest" time="0"/>
  <testcase name="test64" classname="org.springside.modules.utils.collection.type.primitive.LongObjectHashMap_ESTest" time="0.001"/>
  <testcase name="test1520" classname="org.springside.modules.utils.collection.type.primitive.LongObjectHashMap_ESTest" time="0.001"/>
  <testcase name="test1401" classname="org.springside.modules.utils.collection.type.primitive.LongObjectHashMap_ESTest" time="0"/>
  <testcase name="test805" classname="org.springside.modules.utils.collection.type.primitive.LongObjectHashMap_ESTest" time="0.001"/>
  <testcase name="test803" classname="org.springside.modules.utils.collection.type.primitive.LongObjectHashMap_ESTest" time="0"/>
  <testcase name="test1192" classname="org.springside.modules.utils.collection.type.primitive.LongObjectHashMap_ESTest" time="0">
    <skipped/>
  </testcase>
  <testcase name="test923" classname="org.springside.modules.utils.collection.type.primitive.LongObjectHashMap_ESTest" time="0.001"/>
  <testcase name="test1073" classname="org.springside.modules.utils.collection.type.primitive.LongObjectHashMap_ESTest" time="0.001"/>
  <testcase name="test1072" classname="org.springside.modules.utils.collection.type.primitive.LongObjectHashMap_ESTest" time="0"/>
  <testcase name="test807" classname="org.springside.modules.utils.collection.type.primitive.LongObjectHashMap_ESTest" time="0.001"/>
  <testcase name="test928" classname="org.springside.modules.utils.collection.type.primitive.LongObjectHashMap_ESTest" time="0"/>
  <testcase name="test1075" classname="org.springside.modules.utils.collection.type.primitive.LongObjectHashMap_ESTest" time="0.001"/>
  <testcase name="test71" classname="org.springside.modules.utils.collection.type.primitive.LongObjectHashMap_ESTest" time="0"/>
  <testcase name="test927" classname="org.springside.modules.utils.collection.type.primitive.LongObjectHashMap_ESTest" time="0"/>
  <testcase name="test486" classname="org.springside.modules.utils.collection.type.primitive.LongObjectHashMap_ESTest" time="0.001"/>
  <testcase name="test922" classname="org.springside.modules.utils.collection.type.primitive.LongObjectHashMap_ESTest" time="0"/>
  <testcase name="test920" classname="org.springside.modules.utils.collection.type.primitive.LongObjectHashMap_ESTest" time="0"/>
  <testcase name="test370" classname="org.springside.modules.utils.collection.type.primitive.LongObjectHashMap_ESTest" time="0.001"/>
  <testcase name="test491" classname="org.springside.modules.utils.collection.type.primitive.LongObjectHashMap_ESTest" time="0.001"/>
  <testcase name="test1513" classname="org.springside.modules.utils.collection.type.primitive.LongObjectHashMap_ESTest" time="0"/>
  <testcase name="test1634" classname="org.springside.modules.utils.collection.type.primitive.LongObjectHashMap_ESTest" time="0.001"/>
  <testcase name="test1637" classname="org.springside.modules.utils.collection.type.primitive.LongObjectHashMap_ESTest" time="0"/>
  <testcase name="test251" classname="org.springside.modules.utils.collection.type.primitive.LongObjectHashMap_ESTest" time="0"/>
  <testcase name="test493" classname="org.springside.modules.utils.collection.type.primitive.LongObjectHashMap_ESTest" time="0.001"/>
  <testcase name="test1198" classname="org.springside.modules.utils.collection.type.primitive.LongObjectHashMap_ESTest" time="0.001"/>
  <testcase name="test1079" classname="org.springside.modules.utils.collection.type.primitive.LongObjectHashMap_ESTest" time="0"/>
  <testcase name="test1630" classname="org.springside.modules.utils.collection.type.primitive.LongObjectHashMap_ESTest" time="0.001"/>
  <testcase name="test1181" classname="org.springside.modules.utils.collection.type.primitive.LongObjectHashMap_ESTest" time="0">
    <skipped/>
  </testcase>
  <testcase name="test219" classname="org.springside.modules.utils.collection.type.primitive.LongObjectHashMap_ESTest" time="0.001"/>
  <testcase name="test1183" classname="org.springside.modules.utils.collection.type.primitive.LongObjectHashMap_ESTest" time="0">
    <skipped/>
  </testcase>
  <testcase name="test40" classname="org.springside.modules.utils.collection.type.primitive.LongObjectHashMap_ESTest" time="0"/>
  <testcase name="test1064" classname="org.springside.modules.utils.collection.type.primitive.LongObjectHashMap_ESTest" time="0.001"/>
  <testcase name="test1184" classname="org.springside.modules.utils.collection.type.primitive.LongObjectHashMap_ESTest" time="0">
    <skipped/>
  </testcase>
  <testcase name="test335" classname="org.springside.modules.utils.collection.type.primitive.LongObjectHashMap_ESTest" time="0"/>
  <testcase name="test455" classname="org.springside.modules.utils.collection.type.primitive.LongObjectHashMap_ESTest" time="0.001"/>
  <testcase name="test454" classname="org.springside.modules.utils.collection.type.primitive.LongObjectHashMap_ESTest" time="0"/>
  <testcase name="test696" classname="org.springside.modules.utils.collection.type.primitive.LongObjectHashMap_ESTest" time="0"/>
  <testcase name="test211" classname="org.springside.modules.utils.collection.type.primitive.LongObjectHashMap_ESTest" time="0.001"/>
  <testcase name="test695" classname="org.springside.modules.utils.collection.type.primitive.LongObjectHashMap_ESTest" time="0"/>
  <testcase name="test458" classname="org.springside.modules.utils.collection.type.primitive.LongObjectHashMap_ESTest" time="0"/>
  <testcase name="test578" classname="org.springside.modules.utils.collection.type.primitive.LongObjectHashMap_ESTest" time="0"/>
  <testcase name="test1504" classname="org.springside.modules.utils.collection.type.primitive.LongObjectHashMap_ESTest" time="0"/>
  <testcase name="test1507" classname="org.springside.modules.utils.collection.type.primitive.LongObjectHashMap_ESTest" time="0.001"/>
  <testcase name="test220" classname="org.springside.modules.utils.collection.type.primitive.LongObjectHashMap_ESTest" time="0"/>
  <testcase name="test1509" classname="org.springside.modules.utils.collection.type.primitive.LongObjectHashMap_ESTest" time="0.001"/>
  <testcase name="test460" classname="org.springside.modules.utils.collection.type.primitive.LongObjectHashMap_ESTest" time="0"/>
  <testcase name="test1187" classname="org.springside.modules.utils.collection.type.primitive.LongObjectHashMap_ESTest" time="0">
    <skipped/>
  </testcase>
  <testcase name="test1065" classname="org.springside.modules.utils.collection.type.primitive.LongObjectHashMap_ESTest" time="0.001"/>
  <testcase name="test45" classname="org.springside.modules.utils.collection.type.primitive.LongObjectHashMap_ESTest" time="0"/>
  <testcase name="test1068" classname="org.springside.modules.utils.collection.type.primitive.LongObjectHashMap_ESTest" time="0.001"/>
  <testcase name="test1188" classname="org.springside.modules.utils.collection.type.primitive.LongObjectHashMap_ESTest" time="0">
    <skipped/>
  </testcase>
  <testcase name="test1069" classname="org.springside.modules.utils.collection.type.primitive.LongObjectHashMap_ESTest" time="0.001"/>
  <testcase name="test46" classname="org.springside.modules.utils.collection.type.primitive.LongObjectHashMap_ESTest" time="0.001"/>
  <testcase name="test904" classname="org.springside.modules.utils.collection.type.primitive.LongObjectHashMap_ESTest" time="0">
    <skipped/>
  </testcase>
  <testcase name="test902" classname="org.springside.modules.utils.collection.type.primitive.LongObjectHashMap_ESTest" time="0">
    <skipped/>
  </testcase>
  <testcase name="test1171" classname="org.springside.modules.utils.collection.type.primitive.LongObjectHashMap_ESTest" time="0">
    <skipped/>
  </testcase>
  <testcase name="test52" classname="org.springside.modules.utils.collection.type.primitive.LongObjectHashMap_ESTest" time="0"/>
  <testcase name="test1295" classname="org.springside.modules.utils.collection.type.primitive.LongObjectHashMap_ESTest" time="0.001"/>
  <testcase name="test905" classname="org.springside.modules.utils.collection.type.primitive.LongObjectHashMap_ESTest" time="0">
    <skipped/>
  </testcase>
  <testcase name="test_nothing" classname="org.springside.modules.utils.collection.type.primitive.LongObjectHashMap_ESTest" time="0.001"/>
  <testcase name="test465" classname="org.springside.modules.utils.collection.type.primitive.LongObjectHashMap_ESTest" time="0"/>
  <testcase name="test222" classname="org.springside.modules.utils.collection.type.primitive.LongObjectHashMap_ESTest" time="0.001"/>
  <testcase name="test464" classname="org.springside.modules.utils.collection.type.primitive.LongObjectHashMap_ESTest" time="0"/>
  <testcase name="test108" classname="org.springside.modules.utils.collection.type.primitive.LongObjectHashMap_ESTest" time="0.001"/>
  <testcase name="test107" classname="org.springside.modules.utils.collection.type.primitive.LongObjectHashMap_ESTest" time="0.001"/>
  <testcase name="test349" classname="org.springside.modules.utils.collection.type.primitive.LongObjectHashMap_ESTest" time="0"/>
  <testcase name="test589" classname="org.springside.modules.utils.collection.type.primitive.LongObjectHashMap_ESTest" time="0.001"/>
  <testcase name="test111" classname="org.springside.modules.utils.collection.type.primitive.LongObjectHashMap_ESTest" time="0.001"/>
  <testcase name="test595" classname="org.springside.modules.utils.collection.type.primitive.LongObjectHashMap_ESTest" time="0"/>
  <testcase name="test1617" classname="org.springside.modules.utils.collection.type.primitive.LongObjectHashMap_ESTest" time="0.001"/>
  <testcase name="test110" classname="org.springside.modules.utils.collection.type.primitive.LongObjectHashMap_ESTest" time="0.001"/>
  <testcase name="test230" classname="org.springside.modules.utils.collection.type.primitive.LongObjectHashMap_ESTest" time="0.001"/>
  <testcase name="test1176" classname="org.springside.modules.utils.collection.type.primitive.LongObjectHashMap_ESTest" time="0">
    <skipped/>
  </testcase>
  <testcase name="test1175" classname="org.springside.modules.utils.collection.type.primitive.LongObjectHashMap_ESTest" time="0">
    <skipped/>
  </testcase>
  <testcase name="test909" classname="org.springside.modules.utils.collection.type.primitive.LongObjectHashMap_ESTest" time="0"/>
  <testcase name="test54" classname="org.springside.modules.utils.collection.type.primitive.LongObjectHashMap_ESTest" time="0.001"/>
  <testcase name="test1059" classname="org.springside.modules.utils.collection.type.primitive.LongObjectHashMap_ESTest" time="0"/>
  <testcase name="test1611" classname="org.springside.modules.utils.collection.type.primitive.LongObjectHashMap_ESTest" time="0.001"/>
  <testcase name="test57" classname="org.springside.modules.utils.collection.type.primitive.LongObjectHashMap_ESTest" time="0"/>
  <testcase name="test58" classname="org.springside.modules.utils.collection.type.primitive.LongObjectHashMap_ESTest" time="0.001"/>
  <testcase name="test838" classname="org.springside.modules.utils.collection.type.primitive.LongObjectHashMap_ESTest" time="0"/>
  <testcase name="test837" classname="org.springside.modules.utils.collection.type.primitive.LongObjectHashMap_ESTest" time="0.001"/>
  <testcase name="test957" classname="org.springside.modules.utils.collection.type.primitive.LongObjectHashMap_ESTest" time="0"/>
  <testcase name="test956" classname="org.springside.modules.utils.collection.type.primitive.LongObjectHashMap_ESTest" time="0.001"/>
  <testcase name="test1161" classname="org.springside.modules.utils.collection.type.primitive.LongObjectHashMap_ESTest" time="0">
    <skipped/>
  </testcase>
  <testcase name="test1284" classname="org.springside.modules.utils.collection.type.primitive.LongObjectHashMap_ESTest" time="0"/>
  <testcase name="test951" classname="org.springside.modules.utils.collection.type.primitive.LongObjectHashMap_ESTest" time="0"/>
  <testcase name="test278" classname="org.springside.modules.utils.collection.type.primitive.LongObjectHashMap_ESTest" time="0.001"/>
  <testcase name="test833" classname="org.springside.modules.utils.collection.type.primitive.LongObjectHashMap_ESTest" time="0.001"/>
  <testcase name="test28" classname="org.springside.modules.utils.collection.type.primitive.LongObjectHashMap_ESTest" time="0"/>
  <testcase name="test164" classname="org.springside.modules.utils.collection.type.primitive.LongObjectHashMap_ESTest" time="0.002"/>
  <testcase name="test1169" classname="org.springside.modules.utils.collection.type.primitive.LongObjectHashMap_ESTest" time="0">
    <skipped/>
  </testcase>
  <testcase name="test1047" classname="org.springside.modules.utils.collection.type.primitive.LongObjectHashMap_ESTest" time="0"/>
  <testcase name="test1600" classname="org.springside.modules.utils.collection.type.primitive.LongObjectHashMap_ESTest" time="0.001"/>
  <testcase name="test607" classname="org.springside.modules.utils.collection.type.primitive.LongObjectHashMap_ESTest" time="0.001"/>
  <testcase name="test728" classname="org.springside.modules.utils.collection.type.primitive.LongObjectHashMap_ESTest" time="0"/>
  <testcase name="test727" classname="org.springside.modules.utils.collection.type.primitive.LongObjectHashMap_ESTest" time="0"/>
  <testcase name="test726" classname="org.springside.modules.utils.collection.type.primitive.LongObjectHashMap_ESTest" time="0"/>
  <testcase name="test968" classname="org.springside.modules.utils.collection.type.primitive.LongObjectHashMap_ESTest" time="0"/>
  <testcase name="test967" classname="org.springside.modules.utils.collection.type.primitive.LongObjectHashMap_ESTest" time="0.001"/>
  <testcase name="test1392" classname="org.springside.modules.utils.collection.type.primitive.LongObjectHashMap_ESTest" time="0"/>
  <testcase name="test1151" classname="org.springside.modules.utils.collection.type.primitive.LongObjectHashMap_ESTest" time="0">
    <skipped/>
  </testcase>
  <testcase name="test962" classname="org.springside.modules.utils.collection.type.primitive.LongObjectHashMap_ESTest" time="0.001"/>
  <testcase name="test602" classname="org.springside.modules.utils.collection.type.primitive.LongObjectHashMap_ESTest" time="0"/>
  <testcase name="test601" classname="org.springside.modules.utils.collection.type.primitive.LongObjectHashMap_ESTest" time="0"/>
  <testcase name="test292" classname="org.springside.modules.utils.collection.type.primitive.LongObjectHashMap_ESTest" time="0.001"/>
  <testcase name="test170" classname="org.springside.modules.utils.collection.type.primitive.LongObjectHashMap_ESTest" time="0.001"/>
  <testcase name="test291" classname="org.springside.modules.utils.collection.type.primitive.LongObjectHashMap_ESTest" time="0"/>
  <testcase name="test176" classname="org.springside.modules.utils.collection.type.primitive.LongObjectHashMap_ESTest" time="0.001"/>
  <testcase name="test296" classname="org.springside.modules.utils.collection.type.primitive.LongObjectHashMap_ESTest" time="0.001"/>
  <testcase name="test1395" classname="org.springside.modules.utils.collection.type.primitive.LongObjectHashMap_ESTest" time="0"/>
  <testcase name="test1156" classname="org.springside.modules.utils.collection.type.primitive.LongObjectHashMap_ESTest" time="0">
    <skipped/>
  </testcase>
  <testcase name="test1155" classname="org.springside.modules.utils.collection.type.primitive.LongObjectHashMap_ESTest" time="0">
    <skipped/>
  </testcase>
  <testcase name="test1157" classname="org.springside.modules.utils.collection.type.primitive.LongObjectHashMap_ESTest" time="0">
    <skipped/>
  </testcase>
  <testcase name="test1278" classname="org.springside.modules.utils.collection.type.primitive.LongObjectHashMap_ESTest" time="0"/>
  <testcase name="test35" classname="org.springside.modules.utils.collection.type.primitive.LongObjectHashMap_ESTest" time="0.001"/>
  <testcase name="test1038" classname="org.springside.modules.utils.collection.type.primitive.LongObjectHashMap_ESTest" time="0"/>
  <testcase name="test937" classname="org.springside.modules.utils.collection.type.primitive.LongObjectHashMap_ESTest" time="0.001"/>
  <testcase name="test936" classname="org.springside.modules.utils.collection.type.primitive.LongObjectHashMap_ESTest" time="0"/>
  <testcase name="test818" classname="org.springside.modules.utils.collection.type.primitive.LongObjectHashMap_ESTest" time="0.001"/>
  <testcase name="test1141" classname="org.springside.modules.utils.collection.type.primitive.LongObjectHashMap_ESTest" time="0">
    <skipped/>
  </testcase>
  <testcase name="test1262" classname="org.springside.modules.utils.collection.type.primitive.LongObjectHashMap_ESTest" time="0"/>
  <testcase name="test817" classname="org.springside.modules.utils.collection.type.primitive.LongObjectHashMap_ESTest" time="0.001"/>
  <testcase name="test938" classname="org.springside.modules.utils.collection.type.primitive.LongObjectHashMap_ESTest" time="0"/>
  <testcase name="test1382" classname="org.springside.modules.utils.collection.type.primitive.LongObjectHashMap_ESTest" time="0.001"/>
  <testcase name="test136" classname="org.springside.modules.utils.collection.type.primitive.LongObjectHashMap_ESTest" time="0.001"/>
  <testcase name="test497" classname="org.springside.modules.utils.collection.type.primitive.LongObjectHashMap_ESTest" time="0"/>
  <testcase name="test933" classname="org.springside.modules.utils.collection.type.primitive.LongObjectHashMap_ESTest" time="0.001"/>
  <testcase name="test260" classname="org.springside.modules.utils.collection.type.primitive.LongObjectHashMap_ESTest" time="0.001"/>
  <testcase name="test385" classname="org.springside.modules.utils.collection.type.primitive.LongObjectHashMap_ESTest" time="0.001"/>
  <testcase name="test262" classname="org.springside.modules.utils.collection.type.primitive.LongObjectHashMap_ESTest" time="0"/>
  <testcase name="test1266" classname="org.springside.modules.utils.collection.type.primitive.LongObjectHashMap_ESTest" time="0.001"/>
  <testcase name="test1147" classname="org.springside.modules.utils.collection.type.primitive.LongObjectHashMap_ESTest" time="0">
    <skipped/>
  </testcase>
  <testcase name="test1389" classname="org.springside.modules.utils.collection.type.primitive.LongObjectHashMap_ESTest" time="0"/>
  <testcase name="test1146" classname="org.springside.modules.utils.collection.type.primitive.LongObjectHashMap_ESTest" time="0">
    <skipped/>
  </testcase>
  <testcase name="test1267" classname="org.springside.modules.utils.collection.type.primitive.LongObjectHashMap_ESTest" time="0.003"/>
  <testcase name="test1148" classname="org.springside.modules.utils.collection.type.primitive.LongObjectHashMap_ESTest" time="0">
    <skipped/>
  </testcase>
  <testcase name="test827" classname="org.springside.modules.utils.collection.type.primitive.LongObjectHashMap_ESTest" time="0"/>
  <testcase name="test705" classname="org.springside.modules.utils.collection.type.primitive.LongObjectHashMap_ESTest" time="0"/>
  <testcase name="test946" classname="org.springside.modules.utils.collection.type.primitive.LongObjectHashMap_ESTest" time="0.001"/>
  <testcase name="test824" classname="org.springside.modules.utils.collection.type.primitive.LongObjectHashMap_ESTest" time="0"/>
  <testcase name="test1370" classname="org.springside.modules.utils.collection.type.primitive.LongObjectHashMap_ESTest" time="0"/>
  <testcase name="test1490" classname="org.springside.modules.utils.collection.type.primitive.LongObjectHashMap_ESTest" time="0"/>
  <testcase name="test829" classname="org.springside.modules.utils.collection.type.primitive.LongObjectHashMap_ESTest" time="0.001"/>
  <testcase name="test1251" classname="org.springside.modules.utils.collection.type.primitive.LongObjectHashMap_ESTest" time="0"/>
  <testcase name="test828" classname="org.springside.modules.utils.collection.type.primitive.LongObjectHashMap_ESTest" time="0"/>
  <testcase name="test949" classname="org.springside.modules.utils.collection.type.primitive.LongObjectHashMap_ESTest" time="0.001"/>
  <testcase name="test1492" classname="org.springside.modules.utils.collection.type.primitive.LongObjectHashMap_ESTest" time="0"/>
  <testcase name="test147" classname="org.springside.modules.utils.collection.type.primitive.LongObjectHashMap_ESTest" time="0.001"/>
  <testcase name="test266" classname="org.springside.modules.utils.collection.type.primitive.LongObjectHashMap_ESTest" time="0"/>
  <testcase name="test387" classname="org.springside.modules.utils.collection.type.primitive.LongObjectHashMap_ESTest" time="0.001"/>
  <testcase name="test823" classname="org.springside.modules.utils.collection.type.primitive.LongObjectHashMap_ESTest" time="0"/>
  <testcase name="test944" classname="org.springside.modules.utils.collection.type.primitive.LongObjectHashMap_ESTest" time="0"/>
  <testcase name="test700" classname="org.springside.modules.utils.collection.type.primitive.LongObjectHashMap_ESTest" time="0.001"/>
  <testcase name="test942" classname="org.springside.modules.utils.collection.type.primitive.LongObjectHashMap_ESTest" time="0"/>
  <testcase name="test155" classname="org.springside.modules.utils.collection.type.primitive.LongObjectHashMap_ESTest" time="0.001"/>
  <testcase name="test273" classname="org.springside.modules.utils.collection.type.primitive.LongObjectHashMap_ESTest" time="0"/>
  <testcase name="test1253" classname="org.springside.modules.utils.collection.type.primitive.LongObjectHashMap_ESTest" time="0.001"/>
  <testcase name="test1252" classname="org.springside.modules.utils.collection.type.primitive.LongObjectHashMap_ESTest" time="0"/>
  <testcase name="test1373" classname="org.springside.modules.utils.collection.type.primitive.LongObjectHashMap_ESTest" time="0"/>
  <testcase name="test1013" classname="org.springside.modules.utils.collection.type.primitive.LongObjectHashMap_ESTest" time="0"/>
  <testcase name="test1136" classname="org.springside.modules.utils.collection.type.primitive.LongObjectHashMap_ESTest" time="0">
    <skipped/>
  </testcase>
  <testcase name="test1257" classname="org.springside.modules.utils.collection.type.primitive.LongObjectHashMap_ESTest" time="0"/>
  <testcase name="test1377" classname="org.springside.modules.utils.collection.type.primitive.LongObjectHashMap_ESTest" time="0.001"/>
  <testcase name="test1017" classname="org.springside.modules.utils.collection.type.primitive.LongObjectHashMap_ESTest" time="0"/>
  <testcase name="test1137" classname="org.springside.modules.utils.collection.type.primitive.LongObjectHashMap_ESTest" time="0">
    <skipped/>
  </testcase>
  <testcase name="test518" classname="org.springside.modules.utils.collection.type.primitive.LongObjectHashMap_ESTest" time="0"/>
  <testcase name="test516" classname="org.springside.modules.utils.collection.type.primitive.LongObjectHashMap_ESTest" time="0.001"/>
  <testcase name="test879" classname="org.springside.modules.utils.collection.type.primitive.LongObjectHashMap_ESTest" time="0">
    <skipped/>
  </testcase>
  <testcase name="test871" classname="org.springside.modules.utils.collection.type.primitive.LongObjectHashMap_ESTest" time="0">
    <skipped/>
  </testcase>
  <testcase name="test878" classname="org.springside.modules.utils.collection.type.primitive.LongObjectHashMap_ESTest" time="0">
    <skipped/>
  </testcase>
  <testcase name="test877" classname="org.springside.modules.utils.collection.type.primitive.LongObjectHashMap_ESTest" time="0">
    <skipped/>
  </testcase>
  <testcase name="test513" classname="org.springside.modules.utils.collection.type.primitive.LongObjectHashMap_ESTest" time="0.001"/>
  <testcase name="test512" classname="org.springside.modules.utils.collection.type.primitive.LongObjectHashMap_ESTest" time="0.001"/>
  <testcase name="test1008" classname="org.springside.modules.utils.collection.type.primitive.LongObjectHashMap_ESTest" time="0"/>
  <testcase name="test1009" classname="org.springside.modules.utils.collection.type.primitive.LongObjectHashMap_ESTest" time="0.001"/>
  <testcase name="test1242" classname="org.springside.modules.utils.collection.type.primitive.LongObjectHashMap_ESTest" time="0.001"/>
  <testcase name="test1363" classname="org.springside.modules.utils.collection.type.primitive.LongObjectHashMap_ESTest" time="0"/>
  <testcase name="test1243" classname="org.springside.modules.utils.collection.type.primitive.LongObjectHashMap_ESTest" time="0.001"/>
  <testcase name="test1004" classname="org.springside.modules.utils.collection.type.primitive.LongObjectHashMap_ESTest" time="0"/>
  <testcase name="test529" classname="org.springside.modules.utils.collection.type.primitive.LongObjectHashMap_ESTest" time="0.001"/>
  <testcase name="test407" classname="org.springside.modules.utils.collection.type.primitive.LongObjectHashMap_ESTest" time="0"/>
  <testcase name="test1471" classname="org.springside.modules.utils.collection.type.primitive.LongObjectHashMap_ESTest" time="0.001"/>
  <testcase name="test1470" classname="org.springside.modules.utils.collection.type.primitive.LongObjectHashMap_ESTest" time="0"/>
  <testcase name="test522" classname="org.springside.modules.utils.collection.type.primitive.LongObjectHashMap_ESTest" time="0.001"/>
  <testcase name="test521" classname="org.springside.modules.utils.collection.type.primitive.LongObjectHashMap_ESTest" time="0"/>
  <testcase name="test884" classname="org.springside.modules.utils.collection.type.primitive.LongObjectHashMap_ESTest" time="0">
    <skipped/>
  </testcase>
  <testcase name="test641" classname="org.springside.modules.utils.collection.type.primitive.LongObjectHashMap_ESTest" time="0"/>
  <testcase name="test883" classname="org.springside.modules.utils.collection.type.primitive.LongObjectHashMap_ESTest" time="0">
    <skipped/>
  </testcase>
  <testcase name="test761" classname="org.springside.modules.utils.collection.type.primitive.LongObjectHashMap_ESTest" time="0"/>
  <testcase name="test882" classname="org.springside.modules.utils.collection.type.primitive.LongObjectHashMap_ESTest" time="0">
    <skipped/>
  </testcase>
  <testcase name="test647" classname="org.springside.modules.utils.collection.type.primitive.LongObjectHashMap_ESTest" time="0.001"/>
  <testcase name="test766" classname="org.springside.modules.utils.collection.type.primitive.LongObjectHashMap_ESTest" time="0"/>
  <testcase name="test765" classname="org.springside.modules.utils.collection.type.primitive.LongObjectHashMap_ESTest" time="0"/>
  <testcase name="test892" classname="org.springside.modules.utils.collection.type.primitive.LongObjectHashMap_ESTest" time="0">
    <skipped/>
  </testcase>
  <testcase name="test891" classname="org.springside.modules.utils.collection.type.primitive.LongObjectHashMap_ESTest" time="0">
    <skipped/>
  </testcase>
  <testcase name="test890" classname="org.springside.modules.utils.collection.type.primitive.LongObjectHashMap_ESTest" time="0">
    <skipped/>
  </testcase>
  <testcase name="test1110" classname="org.springside.modules.utils.collection.type.primitive.LongObjectHashMap_ESTest" time="0.001"/>
  <testcase name="test1595" classname="org.springside.modules.utils.collection.type.primitive.LongObjectHashMap_ESTest" time="0"/>
  <testcase name="test1477" classname="org.springside.modules.utils.collection.type.primitive.LongObjectHashMap_ESTest" time="0.001"/>
  <testcase name="test1116" classname="org.springside.modules.utils.collection.type.primitive.LongObjectHashMap_ESTest" time="0"/>
  <testcase name="test1115" classname="org.springside.modules.utils.collection.type.primitive.LongObjectHashMap_ESTest" time="0"/>
  <testcase name="test739" classname="org.springside.modules.utils.collection.type.primitive.LongObjectHashMap_ESTest" time="0.001"/>
  <testcase name="test616" classname="org.springside.modules.utils.collection.type.primitive.LongObjectHashMap_ESTest" time="0"/>
  <testcase name="test857" classname="org.springside.modules.utils.collection.type.primitive.LongObjectHashMap_ESTest" time="0">
    <skipped/>
  </testcase>
  <testcase name="test1460" classname="org.springside.modules.utils.collection.type.primitive.LongObjectHashMap_ESTest" time="0"/>
  <testcase name="test973" classname="org.springside.modules.utils.collection.type.primitive.LongObjectHashMap_ESTest" time="0"/>
  <testcase name="test972" classname="org.springside.modules.utils.collection.type.primitive.LongObjectHashMap_ESTest" time="0"/>
  <testcase name="test299" classname="org.springside.modules.utils.collection.type.primitive.LongObjectHashMap_ESTest" time="0.001"/>
  <testcase name="test735" classname="org.springside.modules.utils.collection.type.primitive.LongObjectHashMap_ESTest" time="0"/>
  <testcase name="test856" classname="org.springside.modules.utils.collection.type.primitive.LongObjectHashMap_ESTest" time="0">
    <skipped/>
  </testcase>
  <testcase name="test734" classname="org.springside.modules.utils.collection.type.primitive.LongObjectHashMap_ESTest" time="0"/>
  <testcase name="test612" classname="org.springside.modules.utils.collection.type.primitive.LongObjectHashMap_ESTest" time="0.001"/>
  <testcase name="test611" classname="org.springside.modules.utils.collection.type.primitive.LongObjectHashMap_ESTest" time="0"/>
  <testcase name="test732" classname="org.springside.modules.utils.collection.type.primitive.LongObjectHashMap_ESTest" time="0"/>
  <testcase name="test1349" classname="org.springside.modules.utils.collection.type.primitive.LongObjectHashMap_ESTest" time="0.001"/>
  <testcase name="test1462" classname="org.springside.modules.utils.collection.type.primitive.LongObjectHashMap_ESTest" time="0"/>
  <testcase name="test1340" classname="org.springside.modules.utils.collection.type.primitive.LongObjectHashMap_ESTest" time="0.001"/>
  <testcase name="test1461" classname="org.springside.modules.utils.collection.type.primitive.LongObjectHashMap_ESTest" time="0"/>
  <testcase name="test1101" classname="org.springside.modules.utils.collection.type.primitive.LongObjectHashMap_ESTest" time="0"/>
  <testcase name="test1343" classname="org.springside.modules.utils.collection.type.primitive.LongObjectHashMap_ESTest" time="0"/>
  <testcase name="test1345" classname="org.springside.modules.utils.collection.type.primitive.LongObjectHashMap_ESTest" time="0.001"/>
  <testcase name="test1466" classname="org.springside.modules.utils.collection.type.primitive.LongObjectHashMap_ESTest" time="0"/>
  <testcase name="test1225" classname="org.springside.modules.utils.collection.type.primitive.LongObjectHashMap_ESTest" time="0.001"/>
  <testcase name="test505" classname="org.springside.modules.utils.collection.type.primitive.LongObjectHashMap_ESTest" time="0.001"/>
  <testcase name="test1570" classname="org.springside.modules.utils.collection.type.primitive.LongObjectHashMap_ESTest" time="0"/>
  <testcase name="test862" classname="org.springside.modules.utils.collection.type.primitive.LongObjectHashMap_ESTest" time="0">
    <skipped/>
  </testcase>
  <testcase name="test861" classname="org.springside.modules.utils.collection.type.primitive.LongObjectHashMap_ESTest" time="0">
    <skipped/>
  </testcase>
  <testcase name="test867" classname="org.springside.modules.utils.collection.type.primitive.LongObjectHashMap_ESTest" time="0">
    <skipped/>
  </testcase>
  <testcase name="test988" classname="org.springside.modules.utils.collection.type.primitive.LongObjectHashMap_ESTest" time="0"/>
  <testcase name="test866" classname="org.springside.modules.utils.collection.type.primitive.LongObjectHashMap_ESTest" time="0">
    <skipped/>
  </testcase>
  <testcase name="test502" classname="org.springside.modules.utils.collection.type.primitive.LongObjectHashMap_ESTest" time="0"/>
  <testcase name="test986" classname="org.springside.modules.utils.collection.type.primitive.LongObjectHashMap_ESTest" time="0"/>
  <testcase name="test622" classname="org.springside.modules.utils.collection.type.primitive.LongObjectHashMap_ESTest" time="0"/>
  <testcase name="test1338" classname="org.springside.modules.utils.collection.type.primitive.LongObjectHashMap_ESTest" time="0.001"/>
  <testcase name="test1453" classname="org.springside.modules.utils.collection.type.primitive.LongObjectHashMap_ESTest" time="0"/>
  <testcase name="test191" classname="org.springside.modules.utils.collection.type.primitive.LongObjectHashMap_ESTest" time="0"/>
  <testcase name="test1334" classname="org.springside.modules.utils.collection.type.primitive.LongObjectHashMap_ESTest" time="0.001"/>
  <testcase name="test190" classname="org.springside.modules.utils.collection.type.primitive.LongObjectHashMap_ESTest" time="0"/>
  <testcase name="test1454" classname="org.springside.modules.utils.collection.type.primitive.LongObjectHashMap_ESTest" time="0.001"/>
  <testcase name="test439" classname="org.springside.modules.utils.collection.type.primitive.LongObjectHashMap_ESTest" time="0.001"/>
  <testcase name="test555" classname="org.springside.modules.utils.collection.type.primitive.LongObjectHashMap_ESTest" time="0"/>
  <testcase name="test311" classname="org.springside.modules.utils.collection.type.primitive.LongObjectHashMap_ESTest" time="0.001"/>
  <testcase name="test432" classname="org.springside.modules.utils.collection.type.primitive.LongObjectHashMap_ESTest" time="0.001"/>
  <testcase name="test553" classname="org.springside.modules.utils.collection.type.primitive.LongObjectHashMap_ESTest" time="0"/>
  <testcase name="test316" classname="org.springside.modules.utils.collection.type.primitive.LongObjectHashMap_ESTest" time="0.001"/>
  <testcase name="test315" classname="org.springside.modules.utils.collection.type.primitive.LongObjectHashMap_ESTest" time="0"/>
  <testcase name="test436" classname="org.springside.modules.utils.collection.type.primitive.LongObjectHashMap_ESTest" time="0.001"/>
  <testcase name="test557" classname="org.springside.modules.utils.collection.type.primitive.LongObjectHashMap_ESTest" time="0.001"/>
  <testcase name="test678" classname="org.springside.modules.utils.collection.type.primitive.LongObjectHashMap_ESTest" time="0"/>
  <testcase name="test799" classname="org.springside.modules.utils.collection.type.primitive.LongObjectHashMap_ESTest" time="0.001"/>
  <testcase name="test435" classname="org.springside.modules.utils.collection.type.primitive.LongObjectHashMap_ESTest" time="0.001"/>
  <testcase name="test556" classname="org.springside.modules.utils.collection.type.primitive.LongObjectHashMap_ESTest" time="0"/>
  <testcase name="test677" classname="org.springside.modules.utils.collection.type.primitive.LongObjectHashMap_ESTest" time="0.001"/>
  <testcase name="test1205" classname="org.springside.modules.utils.collection.type.primitive.LongObjectHashMap_ESTest" time="0.001"/>
  <testcase name="test1326" classname="org.springside.modules.utils.collection.type.primitive.LongObjectHashMap_ESTest" time="0"/>
  <testcase name="test1207" classname="org.springside.modules.utils.collection.type.primitive.LongObjectHashMap_ESTest" time="0.001"/>
  <testcase name="test1449" classname="org.springside.modules.utils.collection.type.primitive.LongObjectHashMap_ESTest" time="0"/>
  <testcase name="test562" classname="org.springside.modules.utils.collection.type.primitive.LongObjectHashMap_ESTest" time="0.001"/>
  <testcase name="test683" classname="org.springside.modules.utils.collection.type.primitive.LongObjectHashMap_ESTest" time="0"/>
  <testcase name="test440" classname="org.springside.modules.utils.collection.type.primitive.LongObjectHashMap_ESTest" time="0.001"/>
  <testcase name="test560" classname="org.springside.modules.utils.collection.type.primitive.LongObjectHashMap_ESTest" time="0.001"/>
  <testcase name="test1442" classname="org.springside.modules.utils.collection.type.primitive.LongObjectHashMap_ESTest" time="0"/>
  <testcase name="test1443" classname="org.springside.modules.utils.collection.type.primitive.LongObjectHashMap_ESTest" time="0.001"/>
  <testcase name="test687" classname="org.springside.modules.utils.collection.type.primitive.LongObjectHashMap_ESTest" time="0"/>
  <testcase name="test444" classname="org.springside.modules.utils.collection.type.primitive.LongObjectHashMap_ESTest" time="0.001"/>
  <testcase name="test201" classname="org.springside.modules.utils.collection.type.primitive.LongObjectHashMap_ESTest" time="0"/>
  <testcase name="test200" classname="org.springside.modules.utils.collection.type.primitive.LongObjectHashMap_ESTest" time="0.001"/>
  <testcase name="test321" classname="org.springside.modules.utils.collection.type.primitive.LongObjectHashMap_ESTest" time="0"/>
  <testcase name="test449" classname="org.springside.modules.utils.collection.type.primitive.LongObjectHashMap_ESTest" time="0"/>
  <testcase name="test206" classname="org.springside.modules.utils.collection.type.primitive.LongObjectHashMap_ESTest" time="0.001"/>
  <testcase name="test205" classname="org.springside.modules.utils.collection.type.primitive.LongObjectHashMap_ESTest" time="0"/>
  <testcase name="test689" classname="org.springside.modules.utils.collection.type.primitive.LongObjectHashMap_ESTest" time="0"/>
  <testcase name="test325" classname="org.springside.modules.utils.collection.type.primitive.LongObjectHashMap_ESTest" time="0.001"/>
  <testcase name="test1439" classname="org.springside.modules.utils.collection.type.primitive.LongObjectHashMap_ESTest" time="0.001"/>
  <testcase name="test210" classname="org.springside.modules.utils.collection.type.primitive.LongObjectHashMap_ESTest" time="0"/>
  <testcase name="test694" classname="org.springside.modules.utils.collection.type.primitive.LongObjectHashMap_ESTest" time="0"/>
  <testcase name="test330" classname="org.springside.modules.utils.collection.type.primitive.LongObjectHashMap_ESTest" time="0.001"/>
  <testcase name="test1319" classname="org.springside.modules.utils.collection.type.primitive.LongObjectHashMap_ESTest" time="0.001"/>
  <testcase name="test691" classname="org.springside.modules.utils.collection.type.primitive.LongObjectHashMap_ESTest" time="0"/>
  <testcase name="test1551" classname="org.springside.modules.utils.collection.type.primitive.LongObjectHashMap_ESTest" time="0.001"/>
  <testcase name="test539" classname="org.springside.modules.utils.collection.type.primitive.LongObjectHashMap_ESTest" time="0"/>
  <testcase name="test417" classname="org.springside.modules.utils.collection.type.primitive.LongObjectHashMap_ESTest" time="0.001"/>
  <testcase name="test896" classname="org.springside.modules.utils.collection.type.primitive.LongObjectHashMap_ESTest" time="0">
    <skipped/>
  </testcase>
  <testcase name="test895" classname="org.springside.modules.utils.collection.type.primitive.LongObjectHashMap_ESTest" time="0">
    <skipped/>
  </testcase>
  <testcase name="test535" classname="org.springside.modules.utils.collection.type.primitive.LongObjectHashMap_ESTest" time="0"/>
  <testcase name="test534" classname="org.springside.modules.utils.collection.type.primitive.LongObjectHashMap_ESTest" time="0"/>
  <testcase name="test897" classname="org.springside.modules.utils.collection.type.primitive.LongObjectHashMap_ESTest" time="0">
    <skipped/>
  </testcase>
  <testcase name="test1546" classname="org.springside.modules.utils.collection.type.primitive.LongObjectHashMap_ESTest" time="0"/>
  <testcase name="test661" classname="org.springside.modules.utils.collection.type.primitive.LongObjectHashMap_ESTest" time="0.001"/>
  <testcase name="test1420" classname="org.springside.modules.utils.collection.type.primitive.LongObjectHashMap_ESTest" time="0"/>
  <testcase name="test1541" classname="org.springside.modules.utils.collection.type.primitive.LongObjectHashMap_ESTest" time="0.001"/>
  <testcase name="test1540" classname="org.springside.modules.utils.collection.type.primitive.LongObjectHashMap_ESTest" time="0"/>
  <testcase name="test1300" classname="org.springside.modules.utils.collection.type.primitive.LongObjectHashMap_ESTest" time="0.001"/>
  <testcase name="test1545" classname="org.springside.modules.utils.collection.type.primitive.LongObjectHashMap_ESTest" time="0"/>
  <testcase name="test1423" classname="org.springside.modules.utils.collection.type.primitive.LongObjectHashMap_ESTest" time="0"/>
  <testcase name="test429" classname="org.springside.modules.utils.collection.type.primitive.LongObjectHashMap_ESTest" time="0.001"/>
  <testcase name="test1096" classname="org.springside.modules.utils.collection.type.primitive.LongObjectHashMap_ESTest" time="0.001"/>
  <testcase name="test423" classname="org.springside.modules.utils.collection.type.primitive.LongObjectHashMap_ESTest" time="0.001"/>
  <testcase name="test544" classname="org.springside.modules.utils.collection.type.primitive.LongObjectHashMap_ESTest" time="0"/>
  <testcase name="test301" classname="org.springside.modules.utils.collection.type.primitive.LongObjectHashMap_ESTest" time="0.001"/>
  <testcase name="test422" classname="org.springside.modules.utils.collection.type.primitive.LongObjectHashMap_ESTest" time="0.001"/>
  <testcase name="test306" classname="org.springside.modules.utils.collection.type.primitive.LongObjectHashMap_ESTest" time="0"/>
  <testcase name="test304" classname="org.springside.modules.utils.collection.type.primitive.LongObjectHashMap_ESTest" time="0.001"/>
  <testcase name="test424" classname="org.springside.modules.utils.collection.type.primitive.LongObjectHashMap_ESTest" time="0"/>
  <testcase name="test1536" classname="org.springside.modules.utils.collection.type.primitive.LongObjectHashMap_ESTest" time="0.001"/>
  <testcase name="test1657" classname="org.springside.modules.utils.collection.type.primitive.LongObjectHashMap_ESTest" time="0">
    <skipped/>
  </testcase>
  <testcase name="test1656" classname="org.springside.modules.utils.collection.type.primitive.LongObjectHashMap_ESTest" time="0">
    <skipped/>
  </testcase>
  <testcase name="test1417" classname="org.springside.modules.utils.collection.type.primitive.LongObjectHashMap_ESTest" time="0.001"/>
  <testcase name="test1537" classname="org.springside.modules.utils.collection.type.primitive.LongObjectHashMap_ESTest" time="0"/>
  <testcase name="test672" classname="org.springside.modules.utils.collection.type.primitive.LongObjectHashMap_ESTest" time="0.001"/>
  <testcase name="test793" classname="org.springside.modules.utils.collection.type.primitive.LongObjectHashMap_ESTest" time="0"/>
  <testcase name="test550" classname="org.springside.modules.utils.collection.type.primitive.LongObjectHashMap_ESTest" time="0"/>
  <testcase name="test1418" classname="org.springside.modules.utils.collection.type.primitive.LongObjectHashMap_ESTest" time="0.001"/>
  <testcase name="test1530" classname="org.springside.modules.utils.collection.type.primitive.LongObjectHashMap_ESTest" time="0"/>
  <testcase name="test1532" classname="org.springside.modules.utils.collection.type.primitive.LongObjectHashMap_ESTest" time="0.001"/>
  <testcase name="test1653" classname="org.springside.modules.utils.collection.type.primitive.LongObjectHashMap_ESTest" time="0.001"/>
  <testcase name="test1410" classname="org.springside.modules.utils.collection.type.primitive.LongObjectHashMap_ESTest" time="0"/>
</testsuite>