<?xml version="1.0" encoding="UTF-8"?>
<testsuite name="org.apache.commons.pool2.impl.LinkedBlockingDeque_ESTest" time="0.197" tests="411" errors="0" skipped="0" failures="0">
  <properties>
[...]
</properties>
  <testcase name="test2098" classname="org.apache.commons.pool2.impl.LinkedBlockingDeque_ESTest" time="0.001"/>
  <testcase name="test2099" classname="org.apache.commons.pool2.impl.LinkedBlockingDeque_ESTest" time="0"/>
  <testcase name="test2185" classname="org.apache.commons.pool2.impl.LinkedBlockingDeque_ESTest" time="0"/>
  <testcase name="test2181" classname="org.apache.commons.pool2.impl.LinkedBlockingDeque_ESTest" time="0.001"/>
  <testcase name="test1092" classname="org.apache.commons.pool2.impl.LinkedBlockingDeque_ESTest" time="0.002"/>
  <testcase name="test1090" classname="org.apache.commons.pool2.impl.LinkedBlockingDeque_ESTest" time="0.001"/>
  <testcase name="test1915" classname="org.apache.commons.pool2.impl.LinkedBlockingDeque_ESTest" time="0"/>
  <testcase name="test1913" classname="org.apache.commons.pool2.impl.LinkedBlockingDeque_ESTest" time="0.001"/>
  <testcase name="test1911" classname="org.apache.commons.pool2.impl.LinkedBlockingDeque_ESTest" time="0.001"/>
  <testcase name="test1921" classname="org.apache.commons.pool2.impl.LinkedBlockingDeque_ESTest" time="0"/>
  <testcase name="test187" classname="org.apache.commons.pool2.impl.LinkedBlockingDeque_ESTest" time="0.002"/>
  <testcase name="test2362" classname="org.apache.commons.pool2.impl.LinkedBlockingDeque_ESTest" time="0.004"/>
  <testcase name="test2369" classname="org.apache.commons.pool2.impl.LinkedBlockingDeque_ESTest" time="0.001"/>
  <testcase name="test2367" classname="org.apache.commons.pool2.impl.LinkedBlockingDeque_ESTest" time="0.001"/>
  <testcase name="test2368" classname="org.apache.commons.pool2.impl.LinkedBlockingDeque_ESTest" time="0"/>
  <testcase name="test1156" classname="org.apache.commons.pool2.impl.LinkedBlockingDeque_ESTest" time="0.001"/>
  <testcase name="test2365" classname="org.apache.commons.pool2.impl.LinkedBlockingDeque_ESTest" time="0"/>
  <testcase name="test2366" classname="org.apache.commons.pool2.impl.LinkedBlockingDeque_ESTest" time="0.001"/>
  <testcase name="test2363" classname="org.apache.commons.pool2.impl.LinkedBlockingDeque_ESTest" time="0"/>
  <testcase name="test2364" classname="org.apache.commons.pool2.impl.LinkedBlockingDeque_ESTest" time="0.001"/>
  <testcase name="test298" classname="org.apache.commons.pool2.impl.LinkedBlockingDeque_ESTest" time="0"/>
  <testcase name="test1163" classname="org.apache.commons.pool2.impl.LinkedBlockingDeque_ESTest" time="0.001"/>
  <testcase name="test2372" classname="org.apache.commons.pool2.impl.LinkedBlockingDeque_ESTest" time="0"/>
  <testcase name="test1162" classname="org.apache.commons.pool2.impl.LinkedBlockingDeque_ESTest" time="0.001"/>
  <testcase name="test1166" classname="org.apache.commons.pool2.impl.LinkedBlockingDeque_ESTest" time="0"/>
  <testcase name="test2498" classname="org.apache.commons.pool2.impl.LinkedBlockingDeque_ESTest" time="0.01"/>
  <testcase name="test1164" classname="org.apache.commons.pool2.impl.LinkedBlockingDeque_ESTest" time="0.001"/>
  <testcase name="test164" classname="org.apache.commons.pool2.impl.LinkedBlockingDeque_ESTest" time="0.001"/>
  <testcase name="test165" classname="org.apache.commons.pool2.impl.LinkedBlockingDeque_ESTest" time="0"/>
  <testcase name="test267" classname="org.apache.commons.pool2.impl.LinkedBlockingDeque_ESTest" time="0.001"/>
  <testcase name="test269" classname="org.apache.commons.pool2.impl.LinkedBlockingDeque_ESTest" time="0.001"/>
  <testcase name="test1371" classname="org.apache.commons.pool2.impl.LinkedBlockingDeque_ESTest" time="0.003"/>
  <testcase name="test2340" classname="org.apache.commons.pool2.impl.LinkedBlockingDeque_ESTest" time="0"/>
  <testcase name="test1370" classname="org.apache.commons.pool2.impl.LinkedBlockingDeque_ESTest" time="0.001"/>
  <testcase name="test2580" classname="org.apache.commons.pool2.impl.LinkedBlockingDeque_ESTest" time="0"/>
  <testcase name="test1138" classname="org.apache.commons.pool2.impl.LinkedBlockingDeque_ESTest" time="0"/>
  <testcase name="test2345" classname="org.apache.commons.pool2.impl.LinkedBlockingDeque_ESTest" time="0.001"/>
  <testcase name="test2343" classname="org.apache.commons.pool2.impl.LinkedBlockingDeque_ESTest" time="0"/>
  <testcase name="test1012" classname="org.apache.commons.pool2.impl.LinkedBlockingDeque_ESTest" time="0"/>
  <testcase name="test1375" classname="org.apache.commons.pool2.impl.LinkedBlockingDeque_ESTest" time="0.001"/>
  <testcase name="test2344" classname="org.apache.commons.pool2.impl.LinkedBlockingDeque_ESTest" time="0"/>
  <testcase name="test1253" classname="org.apache.commons.pool2.impl.LinkedBlockingDeque_ESTest" time="0.001"/>
  <testcase name="test1374" classname="org.apache.commons.pool2.impl.LinkedBlockingDeque_ESTest" time="0"/>
  <testcase name="test2341" classname="org.apache.commons.pool2.impl.LinkedBlockingDeque_ESTest" time="0.001"/>
  <testcase name="test2583" classname="org.apache.commons.pool2.impl.LinkedBlockingDeque_ESTest" time="0"/>
  <testcase name="test1252" classname="org.apache.commons.pool2.impl.LinkedBlockingDeque_ESTest" time="0"/>
  <testcase name="test2342" classname="org.apache.commons.pool2.impl.LinkedBlockingDeque_ESTest" time="0.001"/>
  <testcase name="test274" classname="org.apache.commons.pool2.impl.LinkedBlockingDeque_ESTest" time="0"/>
  <testcase name="test395" classname="org.apache.commons.pool2.impl.LinkedBlockingDeque_ESTest" time="0.001"/>
  <testcase name="test152" classname="org.apache.commons.pool2.impl.LinkedBlockingDeque_ESTest" time="0"/>
  <testcase name="test155" classname="org.apache.commons.pool2.impl.LinkedBlockingDeque_ESTest" time="0"/>
  <testcase name="test392" classname="org.apache.commons.pool2.impl.LinkedBlockingDeque_ESTest" time="0.001"/>
  <testcase name="test1139" classname="org.apache.commons.pool2.impl.LinkedBlockingDeque_ESTest" time="0"/>
  <testcase name="test2471" classname="org.apache.commons.pool2.impl.LinkedBlockingDeque_ESTest" time="0"/>
  <testcase name="test1382" classname="org.apache.commons.pool2.impl.LinkedBlockingDeque_ESTest" time="0"/>
  <testcase name="test2593" classname="org.apache.commons.pool2.impl.LinkedBlockingDeque_ESTest" time="0"/>
  <testcase name="test2470" classname="org.apache.commons.pool2.impl.LinkedBlockingDeque_ESTest" time="0.001"/>
  <testcase name="test2479" classname="org.apache.commons.pool2.impl.LinkedBlockingDeque_ESTest" time="0"/>
  <testcase name="test1027" classname="org.apache.commons.pool2.impl.LinkedBlockingDeque_ESTest" time="0.001"/>
  <testcase name="test2356" classname="org.apache.commons.pool2.impl.LinkedBlockingDeque_ESTest" time="0"/>
  <testcase name="test1387" classname="org.apache.commons.pool2.impl.LinkedBlockingDeque_ESTest" time="0.001"/>
  <testcase name="test1265" classname="org.apache.commons.pool2.impl.LinkedBlockingDeque_ESTest" time="0"/>
  <testcase name="test1264" classname="org.apache.commons.pool2.impl.LinkedBlockingDeque_ESTest" time="0"/>
  <testcase name="test1021" classname="org.apache.commons.pool2.impl.LinkedBlockingDeque_ESTest" time="0.001"/>
  <testcase name="test1263" classname="org.apache.commons.pool2.impl.LinkedBlockingDeque_ESTest" time="0"/>
  <testcase name="test142" classname="org.apache.commons.pool2.impl.LinkedBlockingDeque_ESTest" time="0.001"/>
  <testcase name="test380" classname="org.apache.commons.pool2.impl.LinkedBlockingDeque_ESTest" time="0"/>
  <testcase name="test140" classname="org.apache.commons.pool2.impl.LinkedBlockingDeque_ESTest" time="0.001"/>
  <testcase name="test126" classname="org.apache.commons.pool2.impl.LinkedBlockingDeque_ESTest" time="0"/>
  <testcase name="test1075" classname="org.apache.commons.pool2.impl.LinkedBlockingDeque_ESTest" time="0.001"/>
  <testcase name="test1196" classname="org.apache.commons.pool2.impl.LinkedBlockingDeque_ESTest" time="0"/>
  <testcase name="test1074" classname="org.apache.commons.pool2.impl.LinkedBlockingDeque_ESTest" time="0.001"/>
  <testcase name="test1073" classname="org.apache.commons.pool2.impl.LinkedBlockingDeque_ESTest" time="0"/>
  <testcase name="test1078" classname="org.apache.commons.pool2.impl.LinkedBlockingDeque_ESTest" time="0"/>
  <testcase name="test1077" classname="org.apache.commons.pool2.impl.LinkedBlockingDeque_ESTest" time="0.001"/>
  <testcase name="test1076" classname="org.apache.commons.pool2.impl.LinkedBlockingDeque_ESTest" time="0"/>
  <testcase name="test1197" classname="org.apache.commons.pool2.impl.LinkedBlockingDeque_ESTest" time="0.001"/>
  <testcase name="test132" classname="org.apache.commons.pool2.impl.LinkedBlockingDeque_ESTest" time="0"/>
  <testcase name="test0" classname="org.apache.commons.pool2.impl.LinkedBlockingDeque_ESTest" time="0.001"/>
  <testcase name="test119" classname="org.apache.commons.pool2.impl.LinkedBlockingDeque_ESTest" time="0"/>
  <testcase name="test1086" classname="org.apache.commons.pool2.impl.LinkedBlockingDeque_ESTest" time="0"/>
  <testcase name="test1085" classname="org.apache.commons.pool2.impl.LinkedBlockingDeque_ESTest" time="0"/>
  <testcase name="test2296" classname="org.apache.commons.pool2.impl.LinkedBlockingDeque_ESTest" time="0.001"/>
  <testcase name="test2293" classname="org.apache.commons.pool2.impl.LinkedBlockingDeque_ESTest" time="0"/>
  <testcase name="test2294" classname="org.apache.commons.pool2.impl.LinkedBlockingDeque_ESTest" time="0"/>
  <testcase name="test2170" classname="org.apache.commons.pool2.impl.LinkedBlockingDeque_ESTest" time="0"/>
  <testcase name="test2291" classname="org.apache.commons.pool2.impl.LinkedBlockingDeque_ESTest" time="0"/>
  <testcase name="test1080" classname="org.apache.commons.pool2.impl.LinkedBlockingDeque_ESTest" time="0.002"/>
  <testcase name="test1089" classname="org.apache.commons.pool2.impl.LinkedBlockingDeque_ESTest" time="0"/>
  <testcase name="test1088" classname="org.apache.commons.pool2.impl.LinkedBlockingDeque_ESTest" time="0.001"/>
  <testcase name="test2176" classname="org.apache.commons.pool2.impl.LinkedBlockingDeque_ESTest" time="0"/>
  <testcase name="test2297" classname="org.apache.commons.pool2.impl.LinkedBlockingDeque_ESTest" time="0.004"/>
  <testcase name="test1087" classname="org.apache.commons.pool2.impl.LinkedBlockingDeque_ESTest" time="0.001"/>
  <testcase name="test2298" classname="org.apache.commons.pool2.impl.LinkedBlockingDeque_ESTest" time="0"/>
  <testcase name="test102" classname="org.apache.commons.pool2.impl.LinkedBlockingDeque_ESTest" time="0.001"/>
  <testcase name="test344" classname="org.apache.commons.pool2.impl.LinkedBlockingDeque_ESTest" time="0"/>
  <testcase name="test465" classname="org.apache.commons.pool2.impl.LinkedBlockingDeque_ESTest" time="0.001"/>
  <testcase name="test101" classname="org.apache.commons.pool2.impl.LinkedBlockingDeque_ESTest" time="0"/>
  <testcase name="test464" classname="org.apache.commons.pool2.impl.LinkedBlockingDeque_ESTest" time="0.001"/>
  <testcase name="test_nothing" classname="org.apache.commons.pool2.impl.LinkedBlockingDeque_ESTest" time="0.003"/>
  <testcase name="test1173" classname="org.apache.commons.pool2.impl.LinkedBlockingDeque_ESTest" time="0"/>
  <testcase name="test2380" classname="org.apache.commons.pool2.impl.LinkedBlockingDeque_ESTest" time="0.001"/>
  <testcase name="test1058" classname="org.apache.commons.pool2.impl.LinkedBlockingDeque_ESTest" time="0"/>
  <testcase name="test2269" classname="org.apache.commons.pool2.impl.LinkedBlockingDeque_ESTest" time="0.001"/>
  <testcase name="test2146" classname="org.apache.commons.pool2.impl.LinkedBlockingDeque_ESTest" time="0"/>
  <testcase name="test2385" classname="org.apache.commons.pool2.impl.LinkedBlockingDeque_ESTest" time="0.001"/>
  <testcase name="test337" classname="org.apache.commons.pool2.impl.LinkedBlockingDeque_ESTest" time="0"/>
  <testcase name="test336" classname="org.apache.commons.pool2.impl.LinkedBlockingDeque_ESTest" time="0.001"/>
  <testcase name="test339" classname="org.apache.commons.pool2.impl.LinkedBlockingDeque_ESTest" time="0"/>
  <testcase name="test335" classname="org.apache.commons.pool2.impl.LinkedBlockingDeque_ESTest" time="0"/>
  <testcase name="test577" classname="org.apache.commons.pool2.impl.LinkedBlockingDeque_ESTest" time="0"/>
  <testcase name="test1183" classname="org.apache.commons.pool2.impl.LinkedBlockingDeque_ESTest" time="0"/>
  <testcase name="test2390" classname="org.apache.commons.pool2.impl.LinkedBlockingDeque_ESTest" time="0"/>
  <testcase name="test2278" classname="org.apache.commons.pool2.impl.LinkedBlockingDeque_ESTest" time="0.001"/>
  <testcase name="test2399" classname="org.apache.commons.pool2.impl.LinkedBlockingDeque_ESTest" time="0"/>
  <testcase name="test1066" classname="org.apache.commons.pool2.impl.LinkedBlockingDeque_ESTest" time="0.001"/>
  <testcase name="test100" classname="org.apache.commons.pool2.impl.LinkedBlockingDeque_ESTest" time="0"/>
  <testcase name="test221" classname="org.apache.commons.pool2.impl.LinkedBlockingDeque_ESTest" time="0"/>
  <testcase name="test220" classname="org.apache.commons.pool2.impl.LinkedBlockingDeque_ESTest" time="0.001"/>
  <testcase name="test326" classname="org.apache.commons.pool2.impl.LinkedBlockingDeque_ESTest" time="0"/>
  <testcase name="test568" classname="org.apache.commons.pool2.impl.LinkedBlockingDeque_ESTest" time="0.001"/>
  <testcase name="test567" classname="org.apache.commons.pool2.impl.LinkedBlockingDeque_ESTest" time="0"/>
  <testcase name="test564" classname="org.apache.commons.pool2.impl.LinkedBlockingDeque_ESTest" time="0.001"/>
  <testcase name="test563" classname="org.apache.commons.pool2.impl.LinkedBlockingDeque_ESTest" time="0"/>
  <testcase name="test566" classname="org.apache.commons.pool2.impl.LinkedBlockingDeque_ESTest" time="0"/>
  <testcase name="test565" classname="org.apache.commons.pool2.impl.LinkedBlockingDeque_ESTest" time="0.001"/>
  <testcase name="test1676" classname="org.apache.commons.pool2.impl.LinkedBlockingDeque_ESTest" time="0"/>
  <testcase name="test2645" classname="org.apache.commons.pool2.impl.LinkedBlockingDeque_ESTest" time="0"/>
  <testcase name="test1675" classname="org.apache.commons.pool2.impl.LinkedBlockingDeque_ESTest" time="0.001"/>
  <testcase name="test2400" classname="org.apache.commons.pool2.impl.LinkedBlockingDeque_ESTest" time="0"/>
  <testcase name="test2521" classname="org.apache.commons.pool2.impl.LinkedBlockingDeque_ESTest" time="0"/>
  <testcase name="test2763" classname="org.apache.commons.pool2.impl.LinkedBlockingDeque_ESTest" time="0.001"/>
  <testcase name="test2884" classname="org.apache.commons.pool2.impl.LinkedBlockingDeque_ESTest" time="0.001"/>
  <testcase name="test1311" classname="org.apache.commons.pool2.impl.LinkedBlockingDeque_ESTest" time="0"/>
  <testcase name="test2401" classname="org.apache.commons.pool2.impl.LinkedBlockingDeque_ESTest" time="0.001"/>
  <testcase name="test2522" classname="org.apache.commons.pool2.impl.LinkedBlockingDeque_ESTest" time="0"/>
  <testcase name="test2764" classname="org.apache.commons.pool2.impl.LinkedBlockingDeque_ESTest" time="0"/>
  <testcase name="test1318" classname="org.apache.commons.pool2.impl.LinkedBlockingDeque_ESTest" time="0.001"/>
  <testcase name="test2527" classname="org.apache.commons.pool2.impl.LinkedBlockingDeque_ESTest" time="0"/>
  <testcase name="test2649" classname="org.apache.commons.pool2.impl.LinkedBlockingDeque_ESTest" time="0.001"/>
  <testcase name="test2404" classname="org.apache.commons.pool2.impl.LinkedBlockingDeque_ESTest" time="0"/>
  <testcase name="test1436" classname="org.apache.commons.pool2.impl.LinkedBlockingDeque_ESTest" time="0"/>
  <testcase name="test2405" classname="org.apache.commons.pool2.impl.LinkedBlockingDeque_ESTest" time="0.001"/>
  <testcase name="test557" classname="org.apache.commons.pool2.impl.LinkedBlockingDeque_ESTest" time="0"/>
  <testcase name="test678" classname="org.apache.commons.pool2.impl.LinkedBlockingDeque_ESTest" time="0.001"/>
  <testcase name="test799" classname="org.apache.commons.pool2.impl.LinkedBlockingDeque_ESTest" time="0"/>
  <testcase name="test556" classname="org.apache.commons.pool2.impl.LinkedBlockingDeque_ESTest" time="0"/>
  <testcase name="test677" classname="org.apache.commons.pool2.impl.LinkedBlockingDeque_ESTest" time="0"/>
  <testcase name="test559" classname="org.apache.commons.pool2.impl.LinkedBlockingDeque_ESTest" time="0.001"/>
  <testcase name="test558" classname="org.apache.commons.pool2.impl.LinkedBlockingDeque_ESTest" time="0.001"/>
  <testcase name="test679" classname="org.apache.commons.pool2.impl.LinkedBlockingDeque_ESTest" time="0"/>
  <testcase name="test553" classname="org.apache.commons.pool2.impl.LinkedBlockingDeque_ESTest" time="0"/>
  <testcase name="test674" classname="org.apache.commons.pool2.impl.LinkedBlockingDeque_ESTest" time="0.001"/>
  <testcase name="test673" classname="org.apache.commons.pool2.impl.LinkedBlockingDeque_ESTest" time="0"/>
  <testcase name="test555" classname="org.apache.commons.pool2.impl.LinkedBlockingDeque_ESTest" time="0"/>
  <testcase name="test433" classname="org.apache.commons.pool2.impl.LinkedBlockingDeque_ESTest" time="0.001"/>
  <testcase name="test554" classname="org.apache.commons.pool2.impl.LinkedBlockingDeque_ESTest" time="0"/>
  <testcase name="test675" classname="org.apache.commons.pool2.impl.LinkedBlockingDeque_ESTest" time="0"/>
  <testcase name="test1680" classname="org.apache.commons.pool2.impl.LinkedBlockingDeque_ESTest" time="0.001"/>
  <testcase name="test1325" classname="org.apache.commons.pool2.impl.LinkedBlockingDeque_ESTest" time="0"/>
  <testcase name="test2895" classname="org.apache.commons.pool2.impl.LinkedBlockingDeque_ESTest" time="0"/>
  <testcase name="test2412" classname="org.apache.commons.pool2.impl.LinkedBlockingDeque_ESTest" time="0.001"/>
  <testcase name="test2533" classname="org.apache.commons.pool2.impl.LinkedBlockingDeque_ESTest" time="0"/>
  <testcase name="test2775" classname="org.apache.commons.pool2.impl.LinkedBlockingDeque_ESTest" time="0"/>
  <testcase name="test2896" classname="org.apache.commons.pool2.impl.LinkedBlockingDeque_ESTest" time="0"/>
  <testcase name="test560" classname="org.apache.commons.pool2.impl.LinkedBlockingDeque_ESTest" time="0.001"/>
  <testcase name="test681" classname="org.apache.commons.pool2.impl.LinkedBlockingDeque_ESTest" time="0"/>
  <testcase name="test680" classname="org.apache.commons.pool2.impl.LinkedBlockingDeque_ESTest" time="0"/>
  <testcase name="test682" classname="org.apache.commons.pool2.impl.LinkedBlockingDeque_ESTest" time="0"/>
  <testcase name="test1569" classname="org.apache.commons.pool2.impl.LinkedBlockingDeque_ESTest" time="0.001"/>
  <testcase name="test1689" classname="org.apache.commons.pool2.impl.LinkedBlockingDeque_ESTest" time="0"/>
  <testcase name="test2537" classname="org.apache.commons.pool2.impl.LinkedBlockingDeque_ESTest" time="0.001"/>
  <testcase name="test546" classname="org.apache.commons.pool2.impl.LinkedBlockingDeque_ESTest" time="0"/>
  <testcase name="test548" classname="org.apache.commons.pool2.impl.LinkedBlockingDeque_ESTest" time="0"/>
  <testcase name="test669" classname="org.apache.commons.pool2.impl.LinkedBlockingDeque_ESTest" time="0.001"/>
  <testcase name="test547" classname="org.apache.commons.pool2.impl.LinkedBlockingDeque_ESTest" time="0"/>
  <testcase name="test668" classname="org.apache.commons.pool2.impl.LinkedBlockingDeque_ESTest" time="0"/>
  <testcase name="test544" classname="org.apache.commons.pool2.impl.LinkedBlockingDeque_ESTest" time="0.001"/>
  <testcase name="test93" classname="org.apache.commons.pool2.impl.LinkedBlockingDeque_ESTest" time="0"/>
  <testcase name="test94" classname="org.apache.commons.pool2.impl.LinkedBlockingDeque_ESTest" time="0"/>
  <testcase name="test549" classname="org.apache.commons.pool2.impl.LinkedBlockingDeque_ESTest" time="0.001"/>
  <testcase name="test91" classname="org.apache.commons.pool2.impl.LinkedBlockingDeque_ESTest" time="0"/>
  <testcase name="test2502" classname="org.apache.commons.pool2.impl.LinkedBlockingDeque_ESTest" time="0.001"/>
  <testcase name="test97" classname="org.apache.commons.pool2.impl.LinkedBlockingDeque_ESTest" time="0"/>
  <testcase name="test98" classname="org.apache.commons.pool2.impl.LinkedBlockingDeque_ESTest" time="0"/>
  <testcase name="test99" classname="org.apache.commons.pool2.impl.LinkedBlockingDeque_ESTest" time="0.001"/>
  <testcase name="test551" classname="org.apache.commons.pool2.impl.LinkedBlockingDeque_ESTest" time="0"/>
  <testcase name="test672" classname="org.apache.commons.pool2.impl.LinkedBlockingDeque_ESTest" time="0.001"/>
  <testcase name="test550" classname="org.apache.commons.pool2.impl.LinkedBlockingDeque_ESTest" time="0"/>
  <testcase name="test671" classname="org.apache.commons.pool2.impl.LinkedBlockingDeque_ESTest" time="0.001"/>
  <testcase name="test1539" classname="org.apache.commons.pool2.impl.LinkedBlockingDeque_ESTest" time="0.003"/>
  <testcase name="test1658" classname="org.apache.commons.pool2.impl.LinkedBlockingDeque_ESTest" time="0.001"/>
  <testcase name="test2504" classname="org.apache.commons.pool2.impl.LinkedBlockingDeque_ESTest" time="0"/>
  <testcase name="test658" classname="org.apache.commons.pool2.impl.LinkedBlockingDeque_ESTest" time="0"/>
  <testcase name="test779" classname="org.apache.commons.pool2.impl.LinkedBlockingDeque_ESTest" time="0"/>
  <testcase name="test652" classname="org.apache.commons.pool2.impl.LinkedBlockingDeque_ESTest" time="0.001"/>
  <testcase name="test411" classname="org.apache.commons.pool2.impl.LinkedBlockingDeque_ESTest" time="0.002"/>
  <testcase name="test653" classname="org.apache.commons.pool2.impl.LinkedBlockingDeque_ESTest" time="0"/>
  <testcase name="test895" classname="org.apache.commons.pool2.impl.LinkedBlockingDeque_ESTest" time="0.001"/>
  <testcase name="test82" classname="org.apache.commons.pool2.impl.LinkedBlockingDeque_ESTest" time="0"/>
  <testcase name="test83" classname="org.apache.commons.pool2.impl.LinkedBlockingDeque_ESTest" time="0"/>
  <testcase name="test80" classname="org.apache.commons.pool2.impl.LinkedBlockingDeque_ESTest" time="0.001"/>
  <testcase name="test81" classname="org.apache.commons.pool2.impl.LinkedBlockingDeque_ESTest" time="0"/>
  <testcase name="test2876" classname="org.apache.commons.pool2.impl.LinkedBlockingDeque_ESTest" time="0"/>
  <testcase name="test87" classname="org.apache.commons.pool2.impl.LinkedBlockingDeque_ESTest" time="0.001"/>
  <testcase name="test88" classname="org.apache.commons.pool2.impl.LinkedBlockingDeque_ESTest" time="0"/>
  <testcase name="test89" classname="org.apache.commons.pool2.impl.LinkedBlockingDeque_ESTest" time="0"/>
  <testcase name="test2516" classname="org.apache.commons.pool2.impl.LinkedBlockingDeque_ESTest" time="0.001"/>
  <testcase name="test2638" classname="org.apache.commons.pool2.impl.LinkedBlockingDeque_ESTest" time="0"/>
  <testcase name="test1547" classname="org.apache.commons.pool2.impl.LinkedBlockingDeque_ESTest" time="0.001"/>
  <testcase name="test1546" classname="org.apache.commons.pool2.impl.LinkedBlockingDeque_ESTest" time="0"/>
  <testcase name="test524" classname="org.apache.commons.pool2.impl.LinkedBlockingDeque_ESTest" time="0"/>
  <testcase name="test645" classname="org.apache.commons.pool2.impl.LinkedBlockingDeque_ESTest" time="0"/>
  <testcase name="test523" classname="org.apache.commons.pool2.impl.LinkedBlockingDeque_ESTest" time="0"/>
  <testcase name="test644" classname="org.apache.commons.pool2.impl.LinkedBlockingDeque_ESTest" time="0"/>
  <testcase name="test405" classname="org.apache.commons.pool2.impl.LinkedBlockingDeque_ESTest" time="0.001"/>
  <testcase name="test647" classname="org.apache.commons.pool2.impl.LinkedBlockingDeque_ESTest" time="0.001"/>
  <testcase name="test646" classname="org.apache.commons.pool2.impl.LinkedBlockingDeque_ESTest" time="0"/>
  <testcase name="test767" classname="org.apache.commons.pool2.impl.LinkedBlockingDeque_ESTest" time="0.001"/>
  <testcase name="test520" classname="org.apache.commons.pool2.impl.LinkedBlockingDeque_ESTest" time="0"/>
  <testcase name="test641" classname="org.apache.commons.pool2.impl.LinkedBlockingDeque_ESTest" time="0.001"/>
  <testcase name="test882" classname="org.apache.commons.pool2.impl.LinkedBlockingDeque_ESTest" time="0"/>
  <testcase name="test643" classname="org.apache.commons.pool2.impl.LinkedBlockingDeque_ESTest" time="0.001"/>
  <testcase name="test521" classname="org.apache.commons.pool2.impl.LinkedBlockingDeque_ESTest" time="0"/>
  <testcase name="test1471" classname="org.apache.commons.pool2.impl.LinkedBlockingDeque_ESTest" time="0.001"/>
  <testcase name="test528" classname="org.apache.commons.pool2.impl.LinkedBlockingDeque_ESTest" time="0"/>
  <testcase name="test527" classname="org.apache.commons.pool2.impl.LinkedBlockingDeque_ESTest" time="0.001"/>
  <testcase name="test529" classname="org.apache.commons.pool2.impl.LinkedBlockingDeque_ESTest" time="0"/>
  <testcase name="test2325" classname="org.apache.commons.pool2.impl.LinkedBlockingDeque_ESTest" time="0.001"/>
  <testcase name="test2326" classname="org.apache.commons.pool2.impl.LinkedBlockingDeque_ESTest" time="0"/>
  <testcase name="test1235" classname="org.apache.commons.pool2.impl.LinkedBlockingDeque_ESTest" time="0"/>
  <testcase name="test2323" classname="org.apache.commons.pool2.impl.LinkedBlockingDeque_ESTest" time="0"/>
  <testcase name="test1234" classname="org.apache.commons.pool2.impl.LinkedBlockingDeque_ESTest" time="0.001"/>
  <testcase name="test2324" classname="org.apache.commons.pool2.impl.LinkedBlockingDeque_ESTest" time="0"/>
  <testcase name="test1233" classname="org.apache.commons.pool2.impl.LinkedBlockingDeque_ESTest" time="0.001"/>
  <testcase name="test1354" classname="org.apache.commons.pool2.impl.LinkedBlockingDeque_ESTest" time="0"/>
  <testcase name="test2321" classname="org.apache.commons.pool2.impl.LinkedBlockingDeque_ESTest" time="0"/>
  <testcase name="test1353" classname="org.apache.commons.pool2.impl.LinkedBlockingDeque_ESTest" time="0.001"/>
  <testcase name="test2201" classname="org.apache.commons.pool2.impl.LinkedBlockingDeque_ESTest" time="0"/>
  <testcase name="test2322" classname="org.apache.commons.pool2.impl.LinkedBlockingDeque_ESTest" time="0.001"/>
  <testcase name="test2685" classname="org.apache.commons.pool2.impl.LinkedBlockingDeque_ESTest" time="0"/>
  <testcase name="test2329" classname="org.apache.commons.pool2.impl.LinkedBlockingDeque_ESTest" time="0.001"/>
  <testcase name="test2327" classname="org.apache.commons.pool2.impl.LinkedBlockingDeque_ESTest" time="0"/>
  <testcase name="test2569" classname="org.apache.commons.pool2.impl.LinkedBlockingDeque_ESTest" time="0.001"/>
  <testcase name="test1359" classname="org.apache.commons.pool2.impl.LinkedBlockingDeque_ESTest" time="0"/>
  <testcase name="test2328" classname="org.apache.commons.pool2.impl.LinkedBlockingDeque_ESTest" time="0"/>
  <testcase name="test634" classname="org.apache.commons.pool2.impl.LinkedBlockingDeque_ESTest" time="0.001"/>
  <testcase name="test997" classname="org.apache.commons.pool2.impl.LinkedBlockingDeque_ESTest" time="0"/>
  <testcase name="test512" classname="org.apache.commons.pool2.impl.LinkedBlockingDeque_ESTest" time="0"/>
  <testcase name="test996" classname="org.apache.commons.pool2.impl.LinkedBlockingDeque_ESTest" time="0.001"/>
  <testcase name="test636" classname="org.apache.commons.pool2.impl.LinkedBlockingDeque_ESTest" time="0"/>
  <testcase name="test878" classname="org.apache.commons.pool2.impl.LinkedBlockingDeque_ESTest" time="0"/>
  <testcase name="test756" classname="org.apache.commons.pool2.impl.LinkedBlockingDeque_ESTest" time="0.001"/>
  <testcase name="test877" classname="org.apache.commons.pool2.impl.LinkedBlockingDeque_ESTest" time="0"/>
  <testcase name="test871" classname="org.apache.commons.pool2.impl.LinkedBlockingDeque_ESTest" time="0.001"/>
  <testcase name="test511" classname="org.apache.commons.pool2.impl.LinkedBlockingDeque_ESTest" time="0"/>
  <testcase name="test995" classname="org.apache.commons.pool2.impl.LinkedBlockingDeque_ESTest" time="0.001"/>
  <testcase name="test2570" classname="org.apache.commons.pool2.impl.LinkedBlockingDeque_ESTest" time="0"/>
  <testcase name="test1360" classname="org.apache.commons.pool2.impl.LinkedBlockingDeque_ESTest" time="0.001"/>
  <testcase name="test2571" classname="org.apache.commons.pool2.impl.LinkedBlockingDeque_ESTest" time="0"/>
  <testcase name="test637" classname="org.apache.commons.pool2.impl.LinkedBlockingDeque_ESTest" time="0.001"/>
  <testcase name="test879" classname="org.apache.commons.pool2.impl.LinkedBlockingDeque_ESTest" time="0"/>
  <testcase name="test518" classname="org.apache.commons.pool2.impl.LinkedBlockingDeque_ESTest" time="0.001"/>
  <testcase name="test639" classname="org.apache.commons.pool2.impl.LinkedBlockingDeque_ESTest" time="0"/>
  <testcase name="test1127" classname="org.apache.commons.pool2.impl.LinkedBlockingDeque_ESTest" time="0.001"/>
  <testcase name="test1369" classname="org.apache.commons.pool2.impl.LinkedBlockingDeque_ESTest" time="0"/>
  <testcase name="test2697" classname="org.apache.commons.pool2.impl.LinkedBlockingDeque_ESTest" time="0.003"/>
  <testcase name="test2332" classname="org.apache.commons.pool2.impl.LinkedBlockingDeque_ESTest" time="0.001"/>
  <testcase name="test2574" classname="org.apache.commons.pool2.impl.LinkedBlockingDeque_ESTest" time="0.001"/>
  <testcase name="test2333" classname="org.apache.commons.pool2.impl.LinkedBlockingDeque_ESTest" time="0"/>
  <testcase name="test2454" classname="org.apache.commons.pool2.impl.LinkedBlockingDeque_ESTest" time="0.001"/>
  <testcase name="test1242" classname="org.apache.commons.pool2.impl.LinkedBlockingDeque_ESTest" time="0"/>
  <testcase name="test2330" classname="org.apache.commons.pool2.impl.LinkedBlockingDeque_ESTest" time="0"/>
  <testcase name="test2572" classname="org.apache.commons.pool2.impl.LinkedBlockingDeque_ESTest" time="0"/>
  <testcase name="test1241" classname="org.apache.commons.pool2.impl.LinkedBlockingDeque_ESTest" time="0"/>
  <testcase name="test2331" classname="org.apache.commons.pool2.impl.LinkedBlockingDeque_ESTest" time="0.001"/>
  <testcase name="test2573" classname="org.apache.commons.pool2.impl.LinkedBlockingDeque_ESTest" time="0"/>
  <testcase name="test881" classname="org.apache.commons.pool2.impl.LinkedBlockingDeque_ESTest" time="0.002"/>
  <testcase name="test880" classname="org.apache.commons.pool2.impl.LinkedBlockingDeque_ESTest" time="0"/>
  <testcase name="test2338" classname="org.apache.commons.pool2.impl.LinkedBlockingDeque_ESTest" time="0.001"/>
  <testcase name="test2339" classname="org.apache.commons.pool2.impl.LinkedBlockingDeque_ESTest" time="0"/>
  <testcase name="test623" classname="org.apache.commons.pool2.impl.LinkedBlockingDeque_ESTest" time="0"/>
  <testcase name="test622" classname="org.apache.commons.pool2.impl.LinkedBlockingDeque_ESTest" time="0.001"/>
  <testcase name="test864" classname="org.apache.commons.pool2.impl.LinkedBlockingDeque_ESTest" time="0"/>
  <testcase name="test625" classname="org.apache.commons.pool2.impl.LinkedBlockingDeque_ESTest" time="0"/>
  <testcase name="test746" classname="org.apache.commons.pool2.impl.LinkedBlockingDeque_ESTest" time="0.001"/>
  <testcase name="test624" classname="org.apache.commons.pool2.impl.LinkedBlockingDeque_ESTest" time="0"/>
  <testcase name="test745" classname="org.apache.commons.pool2.impl.LinkedBlockingDeque_ESTest" time="0"/>
  <testcase name="test621" classname="org.apache.commons.pool2.impl.LinkedBlockingDeque_ESTest" time="0"/>
  <testcase name="test620" classname="org.apache.commons.pool2.impl.LinkedBlockingDeque_ESTest" time="0.001"/>
  <testcase name="test862" classname="org.apache.commons.pool2.impl.LinkedBlockingDeque_ESTest" time="0"/>
  <testcase name="test983" classname="org.apache.commons.pool2.impl.LinkedBlockingDeque_ESTest" time="0"/>
  <testcase name="test1570" classname="org.apache.commons.pool2.impl.LinkedBlockingDeque_ESTest" time="0.001"/>
  <testcase name="test626" classname="org.apache.commons.pool2.impl.LinkedBlockingDeque_ESTest" time="0"/>
  <testcase name="test628" classname="org.apache.commons.pool2.impl.LinkedBlockingDeque_ESTest" time="0"/>
  <testcase name="test2303" classname="org.apache.commons.pool2.impl.LinkedBlockingDeque_ESTest" time="0.001"/>
  <testcase name="test2545" classname="org.apache.commons.pool2.impl.LinkedBlockingDeque_ESTest" time="0"/>
  <testcase name="test2304" classname="org.apache.commons.pool2.impl.LinkedBlockingDeque_ESTest" time="0"/>
  <testcase name="test2546" classname="org.apache.commons.pool2.impl.LinkedBlockingDeque_ESTest" time="0.001"/>
  <testcase name="test1697" classname="org.apache.commons.pool2.impl.LinkedBlockingDeque_ESTest" time="0"/>
  <testcase name="test2301" classname="org.apache.commons.pool2.impl.LinkedBlockingDeque_ESTest" time="0"/>
  <testcase name="test2302" classname="org.apache.commons.pool2.impl.LinkedBlockingDeque_ESTest" time="0.001"/>
  <testcase name="test2420" classname="org.apache.commons.pool2.impl.LinkedBlockingDeque_ESTest" time="0"/>
  <testcase name="test2300" classname="org.apache.commons.pool2.impl.LinkedBlockingDeque_ESTest" time="0"/>
  <testcase name="test1571" classname="org.apache.commons.pool2.impl.LinkedBlockingDeque_ESTest" time="0.001"/>
  <testcase name="test1692" classname="org.apache.commons.pool2.impl.LinkedBlockingDeque_ESTest" time="0"/>
  <testcase name="test2549" classname="org.apache.commons.pool2.impl.LinkedBlockingDeque_ESTest" time="0.001"/>
  <testcase name="test2305" classname="org.apache.commons.pool2.impl.LinkedBlockingDeque_ESTest" time="0"/>
  <testcase name="test735" classname="org.apache.commons.pool2.impl.LinkedBlockingDeque_ESTest" time="0"/>
  <testcase name="test852" classname="org.apache.commons.pool2.impl.LinkedBlockingDeque_ESTest" time="0.001"/>
  <testcase name="test973" classname="org.apache.commons.pool2.impl.LinkedBlockingDeque_ESTest" time="0"/>
  <testcase name="test619" classname="org.apache.commons.pool2.impl.LinkedBlockingDeque_ESTest" time="0"/>
  <testcase name="test1580" classname="org.apache.commons.pool2.impl.LinkedBlockingDeque_ESTest" time="0.001"/>
  <testcase name="test615" classname="org.apache.commons.pool2.impl.LinkedBlockingDeque_ESTest" time="0"/>
  <testcase name="test736" classname="org.apache.commons.pool2.impl.LinkedBlockingDeque_ESTest" time="0"/>
  <testcase name="test618" classname="org.apache.commons.pool2.impl.LinkedBlockingDeque_ESTest" time="0.001"/>
  <testcase name="test739" classname="org.apache.commons.pool2.impl.LinkedBlockingDeque_ESTest" time="0"/>
  <testcase name="test738" classname="org.apache.commons.pool2.impl.LinkedBlockingDeque_ESTest" time="0"/>
  <testcase name="test2314" classname="org.apache.commons.pool2.impl.LinkedBlockingDeque_ESTest" time="0"/>
  <testcase name="test2435" classname="org.apache.commons.pool2.impl.LinkedBlockingDeque_ESTest" time="0.001"/>
  <testcase name="test1225" classname="org.apache.commons.pool2.impl.LinkedBlockingDeque_ESTest" time="0"/>
  <testcase name="test2315" classname="org.apache.commons.pool2.impl.LinkedBlockingDeque_ESTest" time="0"/>
  <testcase name="test1587" classname="org.apache.commons.pool2.impl.LinkedBlockingDeque_ESTest" time="0.001"/>
  <testcase name="test2312" classname="org.apache.commons.pool2.impl.LinkedBlockingDeque_ESTest" time="0"/>
  <testcase name="test2433" classname="org.apache.commons.pool2.impl.LinkedBlockingDeque_ESTest" time="0.001"/>
  <testcase name="test2313" classname="org.apache.commons.pool2.impl.LinkedBlockingDeque_ESTest" time="0"/>
  <testcase name="test2434" classname="org.apache.commons.pool2.impl.LinkedBlockingDeque_ESTest" time="0"/>
  <testcase name="test1464" classname="org.apache.commons.pool2.impl.LinkedBlockingDeque_ESTest" time="0.001"/>
  <testcase name="test2310" classname="org.apache.commons.pool2.impl.LinkedBlockingDeque_ESTest" time="0"/>
  <testcase name="test2311" classname="org.apache.commons.pool2.impl.LinkedBlockingDeque_ESTest" time="0.001"/>
  <testcase name="test1583" classname="org.apache.commons.pool2.impl.LinkedBlockingDeque_ESTest" time="0"/>
  <testcase name="test1227" classname="org.apache.commons.pool2.impl.LinkedBlockingDeque_ESTest" time="0.001"/>
  <testcase name="test964" classname="org.apache.commons.pool2.impl.LinkedBlockingDeque_ESTest" time="0"/>
  <testcase name="test963" classname="org.apache.commons.pool2.impl.LinkedBlockingDeque_ESTest" time="0.001"/>
  <testcase name="test724" classname="org.apache.commons.pool2.impl.LinkedBlockingDeque_ESTest" time="0"/>
  <testcase name="test845" classname="org.apache.commons.pool2.impl.LinkedBlockingDeque_ESTest" time="0.001"/>
  <testcase name="test966" classname="org.apache.commons.pool2.impl.LinkedBlockingDeque_ESTest" time="0"/>
  <testcase name="test723" classname="org.apache.commons.pool2.impl.LinkedBlockingDeque_ESTest" time="0.001"/>
  <testcase name="test962" classname="org.apache.commons.pool2.impl.LinkedBlockingDeque_ESTest" time="0"/>
  <testcase name="test1708" classname="org.apache.commons.pool2.impl.LinkedBlockingDeque_ESTest" time="0"/>
  <testcase name="test1952" classname="org.apache.commons.pool2.impl.LinkedBlockingDeque_ESTest" time="0.001"/>
  <testcase name="test1958" classname="org.apache.commons.pool2.impl.LinkedBlockingDeque_ESTest" time="0"/>
  <testcase name="test1833" classname="org.apache.commons.pool2.impl.LinkedBlockingDeque_ESTest" time="0"/>
  <testcase name="test953" classname="org.apache.commons.pool2.impl.LinkedBlockingDeque_ESTest" time="0.001"/>
  <testcase name="test834" classname="org.apache.commons.pool2.impl.LinkedBlockingDeque_ESTest" time="0"/>
  <testcase name="test951" classname="org.apache.commons.pool2.impl.LinkedBlockingDeque_ESTest" time="0.001"/>
  <testcase name="test715" classname="org.apache.commons.pool2.impl.LinkedBlockingDeque_ESTest" time="0"/>
  <testcase name="test1729" classname="org.apache.commons.pool2.impl.LinkedBlockingDeque_ESTest" time="0"/>
  <testcase name="test1728" classname="org.apache.commons.pool2.impl.LinkedBlockingDeque_ESTest" time="0.001"/>
  <testcase name="test2813" classname="org.apache.commons.pool2.impl.LinkedBlockingDeque_ESTest" time="0"/>
  <testcase name="test1724" classname="org.apache.commons.pool2.impl.LinkedBlockingDeque_ESTest" time="0"/>
  <testcase name="test1966" classname="org.apache.commons.pool2.impl.LinkedBlockingDeque_ESTest" time="0.001"/>
  <testcase name="test1601" classname="org.apache.commons.pool2.impl.LinkedBlockingDeque_ESTest" time="0"/>
  <testcase name="test700" classname="org.apache.commons.pool2.impl.LinkedBlockingDeque_ESTest" time="0.001"/>
  <testcase name="test1929" classname="org.apache.commons.pool2.impl.LinkedBlockingDeque_ESTest" time="0"/>
  <testcase name="test949" classname="org.apache.commons.pool2.impl.LinkedBlockingDeque_ESTest" time="0.001"/>
  <testcase name="test946" classname="org.apache.commons.pool2.impl.LinkedBlockingDeque_ESTest" time="0"/>
  <testcase name="test706" classname="org.apache.commons.pool2.impl.LinkedBlockingDeque_ESTest" time="0"/>
  <testcase name="test948" classname="org.apache.commons.pool2.impl.LinkedBlockingDeque_ESTest" time="0.001"/>
  <testcase name="test947" classname="org.apache.commons.pool2.impl.LinkedBlockingDeque_ESTest" time="0"/>
  <testcase name="test13" classname="org.apache.commons.pool2.impl.LinkedBlockingDeque_ESTest" time="0"/>
  <testcase name="test11" classname="org.apache.commons.pool2.impl.LinkedBlockingDeque_ESTest" time="0.002"/>
  <testcase name="test18" classname="org.apache.commons.pool2.impl.LinkedBlockingDeque_ESTest" time="0"/>
  <testcase name="test811" classname="org.apache.commons.pool2.impl.LinkedBlockingDeque_ESTest" time="0.001"/>
  <testcase name="test817" classname="org.apache.commons.pool2.impl.LinkedBlockingDeque_ESTest" time="0.005"/>
  <testcase name="test1707" classname="org.apache.commons.pool2.impl.LinkedBlockingDeque_ESTest" time="0.001"/>
  <testcase name="test1827" classname="org.apache.commons.pool2.impl.LinkedBlockingDeque_ESTest" time="0"/>
  <testcase name="test1948" classname="org.apache.commons.pool2.impl.LinkedBlockingDeque_ESTest" time="0"/>
  <testcase name="test1826" classname="org.apache.commons.pool2.impl.LinkedBlockingDeque_ESTest" time="0.001"/>
  <testcase name="test2915" classname="org.apache.commons.pool2.impl.LinkedBlockingDeque_ESTest" time="0"/>
  <testcase name="test1824" classname="org.apache.commons.pool2.impl.LinkedBlockingDeque_ESTest" time="0"/>
  <testcase name="test1823" classname="org.apache.commons.pool2.impl.LinkedBlockingDeque_ESTest" time="0.001"/>
  <testcase name="test2910" classname="org.apache.commons.pool2.impl.LinkedBlockingDeque_ESTest" time="0"/>
  <testcase name="test807" classname="org.apache.commons.pool2.impl.LinkedBlockingDeque_ESTest" time="0"/>
  <testcase name="test928" classname="org.apache.commons.pool2.impl.LinkedBlockingDeque_ESTest" time="0.001"/>
  <testcase name="test73" classname="org.apache.commons.pool2.impl.LinkedBlockingDeque_ESTest" time="0"/>
  <testcase name="test808" classname="org.apache.commons.pool2.impl.LinkedBlockingDeque_ESTest" time="0"/>
  <testcase name="test79" classname="org.apache.commons.pool2.impl.LinkedBlockingDeque_ESTest" time="0"/>
  <testcase name="test2722" classname="org.apache.commons.pool2.impl.LinkedBlockingDeque_ESTest" time="0.001"/>
  <testcase name="test2843" classname="org.apache.commons.pool2.impl.LinkedBlockingDeque_ESTest" time="0"/>
  <testcase name="test1752" classname="org.apache.commons.pool2.impl.LinkedBlockingDeque_ESTest" time="0"/>
  <testcase name="test1871" classname="org.apache.commons.pool2.impl.LinkedBlockingDeque_ESTest" time="0.001"/>
  <testcase name="test75" classname="org.apache.commons.pool2.impl.LinkedBlockingDeque_ESTest" time="0"/>
  <testcase name="test78" classname="org.apache.commons.pool2.impl.LinkedBlockingDeque_ESTest" time="0"/>
  <testcase name="test1879" classname="org.apache.commons.pool2.impl.LinkedBlockingDeque_ESTest" time="0"/>
  <testcase name="test2846" classname="org.apache.commons.pool2.impl.LinkedBlockingDeque_ESTest" time="0"/>
  <testcase name="test2968" classname="org.apache.commons.pool2.impl.LinkedBlockingDeque_ESTest" time="0"/>
  <testcase name="test1756" classname="org.apache.commons.pool2.impl.LinkedBlockingDeque_ESTest" time="0"/>
  <testcase name="test912" classname="org.apache.commons.pool2.impl.LinkedBlockingDeque_ESTest" time="0"/>
  <testcase name="test1765" classname="org.apache.commons.pool2.impl.LinkedBlockingDeque_ESTest" time="0"/>
  <testcase name="test2853" classname="org.apache.commons.pool2.impl.LinkedBlockingDeque_ESTest" time="0"/>
  <testcase name="test1401" classname="org.apache.commons.pool2.impl.LinkedBlockingDeque_ESTest" time="0"/>
  <testcase name="test2854" classname="org.apache.commons.pool2.impl.LinkedBlockingDeque_ESTest" time="0"/>
  <testcase name="test1400" classname="org.apache.commons.pool2.impl.LinkedBlockingDeque_ESTest" time="0.001"/>
  <testcase name="test2610" classname="org.apache.commons.pool2.impl.LinkedBlockingDeque_ESTest" time="0"/>
  <testcase name="test1882" classname="org.apache.commons.pool2.impl.LinkedBlockingDeque_ESTest" time="0"/>
  <testcase name="test1768" classname="org.apache.commons.pool2.impl.LinkedBlockingDeque_ESTest" time="0"/>
  <testcase name="test1732" classname="org.apache.commons.pool2.impl.LinkedBlockingDeque_ESTest" time="0.001"/>
  <testcase name="test1973" classname="org.apache.commons.pool2.impl.LinkedBlockingDeque_ESTest" time="0"/>
  <testcase name="test1730" classname="org.apache.commons.pool2.impl.LinkedBlockingDeque_ESTest" time="0"/>
  <testcase name="test1850" classname="org.apache.commons.pool2.impl.LinkedBlockingDeque_ESTest" time="0"/>
  <testcase name="test1618" classname="org.apache.commons.pool2.impl.LinkedBlockingDeque_ESTest" time="0.001"/>
  <testcase name="test1616" classname="org.apache.commons.pool2.impl.LinkedBlockingDeque_ESTest" time="0"/>
  <testcase name="test1736" classname="org.apache.commons.pool2.impl.LinkedBlockingDeque_ESTest" time="0"/>
  <testcase name="test2952" classname="org.apache.commons.pool2.impl.LinkedBlockingDeque_ESTest" time="0"/>
  <testcase name="test1620" classname="org.apache.commons.pool2.impl.LinkedBlockingDeque_ESTest" time="0.001"/>
  <testcase name="test48" classname="org.apache.commons.pool2.impl.LinkedBlockingDeque_ESTest" time="0"/>
  <testcase name="test2835" classname="org.apache.commons.pool2.impl.LinkedBlockingDeque_ESTest" time="0"/>
  <testcase name="test1625" classname="org.apache.commons.pool2.impl.LinkedBlockingDeque_ESTest" time="0"/>
  <testcase name="test1867" classname="org.apache.commons.pool2.impl.LinkedBlockingDeque_ESTest" time="0"/>
  <testcase name="test2833" classname="org.apache.commons.pool2.impl.LinkedBlockingDeque_ESTest" time="0"/>
</testsuite>