<?xml version="1.0" encoding="UTF-8"?>
<testsuite name="org.apache.commons.pool2.PoolUtils_ESTest" time="3.239" tests="741" errors="0" skipped="0" failures="0">
  <properties>
[...]
</properties>
  <testcase name="test1907" classname="org.apache.commons.pool2.PoolUtils_ESTest" time="0.001"/>
  <testcase name="test7334" classname="org.apache.commons.pool2.PoolUtils_ESTest" time="0.006"/>
  <testcase name="test5032" classname="org.apache.commons.pool2.PoolUtils_ESTest" time="0.001"/>
  <testcase name="test7573" classname="org.apache.commons.pool2.PoolUtils_ESTest" time="0.001"/>
  <testcase name="test5030" classname="org.apache.commons.pool2.PoolUtils_ESTest" time="0.001"/>
  <testcase name="test7572" classname="org.apache.commons.pool2.PoolUtils_ESTest" time="0.001"/>
  <testcase name="test3095" classname="org.apache.commons.pool2.PoolUtils_ESTest" time="0.002"/>
  <testcase name="test3094" classname="org.apache.commons.pool2.PoolUtils_ESTest" time="0.001"/>
  <testcase name="test4061" classname="org.apache.commons.pool2.PoolUtils_ESTest" time="0.001"/>
  <testcase name="test5039" classname="org.apache.commons.pool2.PoolUtils_ESTest" time="0.002"/>
  <testcase name="test5036" classname="org.apache.commons.pool2.PoolUtils_ESTest" time="0.001"/>
  <testcase name="test1910" classname="org.apache.commons.pool2.PoolUtils_ESTest" time="0.001"/>
  <testcase name="test1912" classname="org.apache.commons.pool2.PoolUtils_ESTest" time="0.002"/>
  <testcase name="test7587" classname="org.apache.commons.pool2.PoolUtils_ESTest" time="0.001"/>
  <testcase name="test7464" classname="org.apache.commons.pool2.PoolUtils_ESTest" time="0.002"/>
  <testcase name="test7585" classname="org.apache.commons.pool2.PoolUtils_ESTest" time="0.003"/>
  <testcase name="test5044" classname="org.apache.commons.pool2.PoolUtils_ESTest" time="0.001"/>
  <testcase name="test7463" classname="org.apache.commons.pool2.PoolUtils_ESTest" time="0.002"/>
  <testcase name="test7582" classname="org.apache.commons.pool2.PoolUtils_ESTest" time="0.002"/>
  <testcase name="test4071" classname="org.apache.commons.pool2.PoolUtils_ESTest" time="0.001"/>
  <testcase name="test7581" classname="org.apache.commons.pool2.PoolUtils_ESTest" time="0.002"/>
  <testcase name="test4072" classname="org.apache.commons.pool2.PoolUtils_ESTest" time="0.002"/>
  <testcase name="test7108" classname="org.apache.commons.pool2.PoolUtils_ESTest" time="0.003"/>
  <testcase name="test5049" classname="org.apache.commons.pool2.PoolUtils_ESTest" time="0.002"/>
  <testcase name="test7107" classname="org.apache.commons.pool2.PoolUtils_ESTest" time="0.003"/>
  <testcase name="test7349" classname="org.apache.commons.pool2.PoolUtils_ESTest" time="0.007"/>
  <testcase name="test5047" classname="org.apache.commons.pool2.PoolUtils_ESTest" time="0.004"/>
  <testcase name="test7588" classname="org.apache.commons.pool2.PoolUtils_ESTest" time="0.005"/>
  <testcase name="test1804" classname="org.apache.commons.pool2.PoolUtils_ESTest" time="0.003"/>
  <testcase name="test1805" classname="org.apache.commons.pool2.PoolUtils_ESTest" time="0.004"/>
  <testcase name="test1926" classname="org.apache.commons.pool2.PoolUtils_ESTest" time="0.003"/>
  <testcase name="test1800" classname="org.apache.commons.pool2.PoolUtils_ESTest" time="0.003"/>
  <testcase name="test189" classname="org.apache.commons.pool2.PoolUtils_ESTest" time="0.004"/>
  <testcase name="test4044" classname="org.apache.commons.pool2.PoolUtils_ESTest" time="0.004"/>
  <testcase name="test5496" classname="org.apache.commons.pool2.PoolUtils_ESTest" time="0.002"/>
  <testcase name="test6585" classname="org.apache.commons.pool2.PoolUtils_ESTest" time="0"/>
  <testcase name="test7311" classname="org.apache.commons.pool2.PoolUtils_ESTest" time="0.003"/>
  <testcase name="test4042" classname="org.apache.commons.pool2.PoolUtils_ESTest" time="0.002"/>
  <testcase name="test6584" classname="org.apache.commons.pool2.PoolUtils_ESTest" time="0.001"/>
  <testcase name="test7430" classname="org.apache.commons.pool2.PoolUtils_ESTest" time="0.001"/>
  <testcase name="test5491" classname="org.apache.commons.pool2.PoolUtils_ESTest" time="0.002"/>
  <testcase name="test7318" classname="org.apache.commons.pool2.PoolUtils_ESTest" time="0.003"/>
  <testcase name="test7317" classname="org.apache.commons.pool2.PoolUtils_ESTest" time="0.004"/>
  <testcase name="test7558" classname="org.apache.commons.pool2.PoolUtils_ESTest" time="0.001"/>
  <testcase name="test5138" classname="org.apache.commons.pool2.PoolUtils_ESTest" time="0.003"/>
  <testcase name="test7315" classname="org.apache.commons.pool2.PoolUtils_ESTest" time="0.005"/>
  <testcase name="test7436" classname="org.apache.commons.pool2.PoolUtils_ESTest" time="0.002"/>
  <testcase name="test5135" classname="org.apache.commons.pool2.PoolUtils_ESTest" time="0.002"/>
  <testcase name="test5136" classname="org.apache.commons.pool2.PoolUtils_ESTest" time="0.002"/>
  <testcase name="test6587" classname="org.apache.commons.pool2.PoolUtils_ESTest" time="0.001"/>
  <testcase name="test198" classname="org.apache.commons.pool2.PoolUtils_ESTest" time="0.009"/>
  <testcase name="test196" classname="org.apache.commons.pool2.PoolUtils_ESTest" time="0.001"/>
  <testcase name="test194" classname="org.apache.commons.pool2.PoolUtils_ESTest" time="0.002"/>
  <testcase name="test195" classname="org.apache.commons.pool2.PoolUtils_ESTest" time="0.001"/>
  <testcase name="test178" classname="org.apache.commons.pool2.PoolUtils_ESTest" time="0.002"/>
  <testcase name="test179" classname="org.apache.commons.pool2.PoolUtils_ESTest" time="0.001"/>
  <testcase name="test7565" classname="org.apache.commons.pool2.PoolUtils_ESTest" time="0.001"/>
  <testcase name="test5024" classname="org.apache.commons.pool2.PoolUtils_ESTest" time="0.001"/>
  <testcase name="test7321" classname="org.apache.commons.pool2.PoolUtils_ESTest" time="0.003"/>
  <testcase name="test5140" classname="org.apache.commons.pool2.PoolUtils_ESTest" time="0.003"/>
  <testcase name="test7440" classname="org.apache.commons.pool2.PoolUtils_ESTest" time="0.003"/>
  <testcase name="test6590" classname="org.apache.commons.pool2.PoolUtils_ESTest" time="0"/>
  <testcase name="test5029" classname="org.apache.commons.pool2.PoolUtils_ESTest" time="0.003"/>
  <testcase name="test7328" classname="org.apache.commons.pool2.PoolUtils_ESTest" time="0.004"/>
  <testcase name="test5027" classname="org.apache.commons.pool2.PoolUtils_ESTest" time="0.003"/>
  <testcase name="test7327" classname="org.apache.commons.pool2.PoolUtils_ESTest" time="0.006"/>
  <testcase name="test5025" classname="org.apache.commons.pool2.PoolUtils_ESTest" time="0.003"/>
  <testcase name="test4058" classname="org.apache.commons.pool2.PoolUtils_ESTest" time="0.003"/>
  <testcase name="test5026" classname="org.apache.commons.pool2.PoolUtils_ESTest" time="0.002"/>
  <testcase name="test7445" classname="org.apache.commons.pool2.PoolUtils_ESTest" time="0.002"/>
  <testcase name="test1905" classname="org.apache.commons.pool2.PoolUtils_ESTest" time="0.001"/>
  <testcase name="test184" classname="org.apache.commons.pool2.PoolUtils_ESTest" time="0.002"/>
  <testcase name="test182" classname="org.apache.commons.pool2.PoolUtils_ESTest" time="0.003"/>
  <testcase name="test1901" classname="org.apache.commons.pool2.PoolUtils_ESTest" time="0.002"/>
  <testcase name="test2085" classname="org.apache.commons.pool2.PoolUtils_ESTest" time="0.003"/>
  <testcase name="test7411" classname="org.apache.commons.pool2.PoolUtils_ESTest" time="0.003"/>
  <testcase name="test4023" classname="org.apache.commons.pool2.PoolUtils_ESTest" time="0.002"/>
  <testcase name="test5475" classname="org.apache.commons.pool2.PoolUtils_ESTest" time="0.003"/>
  <testcase name="test7530" classname="org.apache.commons.pool2.PoolUtils_ESTest" time="0.001"/>
  <testcase name="test4021" classname="org.apache.commons.pool2.PoolUtils_ESTest" time="0.003"/>
  <testcase name="test5470" classname="org.apache.commons.pool2.PoolUtils_ESTest" time="0.003"/>
  <testcase name="test7890" classname="org.apache.commons.pool2.PoolUtils_ESTest" time="0.002"/>
  <testcase name="test2083" classname="org.apache.commons.pool2.PoolUtils_ESTest" time="0.005"/>
  <testcase name="test3051" classname="org.apache.commons.pool2.PoolUtils_ESTest" time="0.002"/>
  <testcase name="test3050" classname="org.apache.commons.pool2.PoolUtils_ESTest" time="0.002"/>
  <testcase name="test5117" classname="org.apache.commons.pool2.PoolUtils_ESTest" time="0.004"/>
  <testcase name="test4029" classname="org.apache.commons.pool2.PoolUtils_ESTest" time="0.002"/>
  <testcase name="test7537" classname="org.apache.commons.pool2.PoolUtils_ESTest" time="0.001"/>
  <testcase name="test7899" classname="org.apache.commons.pool2.PoolUtils_ESTest" time="0.002"/>
  <testcase name="test4027" classname="org.apache.commons.pool2.PoolUtils_ESTest" time="0.003"/>
  <testcase name="test6688" classname="org.apache.commons.pool2.PoolUtils_ESTest" time="0.002"/>
  <testcase name="test4024" classname="org.apache.commons.pool2.PoolUtils_ESTest" time="0.003"/>
  <testcase name="test6687" classname="org.apache.commons.pool2.PoolUtils_ESTest" time="0.002"/>
  <testcase name="test5477" classname="org.apache.commons.pool2.PoolUtils_ESTest" time="0.003"/>
  <testcase name="test7412" classname="org.apache.commons.pool2.PoolUtils_ESTest" time="0.002"/>
  <testcase name="test5123" classname="org.apache.commons.pool2.PoolUtils_ESTest" time="0.003"/>
  <testcase name="test2092" classname="org.apache.commons.pool2.PoolUtils_ESTest" time="0.004"/>
  <testcase name="test6692" classname="org.apache.commons.pool2.PoolUtils_ESTest" time="0.003"/>
  <testcase name="test2091" classname="org.apache.commons.pool2.PoolUtils_ESTest" time="0.003"/>
  <testcase name="test5482" classname="org.apache.commons.pool2.PoolUtils_ESTest" time="0.003"/>
  <testcase name="test6691" classname="org.apache.commons.pool2.PoolUtils_ESTest" time="0.002"/>
  <testcase name="test7429" classname="org.apache.commons.pool2.PoolUtils_ESTest" time="0.003"/>
  <testcase name="test4039" classname="org.apache.commons.pool2.PoolUtils_ESTest" time="0.003"/>
  <testcase name="test5129" classname="org.apache.commons.pool2.PoolUtils_ESTest" time="0.003"/>
  <testcase name="test5489" classname="org.apache.commons.pool2.PoolUtils_ESTest" time="0.003"/>
  <testcase name="test7305" classname="org.apache.commons.pool2.PoolUtils_ESTest" time="0.006"/>
  <testcase name="test4038" classname="org.apache.commons.pool2.PoolUtils_ESTest" time="0.005"/>
  <testcase name="test6578" classname="org.apache.commons.pool2.PoolUtils_ESTest" time="0.001"/>
  <testcase name="test6699" classname="org.apache.commons.pool2.PoolUtils_ESTest" time="0.004"/>
  <testcase name="test5487" classname="org.apache.commons.pool2.PoolUtils_ESTest" time="0.005"/>
  <testcase name="test6577" classname="org.apache.commons.pool2.PoolUtils_ESTest" time="0.003"/>
  <testcase name="test6698" classname="org.apache.commons.pool2.PoolUtils_ESTest" time="0.004"/>
  <testcase name="test7303" classname="org.apache.commons.pool2.PoolUtils_ESTest" time="0.008"/>
  <testcase name="test5488" classname="org.apache.commons.pool2.PoolUtils_ESTest" time="0.006"/>
  <testcase name="test2063" classname="org.apache.commons.pool2.PoolUtils_ESTest" time="0.005"/>
  <testcase name="test3031" classname="org.apache.commons.pool2.PoolUtils_ESTest" time="0.003"/>
  <testcase name="test3152" classname="org.apache.commons.pool2.PoolUtils_ESTest" time="0.003"/>
  <testcase name="test7994" classname="org.apache.commons.pool2.PoolUtils_ESTest" time="0.005"/>
  <testcase name="test3272" classname="org.apache.commons.pool2.PoolUtils_ESTest" time="0.003"/>
  <testcase name="test3033" classname="org.apache.commons.pool2.PoolUtils_ESTest" time="0.003"/>
  <testcase name="test5572" classname="org.apache.commons.pool2.PoolUtils_ESTest" time="0.003"/>
  <testcase name="test3150" classname="org.apache.commons.pool2.PoolUtils_ESTest" time="0.003"/>
  <testcase name="test3271" classname="org.apache.commons.pool2.PoolUtils_ESTest" time="0.002"/>
  <testcase name="test2060" classname="org.apache.commons.pool2.PoolUtils_ESTest" time="0.003"/>
  <testcase name="test3270" classname="org.apache.commons.pool2.PoolUtils_ESTest" time="0.002"/>
  <testcase name="test3039" classname="org.apache.commons.pool2.PoolUtils_ESTest" time="0.005"/>
  <testcase name="test4007" classname="org.apache.commons.pool2.PoolUtils_ESTest" time="0.005"/>
  <testcase name="test7999" classname="org.apache.commons.pool2.PoolUtils_ESTest" time="0.003"/>
  <testcase name="test3156" classname="org.apache.commons.pool2.PoolUtils_ESTest" time="0.003"/>
  <testcase name="test7514" classname="org.apache.commons.pool2.PoolUtils_ESTest" time="0.002"/>
  <testcase name="test2066" classname="org.apache.commons.pool2.PoolUtils_ESTest" time="0.003"/>
  <testcase name="test4005" classname="org.apache.commons.pool2.PoolUtils_ESTest" time="0.003"/>
  <testcase name="test7513" classname="org.apache.commons.pool2.PoolUtils_ESTest" time="0.003"/>
  <testcase name="test3037" classname="org.apache.commons.pool2.PoolUtils_ESTest" time="0.003"/>
  <testcase name="test3279" classname="org.apache.commons.pool2.PoolUtils_ESTest" time="0.003"/>
  <testcase name="test5575" classname="org.apache.commons.pool2.PoolUtils_ESTest" time="0.002"/>
  <testcase name="test6665" classname="org.apache.commons.pool2.PoolUtils_ESTest" time="0.003"/>
  <testcase name="test7512" classname="org.apache.commons.pool2.PoolUtils_ESTest" time="0.002"/>
  <testcase name="test3157" classname="org.apache.commons.pool2.PoolUtils_ESTest" time="0.004"/>
  <testcase name="test3278" classname="org.apache.commons.pool2.PoolUtils_ESTest" time="0.005"/>
  <testcase name="test7519" classname="org.apache.commons.pool2.PoolUtils_ESTest" time="0.001"/>
  <testcase name="test7884" classname="org.apache.commons.pool2.PoolUtils_ESTest" time="0.004"/>
  <testcase name="test3044" classname="org.apache.commons.pool2.PoolUtils_ESTest" time="0.003"/>
  <testcase name="test3043" classname="org.apache.commons.pool2.PoolUtils_ESTest" time="0.003"/>
  <testcase name="test4010" classname="org.apache.commons.pool2.PoolUtils_ESTest" time="0.002"/>
  <testcase name="test7881" classname="org.apache.commons.pool2.PoolUtils_ESTest" time="0.004"/>
  <testcase name="test2191" classname="org.apache.commons.pool2.PoolUtils_ESTest" time="0.003"/>
  <testcase name="test2193" classname="org.apache.commons.pool2.PoolUtils_ESTest" time="0.002"/>
  <testcase name="test3040" classname="org.apache.commons.pool2.PoolUtils_ESTest" time="0.002"/>
  <testcase name="test2071" classname="org.apache.commons.pool2.PoolUtils_ESTest" time="0.004"/>
  <testcase name="test7408" classname="org.apache.commons.pool2.PoolUtils_ESTest" time="0.001"/>
  <testcase name="test7529" classname="org.apache.commons.pool2.PoolUtils_ESTest" time="0"/>
  <testcase name="test5109" classname="org.apache.commons.pool2.PoolUtils_ESTest" time="0.003"/>
  <testcase name="test4017" classname="org.apache.commons.pool2.PoolUtils_ESTest" time="0.005"/>
  <testcase name="test5469" classname="org.apache.commons.pool2.PoolUtils_ESTest" time="0.005"/>
  <testcase name="test7527" classname="org.apache.commons.pool2.PoolUtils_ESTest" time="0.001"/>
  <testcase name="test5107" classname="org.apache.commons.pool2.PoolUtils_ESTest" time="0.002"/>
  <testcase name="test3046" classname="org.apache.commons.pool2.PoolUtils_ESTest" time="0.003"/>
  <testcase name="test5105" classname="org.apache.commons.pool2.PoolUtils_ESTest" time="0.002"/>
  <testcase name="test6798" classname="org.apache.commons.pool2.PoolUtils_ESTest" time="0.002"/>
  <testcase name="test7524" classname="org.apache.commons.pool2.PoolUtils_ESTest" time="0.001"/>
  <testcase name="test3048" classname="org.apache.commons.pool2.PoolUtils_ESTest" time="0.003"/>
  <testcase name="test7523" classname="org.apache.commons.pool2.PoolUtils_ESTest" time="0.001"/>
  <testcase name="test7886" classname="org.apache.commons.pool2.PoolUtils_ESTest" time="0.002"/>
  <testcase name="test4014" classname="org.apache.commons.pool2.PoolUtils_ESTest" time="0.003"/>
  <testcase name="test5466" classname="org.apache.commons.pool2.PoolUtils_ESTest" time="0.002"/>
  <testcase name="test7885" classname="org.apache.commons.pool2.PoolUtils_ESTest" time="0.002"/>
  <testcase name="test3130" classname="org.apache.commons.pool2.PoolUtils_ESTest" time="0.002"/>
  <testcase name="test3492" classname="org.apache.commons.pool2.PoolUtils_ESTest" time="0.004"/>
  <testcase name="test3132" classname="org.apache.commons.pool2.PoolUtils_ESTest" time="0.006"/>
  <testcase name="test3252" classname="org.apache.commons.pool2.PoolUtils_ESTest" time="0.003"/>
  <testcase name="test3370" classname="org.apache.commons.pool2.PoolUtils_ESTest" time="0.005"/>
  <testcase name="test2280" classname="org.apache.commons.pool2.PoolUtils_ESTest" time="0.003"/>
  <testcase name="test3017" classname="org.apache.commons.pool2.PoolUtils_ESTest" time="0.003"/>
  <testcase name="test3259" classname="org.apache.commons.pool2.PoolUtils_ESTest" time="0.003"/>
  <testcase name="test6649" classname="org.apache.commons.pool2.PoolUtils_ESTest" time="0.002"/>
  <testcase name="test7859" classname="org.apache.commons.pool2.PoolUtils_ESTest" time="0.003"/>
  <testcase name="test3137" classname="org.apache.commons.pool2.PoolUtils_ESTest" time="0.002"/>
  <testcase name="test6769" classname="org.apache.commons.pool2.PoolUtils_ESTest" time="0.001"/>
  <testcase name="test7616" classname="org.apache.commons.pool2.PoolUtils_ESTest" time="0.003"/>
  <testcase name="test7858" classname="org.apache.commons.pool2.PoolUtils_ESTest" time="0.003"/>
  <testcase name="test3019" classname="org.apache.commons.pool2.PoolUtils_ESTest" time="0.002"/>
  <testcase name="test5557" classname="org.apache.commons.pool2.PoolUtils_ESTest" time="0.003"/>
  <testcase name="test6647" classname="org.apache.commons.pool2.PoolUtils_ESTest" time="0.003"/>
  <testcase name="test3018" classname="org.apache.commons.pool2.PoolUtils_ESTest" time="0.003"/>
  <testcase name="test3139" classname="org.apache.commons.pool2.PoolUtils_ESTest" time="0.003"/>
  <testcase name="test7614" classname="org.apache.commons.pool2.PoolUtils_ESTest" time="0.005"/>
  <testcase name="test6766" classname="org.apache.commons.pool2.PoolUtils_ESTest" time="0.001"/>
  <testcase name="test3254" classname="org.apache.commons.pool2.PoolUtils_ESTest" time="0.003"/>
  <testcase name="test3496" classname="org.apache.commons.pool2.PoolUtils_ESTest" time="0.005"/>
  <testcase name="test7612" classname="org.apache.commons.pool2.PoolUtils_ESTest" time="0.004"/>
  <testcase name="test1078" classname="org.apache.commons.pool2.PoolUtils_ESTest" time="0.001"/>
  <testcase name="test6643" classname="org.apache.commons.pool2.PoolUtils_ESTest" time="0.003"/>
  <testcase name="test1079" classname="org.apache.commons.pool2.PoolUtils_ESTest" time="0.002"/>
  <testcase name="test3377" classname="org.apache.commons.pool2.PoolUtils_ESTest" time="0.006"/>
  <testcase name="test3498" classname="org.apache.commons.pool2.PoolUtils_ESTest" time="0.005"/>
  <testcase name="test7610" classname="org.apache.commons.pool2.PoolUtils_ESTest" time="0.003"/>
  <testcase name="test7619" classname="org.apache.commons.pool2.PoolUtils_ESTest" time="0.003"/>
  <testcase name="test112" classname="org.apache.commons.pool2.PoolUtils_ESTest" time="0"/>
  <testcase name="test2052" classname="org.apache.commons.pool2.PoolUtils_ESTest" time="0.004"/>
  <testcase name="test6652" classname="org.apache.commons.pool2.PoolUtils_ESTest" time="0.003"/>
  <testcase name="test7620" classname="org.apache.commons.pool2.PoolUtils_ESTest" time="0.008"/>
  <testcase name="test2051" classname="org.apache.commons.pool2.PoolUtils_ESTest" time="0.005"/>
  <testcase name="test3261" classname="org.apache.commons.pool2.PoolUtils_ESTest" time="0.005"/>
  <testcase name="test6651" classname="org.apache.commons.pool2.PoolUtils_ESTest" time="0.008"/>
  <testcase name="test3143" classname="org.apache.commons.pool2.PoolUtils_ESTest" time="0.003"/>
  <testcase name="test1080" classname="org.apache.commons.pool2.PoolUtils_ESTest" time="0.001"/>
  <testcase name="test3380" classname="org.apache.commons.pool2.PoolUtils_ESTest" time="0.004"/>
  <testcase name="test3149" classname="org.apache.commons.pool2.PoolUtils_ESTest" time="0.004"/>
  <testcase name="test7628" classname="org.apache.commons.pool2.PoolUtils_ESTest" time="0.003"/>
  <testcase name="test6659" classname="org.apache.commons.pool2.PoolUtils_ESTest" time="0.003"/>
  <testcase name="test7627" classname="org.apache.commons.pool2.PoolUtils_ESTest" time="0.004"/>
  <testcase name="test5568" classname="org.apache.commons.pool2.PoolUtils_ESTest" time="0.003"/>
  <testcase name="test6658" classname="org.apache.commons.pool2.PoolUtils_ESTest" time="0.003"/>
  <testcase name="test6657" classname="org.apache.commons.pool2.PoolUtils_ESTest" time="0.003"/>
  <testcase name="test7625" classname="org.apache.commons.pool2.PoolUtils_ESTest" time="0.006"/>
  <testcase name="test2056" classname="org.apache.commons.pool2.PoolUtils_ESTest" time="0.004"/>
  <testcase name="test3024" classname="org.apache.commons.pool2.PoolUtils_ESTest" time="0.003"/>
  <testcase name="test3145" classname="org.apache.commons.pool2.PoolUtils_ESTest" time="0.003"/>
  <testcase name="test6656" classname="org.apache.commons.pool2.PoolUtils_ESTest" time="0.004"/>
  <testcase name="test7624" classname="org.apache.commons.pool2.PoolUtils_ESTest" time="0.003"/>
  <testcase name="test7987" classname="org.apache.commons.pool2.PoolUtils_ESTest" time="0.006"/>
  <testcase name="test2055" classname="org.apache.commons.pool2.PoolUtils_ESTest" time="0.003"/>
  <testcase name="test5567" classname="org.apache.commons.pool2.PoolUtils_ESTest" time="0.004"/>
  <testcase name="test6776" classname="org.apache.commons.pool2.PoolUtils_ESTest" time="0.001"/>
  <testcase name="test7986" classname="org.apache.commons.pool2.PoolUtils_ESTest" time="0.013"/>
  <testcase name="test3026" classname="org.apache.commons.pool2.PoolUtils_ESTest" time="0.003"/>
  <testcase name="test3268" classname="org.apache.commons.pool2.PoolUtils_ESTest" time="0.002"/>
  <testcase name="test6775" classname="org.apache.commons.pool2.PoolUtils_ESTest" time="0.001"/>
  <testcase name="test7501" classname="org.apache.commons.pool2.PoolUtils_ESTest" time="0.001"/>
  <testcase name="test3146" classname="org.apache.commons.pool2.PoolUtils_ESTest" time="0.003"/>
  <testcase name="test3267" classname="org.apache.commons.pool2.PoolUtils_ESTest" time="0.002"/>
  <testcase name="test6653" classname="org.apache.commons.pool2.PoolUtils_ESTest" time="0.003"/>
  <testcase name="test6774" classname="org.apache.commons.pool2.PoolUtils_ESTest" time="0"/>
  <testcase name="test7500" classname="org.apache.commons.pool2.PoolUtils_ESTest" time="0.002"/>
  <testcase name="test107" classname="org.apache.commons.pool2.PoolUtils_ESTest" time="0.001"/>
  <testcase name="test106" classname="org.apache.commons.pool2.PoolUtils_ESTest" time="0.001"/>
  <testcase name="test103" classname="org.apache.commons.pool2.PoolUtils_ESTest" time="0.001"/>
  <testcase name="test_nothing" classname="org.apache.commons.pool2.PoolUtils_ESTest" time="0"/>
  <testcase name="test3350" classname="org.apache.commons.pool2.PoolUtils_ESTest" time="0.003"/>
  <testcase name="test3471" classname="org.apache.commons.pool2.PoolUtils_ESTest" time="0.004"/>
  <testcase name="test6740" classname="org.apache.commons.pool2.PoolUtils_ESTest" time="0.002"/>
  <testcase name="test3470" classname="org.apache.commons.pool2.PoolUtils_ESTest" time="0.004"/>
  <testcase name="test3231" classname="org.apache.commons.pool2.PoolUtils_ESTest" time="0.007"/>
  <testcase name="test3352" classname="org.apache.commons.pool2.PoolUtils_ESTest" time="0.006"/>
  <testcase name="test3473" classname="org.apache.commons.pool2.PoolUtils_ESTest" time="0.005"/>
  <testcase name="test2383" classname="org.apache.commons.pool2.PoolUtils_ESTest" time="0"/>
  <testcase name="test3351" classname="org.apache.commons.pool2.PoolUtils_ESTest" time="0.004"/>
  <testcase name="test2380" classname="org.apache.commons.pool2.PoolUtils_ESTest" time="0.001"/>
  <testcase name="test3237" classname="org.apache.commons.pool2.PoolUtils_ESTest" time="0.002"/>
  <testcase name="test3479" classname="org.apache.commons.pool2.PoolUtils_ESTest" time="0.004"/>
  <testcase name="test5537" classname="org.apache.commons.pool2.PoolUtils_ESTest" time="0.003"/>
  <testcase name="test6627" classname="org.apache.commons.pool2.PoolUtils_ESTest" time="0.002"/>
  <testcase name="test3115" classname="org.apache.commons.pool2.PoolUtils_ESTest" time="0.003"/>
  <testcase name="test3357" classname="org.apache.commons.pool2.PoolUtils_ESTest" time="0.004"/>
  <testcase name="test5538" classname="org.apache.commons.pool2.PoolUtils_ESTest" time="0.003"/>
  <testcase name="test6626" classname="org.apache.commons.pool2.PoolUtils_ESTest" time="0.003"/>
  <testcase name="test7956" classname="org.apache.commons.pool2.PoolUtils_ESTest" time="0.009"/>
  <testcase name="test3359" classname="org.apache.commons.pool2.PoolUtils_ESTest" time="0.007"/>
  <testcase name="test5536" classname="org.apache.commons.pool2.PoolUtils_ESTest" time="0.006"/>
  <testcase name="test3112" classname="org.apache.commons.pool2.PoolUtils_ESTest" time="0.007"/>
  <testcase name="test3234" classname="org.apache.commons.pool2.PoolUtils_ESTest" time="0.008"/>
  <testcase name="test6620" classname="org.apache.commons.pool2.PoolUtils_ESTest" time="0.005"/>
  <testcase name="test110" classname="org.apache.commons.pool2.PoolUtils_ESTest" time="0.001"/>
  <testcase name="test111" classname="org.apache.commons.pool2.PoolUtils_ESTest" time="0.002"/>
  <testcase name="test6629" classname="org.apache.commons.pool2.PoolUtils_ESTest" time="0.006"/>
  <testcase name="test211" classname="org.apache.commons.pool2.PoolUtils_ESTest" time="0.007"/>
  <testcase name="test7840" classname="org.apache.commons.pool2.PoolUtils_ESTest" time="0.004"/>
  <testcase name="test3360" classname="org.apache.commons.pool2.PoolUtils_ESTest" time="0.005"/>
  <testcase name="test3481" classname="org.apache.commons.pool2.PoolUtils_ESTest" time="0.004"/>
  <testcase name="test5541" classname="org.apache.commons.pool2.PoolUtils_ESTest" time="0.003"/>
  <testcase name="test6992" classname="org.apache.commons.pool2.PoolUtils_ESTest" time="0.003"/>
  <testcase name="test3000" classname="org.apache.commons.pool2.PoolUtils_ESTest" time="0.003"/>
  <testcase name="test6990" classname="org.apache.commons.pool2.PoolUtils_ESTest" time="0.003"/>
  <testcase name="test3480" classname="org.apache.commons.pool2.PoolUtils_ESTest" time="0.004"/>
  <testcase name="test3006" classname="org.apache.commons.pool2.PoolUtils_ESTest" time="0.003"/>
  <testcase name="test6638" classname="org.apache.commons.pool2.PoolUtils_ESTest" time="0.005"/>
  <testcase name="test7848" classname="org.apache.commons.pool2.PoolUtils_ESTest" time="0.006"/>
  <testcase name="test3247" classname="org.apache.commons.pool2.PoolUtils_ESTest" time="0.004"/>
  <testcase name="test3368" classname="org.apache.commons.pool2.PoolUtils_ESTest" time="0.004"/>
  <testcase name="test7605" classname="org.apache.commons.pool2.PoolUtils_ESTest" time="0.006"/>
  <testcase name="test6636" classname="org.apache.commons.pool2.PoolUtils_ESTest" time="0.003"/>
  <testcase name="test6998" classname="org.apache.commons.pool2.PoolUtils_ESTest" time="0.003"/>
  <testcase name="test3123" classname="org.apache.commons.pool2.PoolUtils_ESTest" time="0.005"/>
  <testcase name="test3486" classname="org.apache.commons.pool2.PoolUtils_ESTest" time="0.004"/>
  <testcase name="test5544" classname="org.apache.commons.pool2.PoolUtils_ESTest" time="0.005"/>
  <testcase name="test3364" classname="org.apache.commons.pool2.PoolUtils_ESTest" time="0.008"/>
  <testcase name="test7843" classname="org.apache.commons.pool2.PoolUtils_ESTest" time="0.003"/>
  <testcase name="test3125" classname="org.apache.commons.pool2.PoolUtils_ESTest" time="0.005"/>
  <testcase name="test3246" classname="org.apache.commons.pool2.PoolUtils_ESTest" time="0.004"/>
  <testcase name="test3488" classname="org.apache.commons.pool2.PoolUtils_ESTest" time="0.005"/>
  <testcase name="test1068" classname="org.apache.commons.pool2.PoolUtils_ESTest" time="0.001"/>
  <testcase name="test3003" classname="org.apache.commons.pool2.PoolUtils_ESTest" time="0.003"/>
  <testcase name="test3124" classname="org.apache.commons.pool2.PoolUtils_ESTest" time="0.004"/>
  <testcase name="test3245" classname="org.apache.commons.pool2.PoolUtils_ESTest" time="0.006"/>
  <testcase name="test7962" classname="org.apache.commons.pool2.PoolUtils_ESTest" time="0.01"/>
  <testcase name="test3009" classname="org.apache.commons.pool2.PoolUtils_ESTest" time="0.007"/>
  <testcase name="test7608" classname="org.apache.commons.pool2.PoolUtils_ESTest" time="0.004"/>
  <testcase name="test7607" classname="org.apache.commons.pool2.PoolUtils_ESTest" time="0.005"/>
  <testcase name="test169" classname="org.apache.commons.pool2.PoolUtils_ESTest" time="0.004"/>
  <testcase name="test168" classname="org.apache.commons.pool2.PoolUtils_ESTest" time="0.005"/>
  <testcase name="test5750" classname="org.apache.commons.pool2.PoolUtils_ESTest" time="0.004"/>
  <testcase name="test2361" classname="org.apache.commons.pool2.PoolUtils_ESTest" time="0.002"/>
  <testcase name="test3215" classname="org.apache.commons.pool2.PoolUtils_ESTest" time="0.007"/>
  <testcase name="test5757" classname="org.apache.commons.pool2.PoolUtils_ESTest" time="0.006"/>
  <testcase name="test6968" classname="org.apache.commons.pool2.PoolUtils_ESTest" time="0.004"/>
  <testcase name="test6725" classname="org.apache.commons.pool2.PoolUtils_ESTest" time="0.006"/>
  <testcase name="test6967" classname="org.apache.commons.pool2.PoolUtils_ESTest" time="0.006"/>
  <testcase name="test7935" classname="org.apache.commons.pool2.PoolUtils_ESTest" time="0.008"/>
  <testcase name="test3217" classname="org.apache.commons.pool2.PoolUtils_ESTest" time="0.006"/>
  <testcase name="test7813" classname="org.apache.commons.pool2.PoolUtils_ESTest" time="0.004"/>
  <testcase name="test3337" classname="org.apache.commons.pool2.PoolUtils_ESTest" time="0.004"/>
  <testcase name="test5514" classname="org.apache.commons.pool2.PoolUtils_ESTest" time="0.004"/>
  <testcase name="test6723" classname="org.apache.commons.pool2.PoolUtils_ESTest" time="0.004"/>
  <testcase name="test2364" classname="org.apache.commons.pool2.PoolUtils_ESTest" time="0"/>
  <testcase name="test7811" classname="org.apache.commons.pool2.PoolUtils_ESTest" time="0.006"/>
  <testcase name="test6721" classname="org.apache.commons.pool2.PoolUtils_ESTest" time="0.007"/>
  <testcase name="test6962" classname="org.apache.commons.pool2.PoolUtils_ESTest" time="0.01"/>
  <testcase name="test6840" classname="org.apache.commons.pool2.PoolUtils_ESTest" time="0.006"/>
  <testcase name="test176" classname="org.apache.commons.pool2.PoolUtils_ESTest" time="0.006"/>
  <testcase name="test177" classname="org.apache.commons.pool2.PoolUtils_ESTest" time="0.003"/>
  <testcase name="test6729" classname="org.apache.commons.pool2.PoolUtils_ESTest" time="0.006"/>
  <testcase name="test7939" classname="org.apache.commons.pool2.PoolUtils_ESTest" time="0.008"/>
  <testcase name="test170" classname="org.apache.commons.pool2.PoolUtils_ESTest" time="0.007"/>
  <testcase name="test6728" classname="org.apache.commons.pool2.PoolUtils_ESTest" time="0.008"/>
  <testcase name="test7937" classname="org.apache.commons.pool2.PoolUtils_ESTest" time="0.008"/>
  <testcase name="test3341" classname="org.apache.commons.pool2.PoolUtils_ESTest" time="0.007"/>
  <testcase name="test5526" classname="org.apache.commons.pool2.PoolUtils_ESTest" time="0.004"/>
  <testcase name="test6737" classname="org.apache.commons.pool2.PoolUtils_ESTest" time="0.006"/>
  <testcase name="test2378" classname="org.apache.commons.pool2.PoolUtils_ESTest" time="0.001"/>
  <testcase name="test2499" classname="org.apache.commons.pool2.PoolUtils_ESTest" time="0.004"/>
  <testcase name="test3225" classname="org.apache.commons.pool2.PoolUtils_ESTest" time="0.006"/>
  <testcase name="test6615" classname="org.apache.commons.pool2.PoolUtils_ESTest" time="0.001"/>
  <testcase name="test7946" classname="org.apache.commons.pool2.PoolUtils_ESTest" time="0.009"/>
  <testcase name="test3228" classname="org.apache.commons.pool2.PoolUtils_ESTest" time="0.006"/>
  <testcase name="test5524" classname="org.apache.commons.pool2.PoolUtils_ESTest" time="0.006"/>
  <testcase name="test3106" classname="org.apache.commons.pool2.PoolUtils_ESTest" time="0.007"/>
  <testcase name="test6613" classname="org.apache.commons.pool2.PoolUtils_ESTest" time="0.001"/>
  <testcase name="test7944" classname="org.apache.commons.pool2.PoolUtils_ESTest" time="0.014"/>
  <testcase name="test3101" classname="org.apache.commons.pool2.PoolUtils_ESTest" time="0.005"/>
  <testcase name="test6733" classname="org.apache.commons.pool2.PoolUtils_ESTest" time="0.01"/>
  <testcase name="test7822" classname="org.apache.commons.pool2.PoolUtils_ESTest" time="0.006"/>
  <testcase name="test3342" classname="org.apache.commons.pool2.PoolUtils_ESTest" time="0.007"/>
  <testcase name="test7821" classname="org.apache.commons.pool2.PoolUtils_ESTest" time="0.009"/>
  <testcase name="test2377" classname="org.apache.commons.pool2.PoolUtils_ESTest" time="0.001"/>
  <testcase name="test3103" classname="org.apache.commons.pool2.PoolUtils_ESTest" time="0.006"/>
  <testcase name="test3224" classname="org.apache.commons.pool2.PoolUtils_ESTest" time="0.004"/>
  <testcase name="test3466" classname="org.apache.commons.pool2.PoolUtils_ESTest" time="0.005"/>
  <testcase name="test5762" classname="org.apache.commons.pool2.PoolUtils_ESTest" time="0.005"/>
  <testcase name="test3102" classname="org.apache.commons.pool2.PoolUtils_ESTest" time="0.003"/>
  <testcase name="test3223" classname="org.apache.commons.pool2.PoolUtils_ESTest" time="0.004"/>
  <testcase name="test3344" classname="org.apache.commons.pool2.PoolUtils_ESTest" time="0.005"/>
  <testcase name="test5763" classname="org.apache.commons.pool2.PoolUtils_ESTest" time="0.004"/>
  <testcase name="test6730" classname="org.apache.commons.pool2.PoolUtils_ESTest" time="0.003"/>
  <testcase name="test165" classname="org.apache.commons.pool2.PoolUtils_ESTest" time="0.006"/>
  <testcase name="test164" classname="org.apache.commons.pool2.PoolUtils_ESTest" time="0.006"/>
  <testcase name="test161" classname="org.apache.commons.pool2.PoolUtils_ESTest" time="0.004"/>
  <testcase name="test3109" classname="org.apache.commons.pool2.PoolUtils_ESTest" time="0.004"/>
  <testcase name="test6739" classname="org.apache.commons.pool2.PoolUtils_ESTest" time="0.004"/>
  <testcase name="test149" classname="org.apache.commons.pool2.PoolUtils_ESTest" time="0.001"/>
  <testcase name="test148" classname="org.apache.commons.pool2.PoolUtils_ESTest" time="0.001"/>
  <testcase name="test3791" classname="org.apache.commons.pool2.PoolUtils_ESTest" time="0.001"/>
  <testcase name="test2225" classname="org.apache.commons.pool2.PoolUtils_ESTest" time="0.007"/>
  <testcase name="test3798" classname="org.apache.commons.pool2.PoolUtils_ESTest" time="0.003"/>
  <testcase name="test6704" classname="org.apache.commons.pool2.PoolUtils_ESTest" time="0.009"/>
  <testcase name="test6825" classname="org.apache.commons.pool2.PoolUtils_ESTest" time="0.008"/>
  <testcase name="test6946" classname="org.apache.commons.pool2.PoolUtils_ESTest" time="0.009"/>
  <testcase name="test2224" classname="org.apache.commons.pool2.PoolUtils_ESTest" time="0.006"/>
  <testcase name="test3434" classname="org.apache.commons.pool2.PoolUtils_ESTest" time="0.007"/>
  <testcase name="test3676" classname="org.apache.commons.pool2.PoolUtils_ESTest" time="0.001"/>
  <testcase name="test5736" classname="org.apache.commons.pool2.PoolUtils_ESTest" time="0.006"/>
  <testcase name="test6824" classname="org.apache.commons.pool2.PoolUtils_ESTest" time="0.007"/>
  <testcase name="test6945" classname="org.apache.commons.pool2.PoolUtils_ESTest" time="0.007"/>
  <testcase name="test5733" classname="org.apache.commons.pool2.PoolUtils_ESTest" time="0.007"/>
  <testcase name="test6823" classname="org.apache.commons.pool2.PoolUtils_ESTest" time="0.005"/>
  <testcase name="test6944" classname="org.apache.commons.pool2.PoolUtils_ESTest" time="0.003"/>
  <testcase name="test6701" classname="org.apache.commons.pool2.PoolUtils_ESTest" time="0.003"/>
  <testcase name="test6822" classname="org.apache.commons.pool2.PoolUtils_ESTest" time="0.004"/>
  <testcase name="test5732" classname="org.apache.commons.pool2.PoolUtils_ESTest" time="0.004"/>
  <testcase name="test6941" classname="org.apache.commons.pool2.PoolUtils_ESTest" time="0.007"/>
  <testcase name="test2223" classname="org.apache.commons.pool2.PoolUtils_ESTest" time="0.004"/>
  <testcase name="test3675" classname="org.apache.commons.pool2.PoolUtils_ESTest" time="0.001"/>
  <testcase name="test6940" classname="org.apache.commons.pool2.PoolUtils_ESTest" time="0.008"/>
  <testcase name="test2222" classname="org.apache.commons.pool2.PoolUtils_ESTest" time="0.006"/>
  <testcase name="test3795" classname="org.apache.commons.pool2.PoolUtils_ESTest" time="0.001"/>
  <testcase name="test5730" classname="org.apache.commons.pool2.PoolUtils_ESTest" time="0.006"/>
  <testcase name="test152" classname="org.apache.commons.pool2.PoolUtils_ESTest" time="0.001"/>
  <testcase name="test6708" classname="org.apache.commons.pool2.PoolUtils_ESTest" time="0.006"/>
  <testcase name="test6829" classname="org.apache.commons.pool2.PoolUtils_ESTest" time="0.007"/>
  <testcase name="test6828" classname="org.apache.commons.pool2.PoolUtils_ESTest" time="0.004"/>
  <testcase name="test138" classname="org.apache.commons.pool2.PoolUtils_ESTest" time="0.001"/>
  <testcase name="test137" classname="org.apache.commons.pool2.PoolUtils_ESTest" time="0.001"/>
  <testcase name="test3680" classname="org.apache.commons.pool2.PoolUtils_ESTest" time="0.001"/>
  <testcase name="test3440" classname="org.apache.commons.pool2.PoolUtils_ESTest" time="0.008"/>
  <testcase name="test2599" classname="org.apache.commons.pool2.PoolUtils_ESTest" time="0.004"/>
  <testcase name="test5504" classname="org.apache.commons.pool2.PoolUtils_ESTest" time="0.006"/>
  <testcase name="test5746" classname="org.apache.commons.pool2.PoolUtils_ESTest" time="0.005"/>
  <testcase name="test6715" classname="org.apache.commons.pool2.PoolUtils_ESTest" time="0.007"/>
  <testcase name="test2114" classname="org.apache.commons.pool2.PoolUtils_ESTest" time="0.004"/>
  <testcase name="test3445" classname="org.apache.commons.pool2.PoolUtils_ESTest" time="0.01"/>
  <testcase name="test3687" classname="org.apache.commons.pool2.PoolUtils_ESTest" time="0.001"/>
  <testcase name="test5747" classname="org.apache.commons.pool2.PoolUtils_ESTest" time="0.007"/>
  <testcase name="test3206" classname="org.apache.commons.pool2.PoolUtils_ESTest" time="0.004"/>
  <testcase name="test6834" classname="org.apache.commons.pool2.PoolUtils_ESTest" time="0.004"/>
  <testcase name="test2358" classname="org.apache.commons.pool2.PoolUtils_ESTest" time="0.001"/>
  <testcase name="test5745" classname="org.apache.commons.pool2.PoolUtils_ESTest" time="0.004"/>
  <testcase name="test7922" classname="org.apache.commons.pool2.PoolUtils_ESTest" time="0.01"/>
  <testcase name="test2353" classname="org.apache.commons.pool2.PoolUtils_ESTest" time="0.001"/>
  <testcase name="test3442" classname="org.apache.commons.pool2.PoolUtils_ESTest" time="0.009"/>
  <testcase name="test7921" classname="org.apache.commons.pool2.PoolUtils_ESTest" time="0.013"/>
  <testcase name="test3683" classname="org.apache.commons.pool2.PoolUtils_ESTest" time="0.001"/>
  <testcase name="test5743" classname="org.apache.commons.pool2.PoolUtils_ESTest" time="0.007"/>
  <testcase name="test6831" classname="org.apache.commons.pool2.PoolUtils_ESTest" time="0.007"/>
  <testcase name="test7920" classname="org.apache.commons.pool2.PoolUtils_ESTest" time="0.014"/>
  <testcase name="test3202" classname="org.apache.commons.pool2.PoolUtils_ESTest" time="0.005"/>
  <testcase name="test3686" classname="org.apache.commons.pool2.PoolUtils_ESTest" time="0.001"/>
  <testcase name="test6830" classname="org.apache.commons.pool2.PoolUtils_ESTest" time="0.004"/>
  <testcase name="test5741" classname="org.apache.commons.pool2.PoolUtils_ESTest" time="0.004"/>
  <testcase name="test144" classname="org.apache.commons.pool2.PoolUtils_ESTest" time="0"/>
  <testcase name="test7809" classname="org.apache.commons.pool2.PoolUtils_ESTest" time="0.004"/>
  <testcase name="test6719" classname="org.apache.commons.pool2.PoolUtils_ESTest" time="0.004"/>
  <testcase name="test140" classname="org.apache.commons.pool2.PoolUtils_ESTest" time="0.001"/>
  <testcase name="test3207" classname="org.apache.commons.pool2.PoolUtils_ESTest" time="0.004"/>
  <testcase name="test5506" classname="org.apache.commons.pool2.PoolUtils_ESTest" time="0.004"/>
  <testcase name="test6838" classname="org.apache.commons.pool2.PoolUtils_ESTest" time="0.006"/>
  <testcase name="test7806" classname="org.apache.commons.pool2.PoolUtils_ESTest" time="0.007"/>
  <testcase name="test3209" classname="org.apache.commons.pool2.PoolUtils_ESTest" time="0.005"/>
  <testcase name="test5507" classname="org.apache.commons.pool2.PoolUtils_ESTest" time="0.006"/>
  <testcase name="test7805" classname="org.apache.commons.pool2.PoolUtils_ESTest" time="0.006"/>
  <testcase name="test7926" classname="org.apache.commons.pool2.PoolUtils_ESTest" time="0.009"/>
  <testcase name="test1355" classname="org.apache.commons.pool2.PoolUtils_ESTest" time="0.001"/>
  <testcase name="test2203" classname="org.apache.commons.pool2.PoolUtils_ESTest" time="0.006"/>
  <testcase name="test1356" classname="org.apache.commons.pool2.PoolUtils_ESTest" time="0.001"/>
  <testcase name="test6802" classname="org.apache.commons.pool2.PoolUtils_ESTest" time="0.004"/>
  <testcase name="test1357" classname="org.apache.commons.pool2.PoolUtils_ESTest" time="0.001"/>
  <testcase name="test2205" classname="org.apache.commons.pool2.PoolUtils_ESTest" time="0.004"/>
  <testcase name="test3415" classname="org.apache.commons.pool2.PoolUtils_ESTest" time="0.005"/>
  <testcase name="test2325" classname="org.apache.commons.pool2.PoolUtils_ESTest" time="0"/>
  <testcase name="test3898" classname="org.apache.commons.pool2.PoolUtils_ESTest" time="0.005"/>
  <testcase name="test1595" classname="org.apache.commons.pool2.PoolUtils_ESTest" time="0.001"/>
  <testcase name="test2322" classname="org.apache.commons.pool2.PoolUtils_ESTest" time="0.001"/>
  <testcase name="test3894" classname="org.apache.commons.pool2.PoolUtils_ESTest" time="0.005"/>
  <testcase name="test2207" classname="org.apache.commons.pool2.PoolUtils_ESTest" time="0.006"/>
  <testcase name="test2328" classname="org.apache.commons.pool2.PoolUtils_ESTest" time="0"/>
  <testcase name="test3417" classname="org.apache.commons.pool2.PoolUtils_ESTest" time="0.009"/>
  <testcase name="test5838" classname="org.apache.commons.pool2.PoolUtils_ESTest" time="0.002"/>
  <testcase name="test2448" classname="org.apache.commons.pool2.PoolUtils_ESTest" time="0.001"/>
  <testcase name="test3416" classname="org.apache.commons.pool2.PoolUtils_ESTest" time="0.007"/>
  <testcase name="test6927" classname="org.apache.commons.pool2.PoolUtils_ESTest" time="0.006"/>
  <testcase name="test6805" classname="org.apache.commons.pool2.PoolUtils_ESTest" time="0.005"/>
  <testcase name="test2450" classname="org.apache.commons.pool2.PoolUtils_ESTest" time="0.001"/>
  <testcase name="test1366" classname="org.apache.commons.pool2.PoolUtils_ESTest" time="0.001"/>
  <testcase name="test2456" classname="org.apache.commons.pool2.PoolUtils_ESTest" time="0.001"/>
  <testcase name="test3424" classname="org.apache.commons.pool2.PoolUtils_ESTest" time="0.007"/>
  <testcase name="test2697" classname="org.apache.commons.pool2.PoolUtils_ESTest" time="0.009"/>
  <testcase name="test6934" classname="org.apache.commons.pool2.PoolUtils_ESTest" time="0.009"/>
  <testcase name="test1368" classname="org.apache.commons.pool2.PoolUtils_ESTest" time="0.001"/>
  <testcase name="test2216" classname="org.apache.commons.pool2.PoolUtils_ESTest" time="0.01"/>
  <testcase name="test3426" classname="org.apache.commons.pool2.PoolUtils_ESTest" time="0.007"/>
  <testcase name="test6812" classname="org.apache.commons.pool2.PoolUtils_ESTest" time="0.006"/>
  <testcase name="test3425" classname="org.apache.commons.pool2.PoolUtils_ESTest" time="0.014"/>
  <testcase name="test6811" classname="org.apache.commons.pool2.PoolUtils_ESTest" time="0.011"/>
  <testcase name="test3783" classname="org.apache.commons.pool2.PoolUtils_ESTest" time="0.001"/>
  <testcase name="test6931" classname="org.apache.commons.pool2.PoolUtils_ESTest" time="0.006"/>
  <testcase name="test1363" classname="org.apache.commons.pool2.PoolUtils_ESTest" time="0.001"/>
  <testcase name="test2451" classname="org.apache.commons.pool2.PoolUtils_ESTest" time="0.001"/>
  <testcase name="test2212" classname="org.apache.commons.pool2.PoolUtils_ESTest" time="0.014"/>
  <testcase name="test3422" classname="org.apache.commons.pool2.PoolUtils_ESTest" time="0.011"/>
  <testcase name="test1365" classname="org.apache.commons.pool2.PoolUtils_ESTest" time="0.003"/>
  <testcase name="test2453" classname="org.apache.commons.pool2.PoolUtils_ESTest" time="0.001"/>
  <testcase name="test3784" classname="org.apache.commons.pool2.PoolUtils_ESTest" time="0.001"/>
  <testcase name="test2218" classname="org.apache.commons.pool2.PoolUtils_ESTest" time="0.01"/>
  <testcase name="test3428" classname="org.apache.commons.pool2.PoolUtils_ESTest" time="0.007"/>
  <testcase name="test6817" classname="org.apache.commons.pool2.PoolUtils_ESTest" time="0.006"/>
  <testcase name="test2219" classname="org.apache.commons.pool2.PoolUtils_ESTest" time="0.01"/>
  <testcase name="test2780" classname="org.apache.commons.pool2.PoolUtils_ESTest" time="0.001"/>
  <testcase name="test2786" classname="org.apache.commons.pool2.PoolUtils_ESTest" time="0.001"/>
  <testcase name="test1697" classname="org.apache.commons.pool2.PoolUtils_ESTest" time="0"/>
  <testcase name="test2543" classname="org.apache.commons.pool2.PoolUtils_ESTest" time="0.006"/>
  <testcase name="test3877" classname="org.apache.commons.pool2.PoolUtils_ESTest" time="0.001"/>
  <testcase name="test2545" classname="org.apache.commons.pool2.PoolUtils_ESTest" time="0.005"/>
  <testcase name="test2542" classname="org.apache.commons.pool2.PoolUtils_ESTest" time="0.007"/>
  <testcase name="test2541" classname="org.apache.commons.pool2.PoolUtils_ESTest" time="0.004"/>
  <testcase name="test2783" classname="org.apache.commons.pool2.PoolUtils_ESTest" time="0.001"/>
  <testcase name="test2548" classname="org.apache.commons.pool2.PoolUtils_ESTest" time="0.008"/>
  <testcase name="test5816" classname="org.apache.commons.pool2.PoolUtils_ESTest" time="0.001"/>
  <testcase name="test2426" classname="org.apache.commons.pool2.PoolUtils_ESTest" time="0.001"/>
  <testcase name="test2547" classname="org.apache.commons.pool2.PoolUtils_ESTest" time="0.004"/>
  <testcase name="test2429" classname="org.apache.commons.pool2.PoolUtils_ESTest" time="0.001"/>
  <testcase name="test2428" classname="org.apache.commons.pool2.PoolUtils_ESTest" time="0"/>
  <testcase name="test1344" classname="org.apache.commons.pool2.PoolUtils_ESTest" time="0.001"/>
  <testcase name="test2434" classname="org.apache.commons.pool2.PoolUtils_ESTest" time="0.001"/>
  <testcase name="test2555" classname="org.apache.commons.pool2.PoolUtils_ESTest" time="0.005"/>
  <testcase name="test3402" classname="org.apache.commons.pool2.PoolUtils_ESTest" time="0.006"/>
  <testcase name="test2554" classname="org.apache.commons.pool2.PoolUtils_ESTest" time="0.007"/>
  <testcase name="test1347" classname="org.apache.commons.pool2.PoolUtils_ESTest" time="0.001"/>
  <testcase name="test2556" classname="org.apache.commons.pool2.PoolUtils_ESTest" time="0.006"/>
  <testcase name="test2550" classname="org.apache.commons.pool2.PoolUtils_ESTest" time="0.004"/>
  <testcase name="test1342" classname="org.apache.commons.pool2.PoolUtils_ESTest" time="0.001"/>
  <testcase name="test2553" classname="org.apache.commons.pool2.PoolUtils_ESTest" time="0.004"/>
  <testcase name="test2431" classname="org.apache.commons.pool2.PoolUtils_ESTest" time="0.001"/>
  <testcase name="test3883" classname="org.apache.commons.pool2.PoolUtils_ESTest" time="0.001"/>
  <testcase name="test3409" classname="org.apache.commons.pool2.PoolUtils_ESTest" time="0.005"/>
  <testcase name="test1348" classname="org.apache.commons.pool2.PoolUtils_ESTest" time="0.001"/>
  <testcase name="test2317" classname="org.apache.commons.pool2.PoolUtils_ESTest" time="0.001"/>
  <testcase name="test3406" classname="org.apache.commons.pool2.PoolUtils_ESTest" time="0.011"/>
  <testcase name="test2437" classname="org.apache.commons.pool2.PoolUtils_ESTest" time="0"/>
  <testcase name="test2319" classname="org.apache.commons.pool2.PoolUtils_ESTest" time="0.001"/>
  <testcase name="test3407" classname="org.apache.commons.pool2.PoolUtils_ESTest" time="0.008"/>
  <testcase name="test7095" classname="org.apache.commons.pool2.PoolUtils_ESTest" time="0.005"/>
  <testcase name="test7091" classname="org.apache.commons.pool2.PoolUtils_ESTest" time="0.005"/>
  <testcase name="test200" classname="org.apache.commons.pool2.PoolUtils_ESTest" time="0.005"/>
  <testcase name="test201" classname="org.apache.commons.pool2.PoolUtils_ESTest" time="0.005"/>
  <testcase name="test7098" classname="org.apache.commons.pool2.PoolUtils_ESTest" time="0.011"/>
  <testcase name="test208" classname="org.apache.commons.pool2.PoolUtils_ESTest" time="0.004"/>
  <testcase name="test7097" classname="org.apache.commons.pool2.PoolUtils_ESTest" time="0.008"/>
  <testcase name="test209" classname="org.apache.commons.pool2.PoolUtils_ESTest" time="0.004"/>
  <testcase name="test1675" classname="org.apache.commons.pool2.PoolUtils_ESTest" time="0.001"/>
  <testcase name="test2521" classname="org.apache.commons.pool2.PoolUtils_ESTest" time="0.006"/>
  <testcase name="test2884" classname="org.apache.commons.pool2.PoolUtils_ESTest" time="0.009"/>
  <testcase name="test1313" classname="org.apache.commons.pool2.PoolUtils_ESTest" time="0"/>
  <testcase name="test1676" classname="org.apache.commons.pool2.PoolUtils_ESTest" time="0.001"/>
  <testcase name="test2524" classname="org.apache.commons.pool2.PoolUtils_ESTest" time="0.005"/>
  <testcase name="test2645" classname="org.apache.commons.pool2.PoolUtils_ESTest" time="0.006"/>
  <testcase name="test3734" classname="org.apache.commons.pool2.PoolUtils_ESTest" time="0.001"/>
  <testcase name="test1314" classname="org.apache.commons.pool2.PoolUtils_ESTest" time="0.001"/>
  <testcase name="test2523" classname="org.apache.commons.pool2.PoolUtils_ESTest" time="0.004"/>
  <testcase name="test3733" classname="org.apache.commons.pool2.PoolUtils_ESTest" time="0.001"/>
  <testcase name="test1672" classname="org.apache.commons.pool2.PoolUtils_ESTest" time="0.001"/>
  <testcase name="test1793" classname="org.apache.commons.pool2.PoolUtils_ESTest" time="0.008"/>
  <testcase name="test2641" classname="org.apache.commons.pool2.PoolUtils_ESTest" time="0.013"/>
  <testcase name="test3730" classname="org.apache.commons.pool2.PoolUtils_ESTest" time="0.001"/>
  <testcase name="test1310" classname="org.apache.commons.pool2.PoolUtils_ESTest" time="0.001"/>
  <testcase name="test1673" classname="org.apache.commons.pool2.PoolUtils_ESTest" time="0"/>
  <testcase name="test2640" classname="org.apache.commons.pool2.PoolUtils_ESTest" time="0.01"/>
  <testcase name="test210" classname="org.apache.commons.pool2.PoolUtils_ESTest" time="0.007"/>
  <testcase name="test2529" classname="org.apache.commons.pool2.PoolUtils_ESTest" time="0.005"/>
  <testcase name="test2526" classname="org.apache.commons.pool2.PoolUtils_ESTest" time="0.004"/>
  <testcase name="test2890" classname="org.apache.commons.pool2.PoolUtils_ESTest" time="0.005"/>
  <testcase name="test1322" classname="org.apache.commons.pool2.PoolUtils_ESTest" time="0"/>
  <testcase name="test2775" classname="org.apache.commons.pool2.PoolUtils_ESTest" time="0.001"/>
  <testcase name="test2895" classname="org.apache.commons.pool2.PoolUtils_ESTest" time="0.01"/>
  <testcase name="test3863" classname="org.apache.commons.pool2.PoolUtils_ESTest" time="0.001"/>
  <testcase name="test2777" classname="org.apache.commons.pool2.PoolUtils_ESTest" time="0.001"/>
  <testcase name="test2898" classname="org.apache.commons.pool2.PoolUtils_ESTest" time="0.007"/>
  <testcase name="test2534" classname="org.apache.commons.pool2.PoolUtils_ESTest" time="0.007"/>
  <testcase name="test2776" classname="org.apache.commons.pool2.PoolUtils_ESTest" time="0"/>
  <testcase name="test2892" classname="org.apache.commons.pool2.PoolUtils_ESTest" time="0.005"/>
  <testcase name="test2891" classname="org.apache.commons.pool2.PoolUtils_ESTest" time="0.008"/>
  <testcase name="test3862" classname="org.apache.commons.pool2.PoolUtils_ESTest" time="0"/>
  <testcase name="test1321" classname="org.apache.commons.pool2.PoolUtils_ESTest" time="0.001"/>
  <testcase name="test3509" classname="org.apache.commons.pool2.PoolUtils_ESTest" time="0.011"/>
  <testcase name="test3868" classname="org.apache.commons.pool2.PoolUtils_ESTest" time="0"/>
  <testcase name="test3504" classname="org.apache.commons.pool2.PoolUtils_ESTest" time="0.009"/>
  <testcase name="test3506" classname="org.apache.commons.pool2.PoolUtils_ESTest" time="0.006"/>
  <testcase name="test8041" classname="org.apache.commons.pool2.PoolUtils_ESTest" time="0.009"/>
  <testcase name="test1652" classname="org.apache.commons.pool2.PoolUtils_ESTest" time="0.002"/>
  <testcase name="test2621" classname="org.apache.commons.pool2.PoolUtils_ESTest" time="0.009"/>
  <testcase name="test3952" classname="org.apache.commons.pool2.PoolUtils_ESTest" time="0.007"/>
  <testcase name="test1654" classname="org.apache.commons.pool2.PoolUtils_ESTest" time="0.003"/>
  <testcase name="test2502" classname="org.apache.commons.pool2.PoolUtils_ESTest" time="0.008"/>
  <testcase name="test2623" classname="org.apache.commons.pool2.PoolUtils_ESTest" time="0.004"/>
  <testcase name="test3712" classname="org.apache.commons.pool2.PoolUtils_ESTest" time="0.001"/>
  <testcase name="test1776" classname="org.apache.commons.pool2.PoolUtils_ESTest" time="0.001"/>
  <testcase name="test2501" classname="org.apache.commons.pool2.PoolUtils_ESTest" time="0.009"/>
  <testcase name="test3711" classname="org.apache.commons.pool2.PoolUtils_ESTest" time="0.001"/>
  <testcase name="test1770" classname="org.apache.commons.pool2.PoolUtils_ESTest" time="0.002"/>
  <testcase name="test1650" classname="org.apache.commons.pool2.PoolUtils_ESTest" time="0.005"/>
  <testcase name="test98" classname="org.apache.commons.pool2.PoolUtils_ESTest" time="0.001"/>
  <testcase name="test2629" classname="org.apache.commons.pool2.PoolUtils_ESTest" time="0.005"/>
  <testcase name="test2507" classname="org.apache.commons.pool2.PoolUtils_ESTest" time="0.005"/>
  <testcase name="test3719" classname="org.apache.commons.pool2.PoolUtils_ESTest" time="0.001"/>
  <testcase name="test1777" classname="org.apache.commons.pool2.PoolUtils_ESTest" time="0"/>
  <testcase name="test2504" classname="org.apache.commons.pool2.PoolUtils_ESTest" time="0.01"/>
  <testcase name="test2988" classname="org.apache.commons.pool2.PoolUtils_ESTest" time="0.011"/>
  <testcase name="test3956" classname="org.apache.commons.pool2.PoolUtils_ESTest" time="0.01"/>
  <testcase name="test2624" classname="org.apache.commons.pool2.PoolUtils_ESTest" time="0.005"/>
  <testcase name="test3716" classname="org.apache.commons.pool2.PoolUtils_ESTest" time="0.001"/>
  <testcase name="test2626" classname="org.apache.commons.pool2.PoolUtils_ESTest" time="0.01"/>
  <testcase name="test2989" classname="org.apache.commons.pool2.PoolUtils_ESTest" time="0.017"/>
  <testcase name="test7083" classname="org.apache.commons.pool2.PoolUtils_ESTest" time="0.014"/>
  <testcase name="test83" classname="org.apache.commons.pool2.PoolUtils_ESTest" time="0.001"/>
  <testcase name="test81" classname="org.apache.commons.pool2.PoolUtils_ESTest" time="0.013"/>
  <testcase name="test7085" classname="org.apache.commons.pool2.PoolUtils_ESTest" time="0.007"/>
  <testcase name="test1784" classname="org.apache.commons.pool2.PoolUtils_ESTest" time="0.001"/>
  <testcase name="test2995" classname="org.apache.commons.pool2.PoolUtils_ESTest" time="0.009"/>
  <testcase name="test2510" classname="org.apache.commons.pool2.PoolUtils_ESTest" time="0.005"/>
  <testcase name="test2631" classname="org.apache.commons.pool2.PoolUtils_ESTest" time="0.009"/>
  <testcase name="test2997" classname="org.apache.commons.pool2.PoolUtils_ESTest" time="0.009"/>
  <testcase name="test3723" classname="org.apache.commons.pool2.PoolUtils_ESTest" time="0.001"/>
  <testcase name="test2996" classname="org.apache.commons.pool2.PoolUtils_ESTest" time="0.009"/>
  <testcase name="test3722" classname="org.apache.commons.pool2.PoolUtils_ESTest" time="0"/>
  <testcase name="test1661" classname="org.apache.commons.pool2.PoolUtils_ESTest" time="0.001"/>
  <testcase name="test1782" classname="org.apache.commons.pool2.PoolUtils_ESTest" time="0.001"/>
  <testcase name="test1308" classname="org.apache.commons.pool2.PoolUtils_ESTest" time="0.001"/>
  <testcase name="test3729" classname="org.apache.commons.pool2.PoolUtils_ESTest" time="0"/>
  <testcase name="test1668" classname="org.apache.commons.pool2.PoolUtils_ESTest" time="0.001"/>
  <testcase name="test2635" classname="org.apache.commons.pool2.PoolUtils_ESTest" time="0.01"/>
  <testcase name="test3727" classname="org.apache.commons.pool2.PoolUtils_ESTest" time="0"/>
  <testcase name="test3809" classname="org.apache.commons.pool2.PoolUtils_ESTest" time="0.001"/>
  <testcase name="test72" classname="org.apache.commons.pool2.PoolUtils_ESTest" time="0.01"/>
  <testcase name="test7054" classname="org.apache.commons.pool2.PoolUtils_ESTest" time="0.015"/>
  <testcase name="test924" classname="org.apache.commons.pool2.PoolUtils_ESTest" time="0.001"/>
  <testcase name="test2840" classname="org.apache.commons.pool2.PoolUtils_ESTest" time="0.001"/>
  <testcase name="test2601" classname="org.apache.commons.pool2.PoolUtils_ESTest" time="0.007"/>
  <testcase name="test3932" classname="org.apache.commons.pool2.PoolUtils_ESTest" time="0.006"/>
  <testcase name="test1633" classname="org.apache.commons.pool2.PoolUtils_ESTest" time="0.002"/>
  <testcase name="test1638" classname="org.apache.commons.pool2.PoolUtils_ESTest" time="0.001"/>
  <testcase name="test1639" classname="org.apache.commons.pool2.PoolUtils_ESTest" time="0.004"/>
  <testcase name="test3937" classname="org.apache.commons.pool2.PoolUtils_ESTest" time="0.006"/>
  <testcase name="test3939" classname="org.apache.commons.pool2.PoolUtils_ESTest" time="0.01"/>
  <testcase name="test2602" classname="org.apache.commons.pool2.PoolUtils_ESTest" time="0.009"/>
  <testcase name="test3812" classname="org.apache.commons.pool2.PoolUtils_ESTest" time="0"/>
  <testcase name="test2604" classname="org.apache.commons.pool2.PoolUtils_ESTest" time="0.008"/>
  <testcase name="test3814" classname="org.apache.commons.pool2.PoolUtils_ESTest" time="0.001"/>
  <testcase name="test917" classname="org.apache.commons.pool2.PoolUtils_ESTest" time="0.001"/>
  <testcase name="test60" classname="org.apache.commons.pool2.PoolUtils_ESTest" time="0.01"/>
  <testcase name="test8033" classname="org.apache.commons.pool2.PoolUtils_ESTest" time="0.016"/>
  <testcase name="test2610" classname="org.apache.commons.pool2.PoolUtils_ESTest" time="0.008"/>
  <testcase name="test3941" classname="org.apache.commons.pool2.PoolUtils_ESTest" time="0.006"/>
  <testcase name="test3940" classname="org.apache.commons.pool2.PoolUtils_ESTest" time="0.009"/>
  <testcase name="test3943" classname="org.apache.commons.pool2.PoolUtils_ESTest" time="0.008"/>
  <testcase name="test1644" classname="org.apache.commons.pool2.PoolUtils_ESTest" time="0.003"/>
  <testcase name="test3942" classname="org.apache.commons.pool2.PoolUtils_ESTest" time="0.004"/>
  <testcase name="test65" classname="org.apache.commons.pool2.PoolUtils_ESTest" time="0.008"/>
  <testcase name="test64" classname="org.apache.commons.pool2.PoolUtils_ESTest" time="0.011"/>
  <testcase name="test1649" classname="org.apache.commons.pool2.PoolUtils_ESTest" time="0.003"/>
  <testcase name="test3949" classname="org.apache.commons.pool2.PoolUtils_ESTest" time="0.011"/>
  <testcase name="test1645" classname="org.apache.commons.pool2.PoolUtils_ESTest" time="0.002"/>
  <testcase name="test3947" classname="org.apache.commons.pool2.PoolUtils_ESTest" time="0.006"/>
  <testcase name="test3946" classname="org.apache.commons.pool2.PoolUtils_ESTest" time="0.005"/>
  <testcase name="test3909" classname="org.apache.commons.pool2.PoolUtils_ESTest" time="0.009"/>
  <testcase name="test2819" classname="org.apache.commons.pool2.PoolUtils_ESTest" time="0.001"/>
  <testcase name="test7037" classname="org.apache.commons.pool2.PoolUtils_ESTest" time="0.006"/>
  <testcase name="test8005" classname="org.apache.commons.pool2.PoolUtils_ESTest" time="0.011"/>
  <testcase name="test8004" classname="org.apache.commons.pool2.PoolUtils_ESTest" time="0.009"/>
  <testcase name="test5098" classname="org.apache.commons.pool2.PoolUtils_ESTest" time="0.005"/>
  <testcase name="test7035" classname="org.apache.commons.pool2.PoolUtils_ESTest" time="0.006"/>
  <testcase name="test8001" classname="org.apache.commons.pool2.PoolUtils_ESTest" time="0.017"/>
  <testcase name="test8000" classname="org.apache.commons.pool2.PoolUtils_ESTest" time="0.009"/>
  <testcase name="test7031" classname="org.apache.commons.pool2.PoolUtils_ESTest" time="0.006"/>
  <testcase name="test1851" classname="org.apache.commons.pool2.PoolUtils_ESTest" time="0.005"/>
  <testcase name="test1853" classname="org.apache.commons.pool2.PoolUtils_ESTest" time="0.005"/>
  <testcase name="test2941" classname="org.apache.commons.pool2.PoolUtils_ESTest" time="0.005"/>
  <testcase name="test55" classname="org.apache.commons.pool2.PoolUtils_ESTest" time="0.007"/>
  <testcase name="test7038" classname="org.apache.commons.pool2.PoolUtils_ESTest" time="0.007"/>
  <testcase name="test1618" classname="org.apache.commons.pool2.PoolUtils_ESTest" time="0.002"/>
  <testcase name="test3917" classname="org.apache.commons.pool2.PoolUtils_ESTest" time="0.005"/>
  <testcase name="test1854" classname="org.apache.commons.pool2.PoolUtils_ESTest" time="0.005"/>
  <testcase name="test3912" classname="org.apache.commons.pool2.PoolUtils_ESTest" time="0.005"/>
  <testcase name="test1855" classname="org.apache.commons.pool2.PoolUtils_ESTest" time="0.005"/>
  <testcase name="test2822" classname="org.apache.commons.pool2.PoolUtils_ESTest" time="0.001"/>
  <testcase name="test2943" classname="org.apache.commons.pool2.PoolUtils_ESTest" time="0.01"/>
  <testcase name="test3911" classname="org.apache.commons.pool2.PoolUtils_ESTest" time="0.008"/>
  <testcase name="test1856" classname="org.apache.commons.pool2.PoolUtils_ESTest" time="0.008"/>
  <testcase name="test2825" classname="org.apache.commons.pool2.PoolUtils_ESTest" time="0.001"/>
  <testcase name="test2946" classname="org.apache.commons.pool2.PoolUtils_ESTest" time="0.005"/>
  <testcase name="test1857" classname="org.apache.commons.pool2.PoolUtils_ESTest" time="0.011"/>
  <testcase name="test2945" classname="org.apache.commons.pool2.PoolUtils_ESTest" time="0.008"/>
  <testcase name="test8016" classname="org.apache.commons.pool2.PoolUtils_ESTest" time="0.011"/>
  <testcase name="test7047" classname="org.apache.commons.pool2.PoolUtils_ESTest" time="0.012"/>
  <testcase name="test8014" classname="org.apache.commons.pool2.PoolUtils_ESTest" time="0.019"/>
  <testcase name="test1861" classname="org.apache.commons.pool2.PoolUtils_ESTest" time="0.012"/>
  <testcase name="test49" classname="org.apache.commons.pool2.PoolUtils_ESTest" time="0.011"/>
  <testcase name="test3806" classname="org.apache.commons.pool2.PoolUtils_ESTest" time="0.001"/>
  <testcase name="test3927" classname="org.apache.commons.pool2.PoolUtils_ESTest" time="0.005"/>
  <testcase name="test1628" classname="org.apache.commons.pool2.PoolUtils_ESTest" time="0.002"/>
  <testcase name="test3926" classname="org.apache.commons.pool2.PoolUtils_ESTest" time="0.005"/>
  <testcase name="test3808" classname="org.apache.commons.pool2.PoolUtils_ESTest" time="0.001"/>
  <testcase name="test2834" classname="org.apache.commons.pool2.PoolUtils_ESTest" time="0.001"/>
  <testcase name="test3802" classname="org.apache.commons.pool2.PoolUtils_ESTest" time="0"/>
  <testcase name="test2833" classname="org.apache.commons.pool2.PoolUtils_ESTest" time="0.001"/>
  <testcase name="test3801" classname="org.apache.commons.pool2.PoolUtils_ESTest" time="0.001"/>
  <testcase name="test2835" classname="org.apache.commons.pool2.PoolUtils_ESTest" time="0"/>
  <testcase name="test1708" classname="org.apache.commons.pool2.PoolUtils_ESTest" time="0.001"/>
  <testcase name="test2919" classname="org.apache.commons.pool2.PoolUtils_ESTest" time="0.006"/>
  <testcase name="test1709" classname="org.apache.commons.pool2.PoolUtils_ESTest" time="0"/>
  <testcase name="test5079" classname="org.apache.commons.pool2.PoolUtils_ESTest" time="0.006"/>
  <testcase name="test5077" classname="org.apache.commons.pool2.PoolUtils_ESTest" time="0.006"/>
  <testcase name="test5074" classname="org.apache.commons.pool2.PoolUtils_ESTest" time="0.01"/>
  <testcase name="test5075" classname="org.apache.commons.pool2.PoolUtils_ESTest" time="0.009"/>
  <testcase name="test2926" classname="org.apache.commons.pool2.PoolUtils_ESTest" time="0.008"/>
  <testcase name="test1717" classname="org.apache.commons.pool2.PoolUtils_ESTest" time="0.001"/>
  <testcase name="test1838" classname="org.apache.commons.pool2.PoolUtils_ESTest" time="0.012"/>
  <testcase name="test2928" classname="org.apache.commons.pool2.PoolUtils_ESTest" time="0.008"/>
  <testcase name="test1711" classname="org.apache.commons.pool2.PoolUtils_ESTest" time="0.001"/>
  <testcase name="test1712" classname="org.apache.commons.pool2.PoolUtils_ESTest" time="0"/>
  <testcase name="test2921" classname="org.apache.commons.pool2.PoolUtils_ESTest" time="0.012"/>
  <testcase name="test1713" classname="org.apache.commons.pool2.PoolUtils_ESTest" time="0.001"/>
  <testcase name="test1834" classname="org.apache.commons.pool2.PoolUtils_ESTest" time="0.006"/>
  <testcase name="test1714" classname="org.apache.commons.pool2.PoolUtils_ESTest" time="0.001"/>
  <testcase name="test1835" classname="org.apache.commons.pool2.PoolUtils_ESTest" time="0.005"/>
  <testcase name="test5081" classname="org.apache.commons.pool2.PoolUtils_ESTest" time="0.007"/>
  <testcase name="test2929" classname="org.apache.commons.pool2.PoolUtils_ESTest" time="0.013"/>
  <testcase name="test7025" classname="org.apache.commons.pool2.PoolUtils_ESTest" time="0.015"/>
  <testcase name="test7023" classname="org.apache.commons.pool2.PoolUtils_ESTest" time="0.009"/>
  <testcase name="test1840" classname="org.apache.commons.pool2.PoolUtils_ESTest" time="0.014"/>
  <testcase name="test1721" classname="org.apache.commons.pool2.PoolUtils_ESTest" time="0.001"/>
  <testcase name="test1605" classname="org.apache.commons.pool2.PoolUtils_ESTest" time="0.004"/>
  <testcase name="test2816" classname="org.apache.commons.pool2.PoolUtils_ESTest" time="0.001"/>
  <testcase name="test2937" classname="org.apache.commons.pool2.PoolUtils_ESTest" time="0.01"/>
  <testcase name="test3905" classname="org.apache.commons.pool2.PoolUtils_ESTest" time="0.013"/>
  <testcase name="test1848" classname="org.apache.commons.pool2.PoolUtils_ESTest" time="0.012"/>
  <testcase name="test2939" classname="org.apache.commons.pool2.PoolUtils_ESTest" time="0.008"/>
  <testcase name="test2938" classname="org.apache.commons.pool2.PoolUtils_ESTest" time="0.008"/>
  <testcase name="test2812" classname="org.apache.commons.pool2.PoolUtils_ESTest" time="0.001"/>
  <testcase name="test3901" classname="org.apache.commons.pool2.PoolUtils_ESTest" time="0.011"/>
  <testcase name="test1602" classname="org.apache.commons.pool2.PoolUtils_ESTest" time="0.005"/>
  <testcase name="test1844" classname="org.apache.commons.pool2.PoolUtils_ESTest" time="0.01"/>
  <testcase name="test2811" classname="org.apache.commons.pool2.PoolUtils_ESTest" time="0.002"/>
  <testcase name="test2932" classname="org.apache.commons.pool2.PoolUtils_ESTest" time="0.013"/>
  <testcase name="test1604" classname="org.apache.commons.pool2.PoolUtils_ESTest" time="0.002"/>
  <testcase name="test1725" classname="org.apache.commons.pool2.PoolUtils_ESTest" time="0.001"/>
  <testcase name="test2813" classname="org.apache.commons.pool2.PoolUtils_ESTest" time="0"/>
  <testcase name="test2934" classname="org.apache.commons.pool2.PoolUtils_ESTest" time="0.008"/>
  <testcase name="test1807" classname="org.apache.commons.pool2.PoolUtils_ESTest" time="0.006"/>
  <testcase name="test1808" classname="org.apache.commons.pool2.PoolUtils_ESTest" time="0.006"/>
  <testcase name="test1809" classname="org.apache.commons.pool2.PoolUtils_ESTest" time="0.006"/>
  <testcase name="test7356" classname="org.apache.commons.pool2.PoolUtils_ESTest" time="0.009"/>
  <testcase name="test7597" classname="org.apache.commons.pool2.PoolUtils_ESTest" time="0.005"/>
  <testcase name="test7474" classname="org.apache.commons.pool2.PoolUtils_ESTest" time="0.003"/>
  <testcase name="test7595" classname="org.apache.commons.pool2.PoolUtils_ESTest" time="0.008"/>
  <testcase name="test7478" classname="org.apache.commons.pool2.PoolUtils_ESTest" time="0.002"/>
  <testcase name="test2904" classname="org.apache.commons.pool2.PoolUtils_ESTest" time="0.006"/>
  <testcase name="test1817" classname="org.apache.commons.pool2.PoolUtils_ESTest" time="0.006"/>
  <testcase name="test1810" classname="org.apache.commons.pool2.PoolUtils_ESTest" time="0.005"/>
  <testcase name="test1813" classname="org.apache.commons.pool2.PoolUtils_ESTest" time="0.006"/>
  <testcase name="test2901" classname="org.apache.commons.pool2.PoolUtils_ESTest" time="0.006"/>
  <testcase name="test7004" classname="org.apache.commons.pool2.PoolUtils_ESTest" time="0.008"/>
  <testcase name="test5068" classname="org.apache.commons.pool2.PoolUtils_ESTest" time="0.006"/>
  <testcase name="test7366" classname="org.apache.commons.pool2.PoolUtils_ESTest" time="0.009"/>
  <testcase name="test7002" classname="org.apache.commons.pool2.PoolUtils_ESTest" time="0.006"/>
  <testcase name="test7362" classname="org.apache.commons.pool2.PoolUtils_ESTest" time="0.009"/>
  <testcase name="test7483" classname="org.apache.commons.pool2.PoolUtils_ESTest" time="0.003"/>
  <testcase name="test7489" classname="org.apache.commons.pool2.PoolUtils_ESTest" time="0.002"/>
  <testcase name="test1704" classname="org.apache.commons.pool2.PoolUtils_ESTest" time="0.001"/>
  <testcase name="test2914" classname="org.apache.commons.pool2.PoolUtils_ESTest" time="0.005"/>
  <testcase name="test1827" classname="org.apache.commons.pool2.PoolUtils_ESTest" time="0.006"/>
  <testcase name="test1821" classname="org.apache.commons.pool2.PoolUtils_ESTest" time="0.006"/>
  <testcase name="test2913" classname="org.apache.commons.pool2.PoolUtils_ESTest" time="0.005"/>
  <testcase name="test2912" classname="org.apache.commons.pool2.PoolUtils_ESTest" time="0.007"/>
</testsuite>