<?xml version="1.0" encoding="UTF-8"?>
<testsuite name="org.apache.commons.collections4.map.LinkedMap_ESTest" time="0.187" tests="372" errors="0" skipped="0" failures="0">
  <properties>
[...]
</properties>
  <testcase name="test1" classname="org.apache.commons.collections4.map.LinkedMap_ESTest" time="0.001"/>
  <testcase name="test132" classname="org.apache.commons.collections4.map.LinkedMap_ESTest" time="0.005"/>
  <testcase name="test496" classname="org.apache.commons.collections4.map.LinkedMap_ESTest" time="0"/>
  <testcase name="test77" classname="org.apache.commons.collections4.map.LinkedMap_ESTest" time="0.003"/>
  <testcase name="test76" classname="org.apache.commons.collections4.map.LinkedMap_ESTest" time="0.001"/>
  <testcase name="test805" classname="org.apache.commons.collections4.map.LinkedMap_ESTest" time="0.001"/>
  <testcase name="test802" classname="org.apache.commons.collections4.map.LinkedMap_ESTest" time="0.001"/>
  <testcase name="test806" classname="org.apache.commons.collections4.map.LinkedMap_ESTest" time="0"/>
  <testcase name="test928" classname="org.apache.commons.collections4.map.LinkedMap_ESTest" time="0.001"/>
  <testcase name="test125" classname="org.apache.commons.collections4.map.LinkedMap_ESTest" time="0.001"/>
  <testcase name="test488" classname="org.apache.commons.collections4.map.LinkedMap_ESTest" time="0.001"/>
  <testcase name="test247" classname="org.apache.commons.collections4.map.LinkedMap_ESTest" time="0.002"/>
  <testcase name="test368" classname="org.apache.commons.collections4.map.LinkedMap_ESTest" time="0.001"/>
  <testcase name="test489" classname="org.apache.commons.collections4.map.LinkedMap_ESTest" time="0.001"/>
  <testcase name="test244" classname="org.apache.commons.collections4.map.LinkedMap_ESTest" time="0.001"/>
  <testcase name="test486" classname="org.apache.commons.collections4.map.LinkedMap_ESTest" time="0.001"/>
  <testcase name="test124" classname="org.apache.commons.collections4.map.LinkedMap_ESTest" time="0.001"/>
  <testcase name="test129" classname="org.apache.commons.collections4.map.LinkedMap_ESTest" time="0"/>
  <testcase name="test921" classname="org.apache.commons.collections4.map.LinkedMap_ESTest" time="0.001"/>
  <testcase name="test922" classname="org.apache.commons.collections4.map.LinkedMap_ESTest" time="0"/>
  <testcase name="test248" classname="org.apache.commons.collections4.map.LinkedMap_ESTest" time="0.001"/>
  <testcase name="test369" classname="org.apache.commons.collections4.map.LinkedMap_ESTest" time="0"/>
  <testcase name="test128" classname="org.apache.commons.collections4.map.LinkedMap_ESTest" time="0.001"/>
  <testcase name="test481" classname="org.apache.commons.collections4.map.LinkedMap_ESTest" time="0.001"/>
  <testcase name="test121" classname="org.apache.commons.collections4.map.LinkedMap_ESTest" time="0"/>
  <testcase name="test242" classname="org.apache.commons.collections4.map.LinkedMap_ESTest" time="0.001"/>
  <testcase name="test122" classname="org.apache.commons.collections4.map.LinkedMap_ESTest" time="0.001"/>
  <testcase name="test243" classname="org.apache.commons.collections4.map.LinkedMap_ESTest" time="0.001"/>
  <testcase name="test485" classname="org.apache.commons.collections4.map.LinkedMap_ESTest" time="0"/>
  <testcase name="test482" classname="org.apache.commons.collections4.map.LinkedMap_ESTest" time="0.001"/>
  <testcase name="test120" classname="org.apache.commons.collections4.map.LinkedMap_ESTest" time="0.001"/>
  <testcase name="test483" classname="org.apache.commons.collections4.map.LinkedMap_ESTest" time="0.001"/>
  <testcase name="test913" classname="org.apache.commons.collections4.map.LinkedMap_ESTest" time="0.001"/>
  <testcase name="test918" classname="org.apache.commons.collections4.map.LinkedMap_ESTest" time="0"/>
  <testcase name="test114" classname="org.apache.commons.collections4.map.LinkedMap_ESTest" time="0.001"/>
  <testcase name="test356" classname="org.apache.commons.collections4.map.LinkedMap_ESTest" time="0"/>
  <testcase name="test115" classname="org.apache.commons.collections4.map.LinkedMap_ESTest" time="0.001"/>
  <testcase name="test357" classname="org.apache.commons.collections4.map.LinkedMap_ESTest" time="0.001"/>
  <testcase name="test9" classname="org.apache.commons.collections4.map.LinkedMap_ESTest" time="0.001"/>
  <testcase name="test234" classname="org.apache.commons.collections4.map.LinkedMap_ESTest" time="0.001"/>
  <testcase name="test119" classname="org.apache.commons.collections4.map.LinkedMap_ESTest" time="0.001"/>
  <testcase name="test590" classname="org.apache.commons.collections4.map.LinkedMap_ESTest" time="0"/>
  <testcase name="test470" classname="org.apache.commons.collections4.map.LinkedMap_ESTest" time="0.001"/>
  <testcase name="test591" classname="org.apache.commons.collections4.map.LinkedMap_ESTest" time="0"/>
  <testcase name="test594" classname="org.apache.commons.collections4.map.LinkedMap_ESTest" time="0.001"/>
  <testcase name="test111" classname="org.apache.commons.collections4.map.LinkedMap_ESTest" time="0"/>
  <testcase name="test474" classname="org.apache.commons.collections4.map.LinkedMap_ESTest" time="0.001"/>
  <testcase name="test350" classname="org.apache.commons.collections4.map.LinkedMap_ESTest" time="0"/>
  <testcase name="test471" classname="org.apache.commons.collections4.map.LinkedMap_ESTest" time="0.001"/>
  <testcase name="test592" classname="org.apache.commons.collections4.map.LinkedMap_ESTest" time="0"/>
  <testcase name="test351" classname="org.apache.commons.collections4.map.LinkedMap_ESTest" time="0.001"/>
  <testcase name="test909" classname="org.apache.commons.collections4.map.LinkedMap_ESTest" time="0"/>
  <testcase name="test903" classname="org.apache.commons.collections4.map.LinkedMap_ESTest" time="0.001"/>
  <testcase name="test109" classname="org.apache.commons.collections4.map.LinkedMap_ESTest" time="0"/>
  <testcase name="test901" classname="org.apache.commons.collections4.map.LinkedMap_ESTest" time="0"/>
  <testcase name="test902" classname="org.apache.commons.collections4.map.LinkedMap_ESTest" time="0"/>
  <testcase name="test907" classname="org.apache.commons.collections4.map.LinkedMap_ESTest" time="0"/>
  <testcase name="test906" classname="org.apache.commons.collections4.map.LinkedMap_ESTest" time="0.001"/>
  <testcase name="test345" classname="org.apache.commons.collections4.map.LinkedMap_ESTest" time="0"/>
  <testcase name="test_nothing" classname="org.apache.commons.collections4.map.LinkedMap_ESTest" time="0.001"/>
  <testcase name="test107" classname="org.apache.commons.collections4.map.LinkedMap_ESTest" time="0"/>
  <testcase name="test228" classname="org.apache.commons.collections4.map.LinkedMap_ESTest" time="0.001"/>
  <testcase name="test105" classname="org.apache.commons.collections4.map.LinkedMap_ESTest" time="0.001"/>
  <testcase name="test347" classname="org.apache.commons.collections4.map.LinkedMap_ESTest" time="0"/>
  <testcase name="test468" classname="org.apache.commons.collections4.map.LinkedMap_ESTest" time="0"/>
  <testcase name="test462" classname="org.apache.commons.collections4.map.LinkedMap_ESTest" time="0.001"/>
  <testcase name="test583" classname="org.apache.commons.collections4.map.LinkedMap_ESTest" time="0"/>
  <testcase name="test460" classname="org.apache.commons.collections4.map.LinkedMap_ESTest" time="0.001"/>
  <testcase name="test581" classname="org.apache.commons.collections4.map.LinkedMap_ESTest" time="0"/>
  <testcase name="test461" classname="org.apache.commons.collections4.map.LinkedMap_ESTest" time="0.001"/>
  <testcase name="test582" classname="org.apache.commons.collections4.map.LinkedMap_ESTest" time="0"/>
  <testcase name="test42" classname="org.apache.commons.collections4.map.LinkedMap_ESTest" time="0"/>
  <testcase name="test40" classname="org.apache.commons.collections4.map.LinkedMap_ESTest" time="0"/>
  <testcase name="test334" classname="org.apache.commons.collections4.map.LinkedMap_ESTest" time="0"/>
  <testcase name="test576" classname="org.apache.commons.collections4.map.LinkedMap_ESTest" time="0.001"/>
  <testcase name="test335" classname="org.apache.commons.collections4.map.LinkedMap_ESTest" time="0"/>
  <testcase name="test577" classname="org.apache.commons.collections4.map.LinkedMap_ESTest" time="0.001"/>
  <testcase name="test211" classname="org.apache.commons.collections4.map.LinkedMap_ESTest" time="0"/>
  <testcase name="test332" classname="org.apache.commons.collections4.map.LinkedMap_ESTest" time="0"/>
  <testcase name="test453" classname="org.apache.commons.collections4.map.LinkedMap_ESTest" time="0.001"/>
  <testcase name="test695" classname="org.apache.commons.collections4.map.LinkedMap_ESTest" time="0"/>
  <testcase name="test212" classname="org.apache.commons.collections4.map.LinkedMap_ESTest" time="0.001"/>
  <testcase name="test333" classname="org.apache.commons.collections4.map.LinkedMap_ESTest" time="0"/>
  <testcase name="test454" classname="org.apache.commons.collections4.map.LinkedMap_ESTest" time="0.001"/>
  <testcase name="test575" classname="org.apache.commons.collections4.map.LinkedMap_ESTest" time="0"/>
  <testcase name="test459" classname="org.apache.commons.collections4.map.LinkedMap_ESTest" time="0.001"/>
  <testcase name="test215" classname="org.apache.commons.collections4.map.LinkedMap_ESTest" time="0"/>
  <testcase name="test337" classname="org.apache.commons.collections4.map.LinkedMap_ESTest" time="0"/>
  <testcase name="test579" classname="org.apache.commons.collections4.map.LinkedMap_ESTest" time="0.001"/>
  <testcase name="test292" classname="org.apache.commons.collections4.map.LinkedMap_ESTest" time="0"/>
  <testcase name="test39" classname="org.apache.commons.collections4.map.LinkedMap_ESTest" time="0.001"/>
  <testcase name="test1032" classname="org.apache.commons.collections4.map.LinkedMap_ESTest" time="0"/>
  <testcase name="test1033" classname="org.apache.commons.collections4.map.LinkedMap_ESTest" time="0.001"/>
  <testcase name="test32" classname="org.apache.commons.collections4.map.LinkedMap_ESTest" time="0"/>
  <testcase name="test31" classname="org.apache.commons.collections4.map.LinkedMap_ESTest" time="0.001"/>
  <testcase name="test290" classname="org.apache.commons.collections4.map.LinkedMap_ESTest" time="0"/>
  <testcase name="test606" classname="org.apache.commons.collections4.map.LinkedMap_ESTest" time="0.001"/>
  <testcase name="test848" classname="org.apache.commons.collections4.map.LinkedMap_ESTest" time="0.001"/>
  <testcase name="test728" classname="org.apache.commons.collections4.map.LinkedMap_ESTest" time="0"/>
  <testcase name="test604" classname="org.apache.commons.collections4.map.LinkedMap_ESTest" time="0"/>
  <testcase name="test725" classname="org.apache.commons.collections4.map.LinkedMap_ESTest" time="0.001"/>
  <testcase name="test967" classname="org.apache.commons.collections4.map.LinkedMap_ESTest" time="0"/>
  <testcase name="test726" classname="org.apache.commons.collections4.map.LinkedMap_ESTest" time="0.001"/>
  <testcase name="test729" classname="org.apache.commons.collections4.map.LinkedMap_ESTest" time="0.001"/>
  <testcase name="test169" classname="org.apache.commons.collections4.map.LinkedMap_ESTest" time="0"/>
  <testcase name="test720" classname="org.apache.commons.collections4.map.LinkedMap_ESTest" time="0.001"/>
  <testcase name="test962" classname="org.apache.commons.collections4.map.LinkedMap_ESTest" time="0.001"/>
  <testcase name="test167" classname="org.apache.commons.collections4.map.LinkedMap_ESTest" time="0"/>
  <testcase name="test288" classname="org.apache.commons.collections4.map.LinkedMap_ESTest" time="0.001"/>
  <testcase name="test168" classname="org.apache.commons.collections4.map.LinkedMap_ESTest" time="0.001"/>
  <testcase name="test602" classname="org.apache.commons.collections4.map.LinkedMap_ESTest" time="0"/>
  <testcase name="test723" classname="org.apache.commons.collections4.map.LinkedMap_ESTest" time="0"/>
  <testcase name="test844" classname="org.apache.commons.collections4.map.LinkedMap_ESTest" time="0.001"/>
  <testcase name="test603" classname="org.apache.commons.collections4.map.LinkedMap_ESTest" time="0"/>
  <testcase name="test721" classname="org.apache.commons.collections4.map.LinkedMap_ESTest" time="0.001"/>
  <testcase name="test601" classname="org.apache.commons.collections4.map.LinkedMap_ESTest" time="0"/>
  <testcase name="test843" classname="org.apache.commons.collections4.map.LinkedMap_ESTest" time="0.001"/>
  <testcase name="test161" classname="org.apache.commons.collections4.map.LinkedMap_ESTest" time="0"/>
  <testcase name="test282" classname="org.apache.commons.collections4.map.LinkedMap_ESTest" time="0"/>
  <testcase name="test162" classname="org.apache.commons.collections4.map.LinkedMap_ESTest" time="0.001"/>
  <testcase name="test166" classname="org.apache.commons.collections4.map.LinkedMap_ESTest" time="0"/>
  <testcase name="test287" classname="org.apache.commons.collections4.map.LinkedMap_ESTest" time="0.001"/>
  <testcase name="test284" classname="org.apache.commons.collections4.map.LinkedMap_ESTest" time="0"/>
  <testcase name="test23" classname="org.apache.commons.collections4.map.LinkedMap_ESTest" time="0.001"/>
  <testcase name="test22" classname="org.apache.commons.collections4.map.LinkedMap_ESTest" time="0"/>
  <testcase name="test20" classname="org.apache.commons.collections4.map.LinkedMap_ESTest" time="0"/>
  <testcase name="test24" classname="org.apache.commons.collections4.map.LinkedMap_ESTest" time="0.001"/>
  <testcase name="test837" classname="org.apache.commons.collections4.map.LinkedMap_ESTest" time="0"/>
  <testcase name="test958" classname="org.apache.commons.collections4.map.LinkedMap_ESTest" time="0"/>
  <testcase name="test838" classname="org.apache.commons.collections4.map.LinkedMap_ESTest" time="0.001"/>
  <testcase name="test959" classname="org.apache.commons.collections4.map.LinkedMap_ESTest" time="0"/>
  <testcase name="test718" classname="org.apache.commons.collections4.map.LinkedMap_ESTest" time="0.001"/>
  <testcase name="test950" classname="org.apache.commons.collections4.map.LinkedMap_ESTest" time="0"/>
  <testcase name="test830" classname="org.apache.commons.collections4.map.LinkedMap_ESTest" time="0"/>
  <testcase name="test277" classname="org.apache.commons.collections4.map.LinkedMap_ESTest" time="0.001"/>
  <testcase name="test278" classname="org.apache.commons.collections4.map.LinkedMap_ESTest" time="0"/>
  <testcase name="test833" classname="org.apache.commons.collections4.map.LinkedMap_ESTest" time="0"/>
  <testcase name="test834" classname="org.apache.commons.collections4.map.LinkedMap_ESTest" time="0.001"/>
  <testcase name="test953" classname="org.apache.commons.collections4.map.LinkedMap_ESTest" time="0"/>
  <testcase name="test1018" classname="org.apache.commons.collections4.map.LinkedMap_ESTest" time="0.001"/>
  <testcase name="test1019" classname="org.apache.commons.collections4.map.LinkedMap_ESTest" time="0"/>
  <testcase name="test390" classname="org.apache.commons.collections4.map.LinkedMap_ESTest" time="0.001"/>
  <testcase name="test391" classname="org.apache.commons.collections4.map.LinkedMap_ESTest" time="0"/>
  <testcase name="test17" classname="org.apache.commons.collections4.map.LinkedMap_ESTest" time="0.001"/>
  <testcase name="test273" classname="org.apache.commons.collections4.map.LinkedMap_ESTest" time="0"/>
  <testcase name="test1010" classname="org.apache.commons.collections4.map.LinkedMap_ESTest" time="0.001"/>
  <testcase name="test1011" classname="org.apache.commons.collections4.map.LinkedMap_ESTest" time="0"/>
  <testcase name="test10" classname="org.apache.commons.collections4.map.LinkedMap_ESTest" time="0.001"/>
  <testcase name="test16" classname="org.apache.commons.collections4.map.LinkedMap_ESTest" time="0"/>
  <testcase name="test15" classname="org.apache.commons.collections4.map.LinkedMap_ESTest" time="0.001"/>
  <testcase name="test14" classname="org.apache.commons.collections4.map.LinkedMap_ESTest" time="0"/>
  <testcase name="test947" classname="org.apache.commons.collections4.map.LinkedMap_ESTest" time="0.001"/>
  <testcase name="test706" classname="org.apache.commons.collections4.map.LinkedMap_ESTest" time="0"/>
  <testcase name="test827" classname="org.apache.commons.collections4.map.LinkedMap_ESTest" time="0.001"/>
  <testcase name="test703" classname="org.apache.commons.collections4.map.LinkedMap_ESTest" time="0"/>
  <testcase name="test945" classname="org.apache.commons.collections4.map.LinkedMap_ESTest" time="0.001"/>
  <testcase name="test704" classname="org.apache.commons.collections4.map.LinkedMap_ESTest" time="0"/>
  <testcase name="test709" classname="org.apache.commons.collections4.map.LinkedMap_ESTest" time="0.001"/>
  <testcase name="test707" classname="org.apache.commons.collections4.map.LinkedMap_ESTest" time="0"/>
  <testcase name="test268" classname="org.apache.commons.collections4.map.LinkedMap_ESTest" time="0.001"/>
  <testcase name="test940" classname="org.apache.commons.collections4.map.LinkedMap_ESTest" time="0"/>
  <testcase name="test266" classname="org.apache.commons.collections4.map.LinkedMap_ESTest" time="0"/>
  <testcase name="test387" classname="org.apache.commons.collections4.map.LinkedMap_ESTest" time="0.001"/>
  <testcase name="test701" classname="org.apache.commons.collections4.map.LinkedMap_ESTest" time="0"/>
  <testcase name="test943" classname="org.apache.commons.collections4.map.LinkedMap_ESTest" time="0.001"/>
  <testcase name="test700" classname="org.apache.commons.collections4.map.LinkedMap_ESTest" time="0"/>
  <testcase name="test942" classname="org.apache.commons.collections4.map.LinkedMap_ESTest" time="0.001"/>
  <testcase name="test381" classname="org.apache.commons.collections4.map.LinkedMap_ESTest" time="0"/>
  <testcase name="test264" classname="org.apache.commons.collections4.map.LinkedMap_ESTest" time="0"/>
  <testcase name="test262" classname="org.apache.commons.collections4.map.LinkedMap_ESTest" time="0.001"/>
  <testcase name="test384" classname="org.apache.commons.collections4.map.LinkedMap_ESTest" time="0"/>
  <testcase name="test1021" classname="org.apache.commons.collections4.map.LinkedMap_ESTest" time="0.001"/>
  <testcase name="test1022" classname="org.apache.commons.collections4.map.LinkedMap_ESTest" time="0"/>
  <testcase name="test1023" classname="org.apache.commons.collections4.map.LinkedMap_ESTest" time="0.001"/>
  <testcase name="test1024" classname="org.apache.commons.collections4.map.LinkedMap_ESTest" time="0"/>
  <testcase name="test1025" classname="org.apache.commons.collections4.map.LinkedMap_ESTest" time="0.001"/>
  <testcase name="test1026" classname="org.apache.commons.collections4.map.LinkedMap_ESTest" time="0"/>
  <testcase name="test1027" classname="org.apache.commons.collections4.map.LinkedMap_ESTest" time="0.001"/>
  <testcase name="test1028" classname="org.apache.commons.collections4.map.LinkedMap_ESTest" time="0"/>
  <testcase name="test816" classname="org.apache.commons.collections4.map.LinkedMap_ESTest" time="0"/>
  <testcase name="test937" classname="org.apache.commons.collections4.map.LinkedMap_ESTest" time="0.001"/>
  <testcase name="test813" classname="org.apache.commons.collections4.map.LinkedMap_ESTest" time="0"/>
  <testcase name="test934" classname="org.apache.commons.collections4.map.LinkedMap_ESTest" time="0.001"/>
  <testcase name="test819" classname="org.apache.commons.collections4.map.LinkedMap_ESTest" time="0"/>
  <testcase name="test817" classname="org.apache.commons.collections4.map.LinkedMap_ESTest" time="0"/>
  <testcase name="test938" classname="org.apache.commons.collections4.map.LinkedMap_ESTest" time="0.001"/>
  <testcase name="test818" classname="org.apache.commons.collections4.map.LinkedMap_ESTest" time="0"/>
  <testcase name="test1020" classname="org.apache.commons.collections4.map.LinkedMap_ESTest" time="0.001"/>
  <testcase name="test257" classname="org.apache.commons.collections4.map.LinkedMap_ESTest" time="0.001"/>
  <testcase name="test258" classname="org.apache.commons.collections4.map.LinkedMap_ESTest" time="0.001"/>
  <testcase name="test376" classname="org.apache.commons.collections4.map.LinkedMap_ESTest" time="0"/>
  <testcase name="test497" classname="org.apache.commons.collections4.map.LinkedMap_ESTest" time="0.001"/>
  <testcase name="test932" classname="org.apache.commons.collections4.map.LinkedMap_ESTest" time="0"/>
  <testcase name="test931" classname="org.apache.commons.collections4.map.LinkedMap_ESTest" time="0.001"/>
  <testcase name="test891" classname="org.apache.commons.collections4.map.LinkedMap_ESTest" time="0"/>
  <testcase name="test771" classname="org.apache.commons.collections4.map.LinkedMap_ESTest" time="0.003"/>
  <testcase name="test408" classname="org.apache.commons.collections4.map.LinkedMap_ESTest" time="0"/>
  <testcase name="test409" classname="org.apache.commons.collections4.map.LinkedMap_ESTest" time="0.001"/>
  <testcase name="test527" classname="org.apache.commons.collections4.map.LinkedMap_ESTest" time="0"/>
  <testcase name="test528" classname="org.apache.commons.collections4.map.LinkedMap_ESTest" time="0.001"/>
  <testcase name="test400" classname="org.apache.commons.collections4.map.LinkedMap_ESTest" time="0"/>
  <testcase name="test884" classname="org.apache.commons.collections4.map.LinkedMap_ESTest" time="0.001"/>
  <testcase name="test761" classname="org.apache.commons.collections4.map.LinkedMap_ESTest" time="0"/>
  <testcase name="test520" classname="org.apache.commons.collections4.map.LinkedMap_ESTest" time="0.001"/>
  <testcase name="test762" classname="org.apache.commons.collections4.map.LinkedMap_ESTest" time="0"/>
  <testcase name="test403" classname="org.apache.commons.collections4.map.LinkedMap_ESTest" time="0.001"/>
  <testcase name="test524" classname="org.apache.commons.collections4.map.LinkedMap_ESTest" time="0"/>
  <testcase name="test1007" classname="org.apache.commons.collections4.map.LinkedMap_ESTest" time="0.001"/>
  <testcase name="test1008" classname="org.apache.commons.collections4.map.LinkedMap_ESTest" time="0.001"/>
  <testcase name="test1009" classname="org.apache.commons.collections4.map.LinkedMap_ESTest" time="0"/>
  <testcase name="test760" classname="org.apache.commons.collections4.map.LinkedMap_ESTest" time="0.001"/>
  <testcase name="test881" classname="org.apache.commons.collections4.map.LinkedMap_ESTest" time="0.001"/>
  <testcase name="test1000" classname="org.apache.commons.collections4.map.LinkedMap_ESTest" time="0"/>
  <testcase name="test1002" classname="org.apache.commons.collections4.map.LinkedMap_ESTest" time="0.001"/>
  <testcase name="test1003" classname="org.apache.commons.collections4.map.LinkedMap_ESTest" time="0.001"/>
  <testcase name="test1005" classname="org.apache.commons.collections4.map.LinkedMap_ESTest" time="0"/>
  <testcase name="test1006" classname="org.apache.commons.collections4.map.LinkedMap_ESTest" time="0.001"/>
  <testcase name="test518" classname="org.apache.commons.collections4.map.LinkedMap_ESTest" time="0"/>
  <testcase name="test639" classname="org.apache.commons.collections4.map.LinkedMap_ESTest" time="0"/>
  <testcase name="test519" classname="org.apache.commons.collections4.map.LinkedMap_ESTest" time="0.001"/>
  <testcase name="test637" classname="org.apache.commons.collections4.map.LinkedMap_ESTest" time="0"/>
  <testcase name="test879" classname="org.apache.commons.collections4.map.LinkedMap_ESTest" time="0"/>
  <testcase name="test638" classname="org.apache.commons.collections4.map.LinkedMap_ESTest" time="0"/>
  <testcase name="test994" classname="org.apache.commons.collections4.map.LinkedMap_ESTest" time="0.001"/>
  <testcase name="test992" classname="org.apache.commons.collections4.map.LinkedMap_ESTest" time="0"/>
  <testcase name="test872" classname="org.apache.commons.collections4.map.LinkedMap_ESTest" time="0.001"/>
  <testcase name="test993" classname="org.apache.commons.collections4.map.LinkedMap_ESTest" time="0"/>
  <testcase name="test635" classname="org.apache.commons.collections4.map.LinkedMap_ESTest" time="0.001"/>
  <testcase name="test877" classname="org.apache.commons.collections4.map.LinkedMap_ESTest" time="0"/>
  <testcase name="test998" classname="org.apache.commons.collections4.map.LinkedMap_ESTest" time="0"/>
  <testcase name="test636" classname="org.apache.commons.collections4.map.LinkedMap_ESTest" time="0.001"/>
  <testcase name="test878" classname="org.apache.commons.collections4.map.LinkedMap_ESTest" time="0"/>
  <testcase name="test999" classname="org.apache.commons.collections4.map.LinkedMap_ESTest" time="0.001"/>
  <testcase name="test512" classname="org.apache.commons.collections4.map.LinkedMap_ESTest" time="0"/>
  <testcase name="test633" classname="org.apache.commons.collections4.map.LinkedMap_ESTest" time="0.001"/>
  <testcase name="test755" classname="org.apache.commons.collections4.map.LinkedMap_ESTest" time="0"/>
  <testcase name="test876" classname="org.apache.commons.collections4.map.LinkedMap_ESTest" time="0.001"/>
  <testcase name="test194" classname="org.apache.commons.collections4.map.LinkedMap_ESTest" time="0"/>
  <testcase name="test193" classname="org.apache.commons.collections4.map.LinkedMap_ESTest" time="0.001"/>
  <testcase name="test198" classname="org.apache.commons.collections4.map.LinkedMap_ESTest" time="0"/>
  <testcase name="test990" classname="org.apache.commons.collections4.map.LinkedMap_ESTest" time="0.001"/>
  <testcase name="test199" classname="org.apache.commons.collections4.map.LinkedMap_ESTest" time="0"/>
  <testcase name="test991" classname="org.apache.commons.collections4.map.LinkedMap_ESTest" time="0.001"/>
  <testcase name="test190" classname="org.apache.commons.collections4.map.LinkedMap_ESTest" time="0"/>
  <testcase name="test508" classname="org.apache.commons.collections4.map.LinkedMap_ESTest" time="0.001"/>
  <testcase name="test868" classname="org.apache.commons.collections4.map.LinkedMap_ESTest" time="0.001"/>
  <testcase name="test748" classname="org.apache.commons.collections4.map.LinkedMap_ESTest" time="0"/>
  <testcase name="test869" classname="org.apache.commons.collections4.map.LinkedMap_ESTest" time="0.001"/>
  <testcase name="test741" classname="org.apache.commons.collections4.map.LinkedMap_ESTest" time="0"/>
  <testcase name="test862" classname="org.apache.commons.collections4.map.LinkedMap_ESTest" time="0.001"/>
  <testcase name="test500" classname="org.apache.commons.collections4.map.LinkedMap_ESTest" time="0"/>
  <testcase name="test984" classname="org.apache.commons.collections4.map.LinkedMap_ESTest" time="0"/>
  <testcase name="test189" classname="org.apache.commons.collections4.map.LinkedMap_ESTest" time="0"/>
  <testcase name="test981" classname="org.apache.commons.collections4.map.LinkedMap_ESTest" time="0"/>
  <testcase name="test861" classname="org.apache.commons.collections4.map.LinkedMap_ESTest" time="0.001"/>
  <testcase name="test866" classname="org.apache.commons.collections4.map.LinkedMap_ESTest" time="0"/>
  <testcase name="test501" classname="org.apache.commons.collections4.map.LinkedMap_ESTest" time="0.004"/>
  <testcase name="test864" classname="org.apache.commons.collections4.map.LinkedMap_ESTest" time="0"/>
  <testcase name="test985" classname="org.apache.commons.collections4.map.LinkedMap_ESTest" time="0.001"/>
  <testcase name="test502" classname="org.apache.commons.collections4.map.LinkedMap_ESTest" time="0"/>
  <testcase name="test744" classname="org.apache.commons.collections4.map.LinkedMap_ESTest" time="0.001"/>
  <testcase name="test865" classname="org.apache.commons.collections4.map.LinkedMap_ESTest" time="0"/>
  <testcase name="test986" classname="org.apache.commons.collections4.map.LinkedMap_ESTest" time="0"/>
  <testcase name="test980" classname="org.apache.commons.collections4.map.LinkedMap_ESTest" time="0.001"/>
  <testcase name="test180" classname="org.apache.commons.collections4.map.LinkedMap_ESTest" time="0"/>
  <testcase name="test739" classname="org.apache.commons.collections4.map.LinkedMap_ESTest" time="0"/>
  <testcase name="test857" classname="org.apache.commons.collections4.map.LinkedMap_ESTest" time="0.001"/>
  <testcase name="test978" classname="org.apache.commons.collections4.map.LinkedMap_ESTest" time="0"/>
  <testcase name="test616" classname="org.apache.commons.collections4.map.LinkedMap_ESTest" time="0.001"/>
  <testcase name="test979" classname="org.apache.commons.collections4.map.LinkedMap_ESTest" time="0"/>
  <testcase name="test972" classname="org.apache.commons.collections4.map.LinkedMap_ESTest" time="0"/>
  <testcase name="test610" classname="org.apache.commons.collections4.map.LinkedMap_ESTest" time="0.001"/>
  <testcase name="test852" classname="org.apache.commons.collections4.map.LinkedMap_ESTest" time="0"/>
  <testcase name="test973" classname="org.apache.commons.collections4.map.LinkedMap_ESTest" time="0.001"/>
  <testcase name="test178" classname="org.apache.commons.collections4.map.LinkedMap_ESTest" time="0"/>
  <testcase name="test299" classname="org.apache.commons.collections4.map.LinkedMap_ESTest" time="0"/>
  <testcase name="test970" classname="org.apache.commons.collections4.map.LinkedMap_ESTest" time="0.001"/>
  <testcase name="test850" classname="org.apache.commons.collections4.map.LinkedMap_ESTest" time="0"/>
  <testcase name="test971" classname="org.apache.commons.collections4.map.LinkedMap_ESTest" time="0"/>
  <testcase name="test614" classname="org.apache.commons.collections4.map.LinkedMap_ESTest" time="0"/>
  <testcase name="test735" classname="org.apache.commons.collections4.map.LinkedMap_ESTest" time="0"/>
  <testcase name="test856" classname="org.apache.commons.collections4.map.LinkedMap_ESTest" time="0.001"/>
  <testcase name="test611" classname="org.apache.commons.collections4.map.LinkedMap_ESTest" time="0"/>
  <testcase name="test732" classname="org.apache.commons.collections4.map.LinkedMap_ESTest" time="0"/>
  <testcase name="test612" classname="org.apache.commons.collections4.map.LinkedMap_ESTest" time="0.001"/>
  <testcase name="test854" classname="org.apache.commons.collections4.map.LinkedMap_ESTest" time="0"/>
  <testcase name="test330" classname="org.apache.commons.collections4.map.LinkedMap_ESTest" time="0"/>
  <testcase name="test572" classname="org.apache.commons.collections4.map.LinkedMap_ESTest" time="0"/>
  <testcase name="test694" classname="org.apache.commons.collections4.map.LinkedMap_ESTest" time="0"/>
  <testcase name="test570" classname="org.apache.commons.collections4.map.LinkedMap_ESTest" time="0.001"/>
  <testcase name="test691" classname="org.apache.commons.collections4.map.LinkedMap_ESTest" time="0"/>
  <testcase name="test571" classname="org.apache.commons.collections4.map.LinkedMap_ESTest" time="0"/>
  <testcase name="test692" classname="org.apache.commons.collections4.map.LinkedMap_ESTest" time="0.001"/>
  <testcase name="test445" classname="org.apache.commons.collections4.map.LinkedMap_ESTest" time="0"/>
  <testcase name="test687" classname="org.apache.commons.collections4.map.LinkedMap_ESTest" time="0.001"/>
  <testcase name="test200" classname="org.apache.commons.collections4.map.LinkedMap_ESTest" time="0"/>
  <testcase name="test442" classname="org.apache.commons.collections4.map.LinkedMap_ESTest" time="0"/>
  <testcase name="test684" classname="org.apache.commons.collections4.map.LinkedMap_ESTest" time="0.001"/>
  <testcase name="test443" classname="org.apache.commons.collections4.map.LinkedMap_ESTest" time="0"/>
  <testcase name="test564" classname="org.apache.commons.collections4.map.LinkedMap_ESTest" time="0.001"/>
  <testcase name="test448" classname="org.apache.commons.collections4.map.LinkedMap_ESTest" time="0"/>
  <testcase name="test328" classname="org.apache.commons.collections4.map.LinkedMap_ESTest" time="0"/>
  <testcase name="test204" classname="org.apache.commons.collections4.map.LinkedMap_ESTest" time="0.001"/>
  <testcase name="test568" classname="org.apache.commons.collections4.map.LinkedMap_ESTest" time="0"/>
  <testcase name="test562" classname="org.apache.commons.collections4.map.LinkedMap_ESTest" time="0"/>
  <testcase name="test560" classname="org.apache.commons.collections4.map.LinkedMap_ESTest" time="0.001"/>
  <testcase name="test681" classname="org.apache.commons.collections4.map.LinkedMap_ESTest" time="0"/>
  <testcase name="test318" classname="org.apache.commons.collections4.map.LinkedMap_ESTest" time="0"/>
  <testcase name="test439" classname="org.apache.commons.collections4.map.LinkedMap_ESTest" time="0.001"/>
  <testcase name="test675" classname="org.apache.commons.collections4.map.LinkedMap_ESTest" time="0"/>
  <testcase name="test796" classname="org.apache.commons.collections4.map.LinkedMap_ESTest" time="0"/>
  <testcase name="test313" classname="org.apache.commons.collections4.map.LinkedMap_ESTest" time="0.001"/>
  <testcase name="test676" classname="org.apache.commons.collections4.map.LinkedMap_ESTest" time="0"/>
  <testcase name="test431" classname="org.apache.commons.collections4.map.LinkedMap_ESTest" time="0"/>
  <testcase name="test673" classname="org.apache.commons.collections4.map.LinkedMap_ESTest" time="0"/>
  <testcase name="test432" classname="org.apache.commons.collections4.map.LinkedMap_ESTest" time="0"/>
  <testcase name="test316" classname="org.apache.commons.collections4.map.LinkedMap_ESTest" time="0.001"/>
  <testcase name="test437" classname="org.apache.commons.collections4.map.LinkedMap_ESTest" time="0"/>
  <testcase name="test559" classname="org.apache.commons.collections4.map.LinkedMap_ESTest" time="0"/>
  <testcase name="test435" classname="org.apache.commons.collections4.map.LinkedMap_ESTest" time="0.001"/>
  <testcase name="test677" classname="org.apache.commons.collections4.map.LinkedMap_ESTest" time="0"/>
  <testcase name="test436" classname="org.apache.commons.collections4.map.LinkedMap_ESTest" time="0.001"/>
  <testcase name="test557" classname="org.apache.commons.collections4.map.LinkedMap_ESTest" time="0"/>
  <testcase name="test678" classname="org.apache.commons.collections4.map.LinkedMap_ESTest" time="0.001"/>
  <testcase name="test799" classname="org.apache.commons.collections4.map.LinkedMap_ESTest" time="0"/>
  <testcase name="test430" classname="org.apache.commons.collections4.map.LinkedMap_ESTest" time="0"/>
  <testcase name="test672" classname="org.apache.commons.collections4.map.LinkedMap_ESTest" time="0.001"/>
  <testcase name="test670" classname="org.apache.commons.collections4.map.LinkedMap_ESTest" time="0"/>
  <testcase name="test791" classname="org.apache.commons.collections4.map.LinkedMap_ESTest" time="0.001"/>
  <testcase name="test98" classname="org.apache.commons.collections4.map.LinkedMap_ESTest" time="0"/>
  <testcase name="test97" classname="org.apache.commons.collections4.map.LinkedMap_ESTest" time="0"/>
  <testcase name="test91" classname="org.apache.commons.collections4.map.LinkedMap_ESTest" time="0.001"/>
  <testcase name="test96" classname="org.apache.commons.collections4.map.LinkedMap_ESTest" time="0.001"/>
  <testcase name="test301" classname="org.apache.commons.collections4.map.LinkedMap_ESTest" time="0"/>
  <testcase name="test422" classname="org.apache.commons.collections4.map.LinkedMap_ESTest" time="0"/>
  <testcase name="test423" classname="org.apache.commons.collections4.map.LinkedMap_ESTest" time="0.001"/>
  <testcase name="test665" classname="org.apache.commons.collections4.map.LinkedMap_ESTest" time="0"/>
  <testcase name="test786" classname="org.apache.commons.collections4.map.LinkedMap_ESTest" time="0.001"/>
  <testcase name="test420" classname="org.apache.commons.collections4.map.LinkedMap_ESTest" time="0"/>
  <testcase name="test662" classname="org.apache.commons.collections4.map.LinkedMap_ESTest" time="0"/>
  <testcase name="test783" classname="org.apache.commons.collections4.map.LinkedMap_ESTest" time="0.001"/>
  <testcase name="test421" classname="org.apache.commons.collections4.map.LinkedMap_ESTest" time="0"/>
  <testcase name="test663" classname="org.apache.commons.collections4.map.LinkedMap_ESTest" time="0"/>
  <testcase name="test305" classname="org.apache.commons.collections4.map.LinkedMap_ESTest" time="0.001"/>
  <testcase name="test668" classname="org.apache.commons.collections4.map.LinkedMap_ESTest" time="0"/>
  <testcase name="test669" classname="org.apache.commons.collections4.map.LinkedMap_ESTest" time="0"/>
  <testcase name="test303" classname="org.apache.commons.collections4.map.LinkedMap_ESTest" time="0.001"/>
  <testcase name="test545" classname="org.apache.commons.collections4.map.LinkedMap_ESTest" time="0"/>
  <testcase name="test787" classname="org.apache.commons.collections4.map.LinkedMap_ESTest" time="0"/>
  <testcase name="test304" classname="org.apache.commons.collections4.map.LinkedMap_ESTest" time="0.001"/>
  <testcase name="test788" classname="org.apache.commons.collections4.map.LinkedMap_ESTest" time="0"/>
  <testcase name="test780" classname="org.apache.commons.collections4.map.LinkedMap_ESTest" time="0.001"/>
  <testcase name="test81" classname="org.apache.commons.collections4.map.LinkedMap_ESTest" time="0.001"/>
  <testcase name="test80" classname="org.apache.commons.collections4.map.LinkedMap_ESTest" time="0.001"/>
  <testcase name="test417" classname="org.apache.commons.collections4.map.LinkedMap_ESTest" time="0"/>
  <testcase name="test538" classname="org.apache.commons.collections4.map.LinkedMap_ESTest" time="0.001"/>
  <testcase name="test418" classname="org.apache.commons.collections4.map.LinkedMap_ESTest" time="0"/>
  <testcase name="test85" classname="org.apache.commons.collections4.map.LinkedMap_ESTest" time="0.001"/>
  <testcase name="test84" classname="org.apache.commons.collections4.map.LinkedMap_ESTest" time="0.001"/>
  <testcase name="test411" classname="org.apache.commons.collections4.map.LinkedMap_ESTest" time="0"/>
  <testcase name="test653" classname="org.apache.commons.collections4.map.LinkedMap_ESTest" time="0"/>
  <testcase name="test412" classname="org.apache.commons.collections4.map.LinkedMap_ESTest" time="0.001"/>
  <testcase name="test775" classname="org.apache.commons.collections4.map.LinkedMap_ESTest" time="0"/>
  <testcase name="test651" classname="org.apache.commons.collections4.map.LinkedMap_ESTest" time="0"/>
  <testcase name="test531" classname="org.apache.commons.collections4.map.LinkedMap_ESTest" time="0.001"/>
  <testcase name="test652" classname="org.apache.commons.collections4.map.LinkedMap_ESTest" time="0"/>
  <testcase name="test894" classname="org.apache.commons.collections4.map.LinkedMap_ESTest" time="0.001"/>
  <testcase name="test778" classname="org.apache.commons.collections4.map.LinkedMap_ESTest" time="0"/>
  <testcase name="test413" classname="org.apache.commons.collections4.map.LinkedMap_ESTest" time="0"/>
  <testcase name="test534" classname="org.apache.commons.collections4.map.LinkedMap_ESTest" time="0.001"/>
  <testcase name="test655" classname="org.apache.commons.collections4.map.LinkedMap_ESTest" time="0"/>
  <testcase name="test897" classname="org.apache.commons.collections4.map.LinkedMap_ESTest" time="0"/>
</testsuite>