<?xml version="1.0" encoding="UTF-8"?>
<testsuite name="org.apache.commons.imaging.formats.tiff.datareaders.DataReaderStrips_ESTest" time="6.678" tests="43" errors="0" skipped="0" failures="0">
  <properties>
[...]
</properties>
  <testcase name="test533" classname="org.apache.commons.imaging.formats.tiff.datareaders.DataReaderStrips_ESTest" time="0.103"/>
  <testcase name="test731" classname="org.apache.commons.imaging.formats.tiff.datareaders.DataReaderStrips_ESTest" time="0.142"/>
  <testcase name="test235" classname="org.apache.commons.imaging.formats.tiff.datareaders.DataReaderStrips_ESTest" time="0.22"/>
  <testcase name="test774" classname="org.apache.commons.imaging.formats.tiff.datareaders.DataReaderStrips_ESTest" time="0.097"/>
  <testcase name="test157" classname="org.apache.commons.imaging.formats.tiff.datareaders.DataReaderStrips_ESTest" time="0.115"/>
  <testcase name="test355" classname="org.apache.commons.imaging.formats.tiff.datareaders.DataReaderStrips_ESTest" time="0.134"/>
  <testcase name="test410" classname="org.apache.commons.imaging.formats.tiff.datareaders.DataReaderStrips_ESTest" time="0.163"/>
  <testcase name="test630" classname="org.apache.commons.imaging.formats.tiff.datareaders.DataReaderStrips_ESTest" time="0.224"/>
  <testcase name="test872" classname="org.apache.commons.imaging.formats.tiff.datareaders.DataReaderStrips_ESTest" time="0.257"/>
  <testcase name="test636" classname="org.apache.commons.imaging.formats.tiff.datareaders.DataReaderStrips_ESTest" time="0.089"/>
  <testcase name="test834" classname="org.apache.commons.imaging.formats.tiff.datareaders.DataReaderStrips_ESTest" time="0.109"/>
  <testcase name="test878" classname="org.apache.commons.imaging.formats.tiff.datareaders.DataReaderStrips_ESTest" time="0.103"/>
  <testcase name="test535" classname="org.apache.commons.imaging.formats.tiff.datareaders.DataReaderStrips_ESTest" time="0.1"/>
  <testcase name="test479" classname="org.apache.commons.imaging.formats.tiff.datareaders.DataReaderStrips_ESTest" time="0.283"/>
  <testcase name="test875" classname="org.apache.commons.imaging.formats.tiff.datareaders.DataReaderStrips_ESTest" time="0.252"/>
  <testcase name="test319" classname="org.apache.commons.imaging.formats.tiff.datareaders.DataReaderStrips_ESTest" time="0.219"/>
  <testcase name="test938" classname="org.apache.commons.imaging.formats.tiff.datareaders.DataReaderStrips_ESTest" time="0.201"/>
  <testcase name="test485" classname="org.apache.commons.imaging.formats.tiff.datareaders.DataReaderStrips_ESTest" time="0.204"/>
  <testcase name="test164" classname="org.apache.commons.imaging.formats.tiff.datareaders.DataReaderStrips_ESTest" time="0.189"/>
  <testcase name="test560" classname="org.apache.commons.imaging.formats.tiff.datareaders.DataReaderStrips_ESTest" time="0.186"/>
  <testcase name="test163" classname="org.apache.commons.imaging.formats.tiff.datareaders.DataReaderStrips_ESTest" time="0.152"/>
  <testcase name="test225" classname="org.apache.commons.imaging.formats.tiff.datareaders.DataReaderStrips_ESTest" time="0.153"/>
  <testcase name="test940" classname="org.apache.commons.imaging.formats.tiff.datareaders.DataReaderStrips_ESTest" time="0.144"/>
  <testcase name="test840" classname="org.apache.commons.imaging.formats.tiff.datareaders.DataReaderStrips_ESTest" time="0.15"/>
  <testcase name="test_nothing" classname="org.apache.commons.imaging.formats.tiff.datareaders.DataReaderStrips_ESTest" time="0.135"/>
  <testcase name="test321" classname="org.apache.commons.imaging.formats.tiff.datareaders.DataReaderStrips_ESTest" time="0.132"/>
  <testcase name="test405" classname="org.apache.commons.imaging.formats.tiff.datareaders.DataReaderStrips_ESTest" time="0.133"/>
  <testcase name="test768" classname="org.apache.commons.imaging.formats.tiff.datareaders.DataReaderStrips_ESTest" time="0.148"/>
  <testcase name="test228" classname="org.apache.commons.imaging.formats.tiff.datareaders.DataReaderStrips_ESTest" time="0.164"/>
  <testcase name="test844" classname="org.apache.commons.imaging.formats.tiff.datareaders.DataReaderStrips_ESTest" time="0.195"/>
  <testcase name="test888" classname="org.apache.commons.imaging.formats.tiff.datareaders.DataReaderStrips_ESTest" time="0.248"/>
  <testcase name="test843" classname="org.apache.commons.imaging.formats.tiff.datareaders.DataReaderStrips_ESTest" time="0.107"/>
  <testcase name="test920" classname="org.apache.commons.imaging.formats.tiff.datareaders.DataReaderStrips_ESTest" time="0.104"/>
  <testcase name="test942" classname="org.apache.commons.imaging.formats.tiff.datareaders.DataReaderStrips_ESTest" time="0.109"/>
  <testcase name="test409" classname="org.apache.commons.imaging.formats.tiff.datareaders.DataReaderStrips_ESTest" time="0.116"/>
  <testcase name="test529" classname="org.apache.commons.imaging.formats.tiff.datareaders.DataReaderStrips_ESTest" time="0.111"/>
  <testcase name="test407" classname="org.apache.commons.imaging.formats.tiff.datareaders.DataReaderStrips_ESTest" time="0.11"/>
  <testcase name="test648" classname="org.apache.commons.imaging.formats.tiff.datareaders.DataReaderStrips_ESTest" time="0.111"/>
  <testcase name="test703" classname="org.apache.commons.imaging.formats.tiff.datareaders.DataReaderStrips_ESTest" time="0.114"/>
  <testcase name="test73" classname="org.apache.commons.imaging.formats.tiff.datareaders.DataReaderStrips_ESTest" time="0.136"/>
  <testcase name="test94" classname="org.apache.commons.imaging.formats.tiff.datareaders.DataReaderStrips_ESTest" time="0.141"/>
  <testcase name="test130" classname="org.apache.commons.imaging.formats.tiff.datareaders.DataReaderStrips_ESTest" time="0.167"/>
  <testcase name="test493" classname="org.apache.commons.imaging.formats.tiff.datareaders.DataReaderStrips_ESTest" time="0.208"/>
</testsuite>