<?xml version="1.0" encoding="UTF-8"?>
<testsuite xmlns:xsi="http://www.w3.org/2001/XMLSchema-instance" xsi:noNamespaceSchemaLocation="https://maven.apache.org/surefire/maven-surefire-plugin/xsd/surefire-test-report.xsd" name="spark.ssl.SslStores_ESTest" time="0.16" tests="65" errors="0" skipped="0" failures="0">
  <properties>
[...]
</properties>
  <testcase name="test21" classname="spark.ssl.SslStores_ESTest" time="0.004"/>
  <testcase name="test20" classname="spark.ssl.SslStores_ESTest" time="0"/>
  <testcase name="test64" classname="spark.ssl.SslStores_ESTest" time="0"/>
  <testcase name="test23" classname="spark.ssl.SslStores_ESTest" time="0.001"/>
  <testcase name="test67" classname="spark.ssl.SslStores_ESTest" time="0.001"/>
  <testcase name="test22" classname="spark.ssl.SslStores_ESTest" time="0"/>
  <testcase name="test66" classname="spark.ssl.SslStores_ESTest" time="0.001"/>
  <testcase name="test25" classname="spark.ssl.SslStores_ESTest" time="0"/>
  <testcase name="test69" classname="spark.ssl.SslStores_ESTest" time="0.001"/>
  <testcase name="test24" classname="spark.ssl.SslStores_ESTest" time="0.001"/>
  <testcase name="test27" classname="spark.ssl.SslStores_ESTest" time="0"/>
  <testcase name="test26" classname="spark.ssl.SslStores_ESTest" time="0.001"/>
  <testcase name="test29" classname="spark.ssl.SslStores_ESTest" time="0.001"/>
  <testcase name="test7" classname="spark.ssl.SslStores_ESTest" time="0"/>
  <testcase name="test8" classname="spark.ssl.SslStores_ESTest" time="0"/>
  <testcase name="test9" classname="spark.ssl.SslStores_ESTest" time="0.002"/>
  <testcase name="test3" classname="spark.ssl.SslStores_ESTest" time="0"/>
  <testcase name="test4" classname="spark.ssl.SslStores_ESTest" time="0.001"/>
  <testcase name="test5" classname="spark.ssl.SslStores_ESTest" time="0"/>
  <testcase name="test61" classname="spark.ssl.SslStores_ESTest" time="0.001"/>
  <testcase name="test63" classname="spark.ssl.SslStores_ESTest" time="0.001"/>
  <testcase name="test62" classname="spark.ssl.SslStores_ESTest" time="0"/>
  <testcase name="test32" classname="spark.ssl.SslStores_ESTest" time="0.001"/>
  <testcase name="test31" classname="spark.ssl.SslStores_ESTest" time="0"/>
  <testcase name="test75" classname="spark.ssl.SslStores_ESTest" time="0.001"/>
  <testcase name="test34" classname="spark.ssl.SslStores_ESTest" time="0"/>
  <testcase name="test33" classname="spark.ssl.SslStores_ESTest" time="0.001"/>
  <testcase name="test77" classname="spark.ssl.SslStores_ESTest" time="0"/>
  <testcase name="test36" classname="spark.ssl.SslStores_ESTest" time="0.001"/>
  <testcase name="test38" classname="spark.ssl.SslStores_ESTest" time="0"/>
  <testcase name="test37" classname="spark.ssl.SslStores_ESTest" time="0.001"/>
  <testcase name="test39" classname="spark.ssl.SslStores_ESTest" time="0"/>
  <testcase name="test1" classname="spark.ssl.SslStores_ESTest" time="0.001"/>
  <testcase name="test72" classname="spark.ssl.SslStores_ESTest" time="0"/>
  <testcase name="test71" classname="spark.ssl.SslStores_ESTest" time="0.001"/>
  <testcase name="test30" classname="spark.ssl.SslStores_ESTest" time="0"/>
  <testcase name="test74" classname="spark.ssl.SslStores_ESTest" time="0.001"/>
  <testcase name="test73" classname="spark.ssl.SslStores_ESTest" time="0"/>
  <testcase name="test42" classname="spark.ssl.SslStores_ESTest" time="0.001"/>
  <testcase name="test45" classname="spark.ssl.SslStores_ESTest" time="0"/>
  <testcase name="test44" classname="spark.ssl.SslStores_ESTest" time="0.005"/>
  <testcase name="test47" classname="spark.ssl.SslStores_ESTest" time="0"/>
  <testcase name="test46" classname="spark.ssl.SslStores_ESTest" time="0"/>
  <testcase name="test49" classname="spark.ssl.SslStores_ESTest" time="0.001"/>
  <testcase name="test48" classname="spark.ssl.SslStores_ESTest" time="0.001"/>
  <testcase name="test41" classname="spark.ssl.SslStores_ESTest" time="0.001"/>
  <testcase name="test40" classname="spark.ssl.SslStores_ESTest" time="0"/>
  <testcase name="test10" classname="spark.ssl.SslStores_ESTest" time="0"/>
  <testcase name="test53" classname="spark.ssl.SslStores_ESTest" time="0.001"/>
  <testcase name="test12" classname="spark.ssl.SslStores_ESTest" time="0.001"/>
  <testcase name="test56" classname="spark.ssl.SslStores_ESTest" time="0.001"/>
  <testcase name="test14" classname="spark.ssl.SslStores_ESTest" time="0.001"/>
  <testcase name="test58" classname="spark.ssl.SslStores_ESTest" time="0.001"/>
  <testcase name="test13" classname="spark.ssl.SslStores_ESTest" time="0"/>
  <testcase name="test57" classname="spark.ssl.SslStores_ESTest" time="0.001"/>
  <testcase name="test16" classname="spark.ssl.SslStores_ESTest" time="0"/>
  <testcase name="test15" classname="spark.ssl.SslStores_ESTest" time="0.001"/>
  <testcase name="test59" classname="spark.ssl.SslStores_ESTest" time="0"/>
  <testcase name="test18" classname="spark.ssl.SslStores_ESTest" time="0.001"/>
  <testcase name="test17" classname="spark.ssl.SslStores_ESTest" time="0"/>
  <testcase name="test19" classname="spark.ssl.SslStores_ESTest" time="0.001"/>
  <testcase name="test_nothing" classname="spark.ssl.SslStores_ESTest" time="0"/>
  <testcase name="test50" classname="spark.ssl.SslStores_ESTest" time="0.001"/>
  <testcase name="test52" classname="spark.ssl.SslStores_ESTest" time="0"/>
  <testcase name="test51" classname="spark.ssl.SslStores_ESTest" time="0.001"/>
</testsuite>