<?xml version="1.0" encoding="UTF-8"?>
<testsuite xmlns:xsi="http://www.w3.org/2001/XMLSchema-instance" xsi:noNamespaceSchemaLocation="https://maven.apache.org/surefire/maven-surefire-plugin/xsd/surefire-test-report-3.0.xsd" version="3.0" name="org.apache.commons.lang3.event.EventUtils_ESTest" time="0.018" tests="4" errors="0" skipped="0" failures="0">
  <properties>
[...]
</properties>
  <testcase name="test1" classname="org.apache.commons.lang3.event.EventUtils_ESTest" time="0.002"/>
  <testcase name="test0" classname="org.apache.commons.lang3.event.EventUtils_ESTest" time="0.001"/>
  <testcase name="test3" classname="org.apache.commons.lang3.event.EventUtils_ESTest" time="0"/>
  <testcase name="test2" classname="org.apache.commons.lang3.event.EventUtils_ESTest" time="0.001"/>
</testsuite>